Script started on Sat 29 Sep 2018 02:36:39 PM PDT
]0;havishchennamraj@ubuntu: ~/AOS/Vcpu-Scheduler-and-Memory-Coordinator/cs6210Project1_test/test/memory[01;32mhavishchennamraj@ubuntu[00m:[01;34m~/AOS/Vcpu-Scheduler-and-Memory-Coordinator/cs6210Project1_test/test/memory[00m$ python monitor.py 
firsttest: 512.0 274.69921875
secondtest: 512.0 274.90234375
thirdtest: 512.0 275.3125
fourthtest: 512.0 274.484375
--------------------------------------------------------------------------------
total  :             12037692 KiB
free   :              5784120 KiB
buffers:                15760 KiB
cached :               448416 KiB


--------------------------------------------------------------------------------
firsttest: 512.0 274.69921875
secondtest: 512.0 274.90234375
thirdtest: 512.0 275.3125
fourthtest: 512.0 274.484375
--------------------------------------------------------------------------------
total  :             12037692 KiB
free   :              5783936 KiB
buffers:                15768 KiB
cached :               448416 KiB


--------------------------------------------------------------------------------
firsttest: 512.0 274.69921875
secondtest: 512.0 274.93359375
thirdtest: 512.0 275.3125
fourthtest: 512.0 274.484375
--------------------------------------------------------------------------------
total  :             12037692 KiB
free   :              5724340 KiB
buffers:                15776 KiB
cached :               448412 KiB


--------------------------------------------------------------------------------
firsttest: 512.0 232.29296875
secondtest: 512.0 233.8125
thirdtest: 512.0 250.7578125
fourthtest: 512.0 244.52734375
--------------------------------------------------------------------------------
total  :             12037692 KiB
free   :              5668972 KiB
buffers:                15776 KiB
cached :               449392 KiB


--------------------------------------------------------------------------------
firsttest: 442.3125 106.71875
secondtest: 441.85546875 113.203125
thirdtest: 436.7734375 124.3671875
fourthtest: 438.64453125 120.6484375
--------------------------------------------------------------------------------
total  :             12037692 KiB
free   :              5153692 KiB
buffers:                15776 KiB
cached :               449392 KiB


--------------------------------------------------------------------------------
firsttest: 442.3125 75.23828125
secondtest: 441.85546875 73.66015625
thirdtest: 436.7734375 67.81640625
fourthtest: 438.64453125 72.5859375
--------------------------------------------------------------------------------
total  :             12037692 KiB
free   :              4984212 KiB
buffers:                15784 KiB
cached :               449392 KiB


--------------------------------------------------------------------------------
firsttest: 1442.9609375 1055.30078125
secondtest: 1873.85546875 1338.66796875
thirdtest: 562.00390625 173.7734375
fourthtest: 1000.6484375 618.3828125
--------------------------------------------------------------------------------
total  :             12037692 KiB
free   :              2517356 KiB
buffers:                15784 KiB
cached :               449396 KiB


--------------------------------------------------------------------------------
firsttest: 1126.37109375 706.55859375
secondtest: 1483.21875 1078.15625
thirdtest: 562.00390625 124.00390625
fourthtest: 815.1328125 390.2421875
--------------------------------------------------------------------------------
total  :             12037692 KiB
free   :              2479296 KiB
buffers:                15784 KiB
cached :               449396 KiB


--------------------------------------------------------------------------------
firsttest: 914.40625 454.5625
secondtest: 1159.7734375 722.4921875
thirdtest: 562.00390625 71.453125
fourthtest: 698.0625 227.40234375
--------------------------------------------------------------------------------
total  :             12037692 KiB
free   :              2462560 KiB
buffers:                15792 KiB
cached :               449396 KiB


--------------------------------------------------------------------------------
firsttest: 772.0390625 275.34375
secondtest: 936.02734375 468.1953125
thirdtest: 904.12109375 398.51171875
fourthtest: 698.0625 178.359375
--------------------------------------------------------------------------------
total  :             12037692 KiB
free   :              2144388 KiB
buffers:                15792 KiB
cached :               449404 KiB


--------------------------------------------------------------------------------
firsttest: 695.4375 147.10546875
secondtest: 782.5703125 286.5859375
thirdtest: 795.5703125 233.703125
fourthtest: 736.0625 131.6171875
--------------------------------------------------------------------------------
total  :             12037692 KiB
free   :              2137272 KiB
buffers:                15792 KiB
cached :               449404 KiB


--------------------------------------------------------------------------------
firsttest: 754.4375 91.22265625
secondtest: 716.59375 151.32421875
thirdtest: 795.5703125 155.5078125
fourthtest: 784.0390625 170.97265625
--------------------------------------------------------------------------------
total  :             12037692 KiB
free   :              1971908 KiB
buffers:                15800 KiB
cached :               449404 KiB


--------------------------------------------------------------------------------
firsttest: 1040.3515625 435.12890625
secondtest: 787.59375 93.92578125
thirdtest: 839.0859375 149.81640625
fourthtest: 873.0390625 123.171875
--------------------------------------------------------------------------------
total  :             12037692 KiB
free   :              1830304 KiB
buffers:                15800 KiB
cached :               449408 KiB


--------------------------------------------------------------------------------
firsttest: 947.8125 264.0234375
secondtest: 1915.59375 559.34765625
thirdtest: 947.0859375 138.70703125
fourthtest: 1601.125 931.62890625
--------------------------------------------------------------------------------
total  :             12037692 KiB
free   :              1990628 KiB
buffers:                15800 KiB
cached :               445292 KiB


--------------------------------------------------------------------------------
firsttest: 947.8125 231.0859375
secondtest: 1994.0 1386.6796875
thirdtest: 1113.0859375 138.70703125
fourthtest: 1313.63671875 580.5234375
--------------------------------------------------------------------------------
total  :             12037692 KiB
free   :              3825036 KiB
buffers:                15800 KiB
cached :               395584 KiB


--------------------------------------------------------------------------------
firsttest: 899.8125 740.5078125
secondtest: 1534.99609375 940.57421875
thirdtest: 1652.42578125 983.00390625
fourthtest: 1083.30078125 337.18359375
--------------------------------------------------------------------------------
total  :             12037692 KiB
free   :              4120296 KiB
buffers:                15800 KiB
cached :               388900 KiB


--------------------------------------------------------------------------------
firsttest: 621.66015625 518.84375
secondtest: 1290.82421875 1133.671875
thirdtest: 1351.52734375 652.3125
fourthtest: 1033.421875 214.39453125
--------------------------------------------------------------------------------
total  :             12037692 KiB
free   :              4235568 KiB
buffers:                15808 KiB
cached :               388920 KiB


--------------------------------------------------------------------------------
firsttest: 483.0078125 363.23828125
secondtest: 932.72265625 796.828125
thirdtest: 1225.8359375 412.515625
fourthtest: 1213.421875 208.5546875
--------------------------------------------------------------------------------
total  :             12037692 KiB
free   :              4233456 KiB
buffers:                15808 KiB
cached :               388932 KiB


--------------------------------------------------------------------------------
firsttest: 384.765625 254.25390625
secondtest: 646.67578125 557.7890625
thirdtest: 1225.8359375 354.26953125
fourthtest: 1264.4453125 425.13671875
--------------------------------------------------------------------------------
total  :             12037692 KiB
free   :              4365528 KiB
buffers:                15808 KiB
cached :               388940 KiB


--------------------------------------------------------------------------------
firsttest: 331.37890625 177.96484375
secondtest: 486.2109375 390.4375
thirdtest: 1225.8359375 263.8125
fourthtest: 1235.171875 264.04296875
--------------------------------------------------------------------------------
total  :             12037692 KiB
free   :              4441368 KiB
buffers:                15812 KiB
cached :               388960 KiB


--------------------------------------------------------------------------------
firsttest: 294.01171875 124.5625
secondtest: 404.2109375 273.33984375
thirdtest: 1285.5234375 265.5078125
fourthtest: 1510.171875 250.56640625
--------------------------------------------------------------------------------
total  :             12037692 KiB
free   :              4448888 KiB
buffers:                15820 KiB
cached :               388964 KiB


--------------------------------------------------------------------------------
firsttest: 294.01171875 87.14453125
secondtest: 346.79296875 191.390625
thirdtest: 1581.5234375 445.21484375
fourthtest: 1882.0 969.515625
--------------------------------------------------------------------------------
total  :             12037692 KiB
free   :              4093528 KiB
buffers:                15820 KiB
cached :               388964 KiB


--------------------------------------------------------------------------------
firsttest: 294.01171875 87.17578125
secondtest: 306.6328125 133.87109375
thirdtest: 1646.5 525.3125
fourthtest: 1579.4453125 626.671875
--------------------------------------------------------------------------------
total  :             12037692 KiB
free   :              4014424 KiB
buffers:                15828 KiB
cached :               388968 KiB


--------------------------------------------------------------------------------
firsttest: 294.01171875 87.17578125
secondtest: 306.6328125 93.7890625
thirdtest: 1646.5 473.109375
fourthtest: 1545.1171875 391.59765625
--------------------------------------------------------------------------------
total  :             12037692 KiB
free   :              3960444 KiB
buffers:                15828 KiB
cached :               388968 KiB


--------------------------------------------------------------------------------
firsttest: 294.01171875 87.17578125
secondtest: 306.6328125 93.7890625
thirdtest: 1646.5 419.51171875
fourthtest: 1545.1171875 335.66796875
--------------------------------------------------------------------------------
total  :             12037692 KiB
free   :              3898824 KiB
buffers:                15828 KiB
cached :               388972 KiB


--------------------------------------------------------------------------------
firsttest: 294.01171875 87.17578125
secondtest: 306.6328125 93.7890625
thirdtest: 1646.5 364.671875
fourthtest: 1779.8046875 279.6875
--------------------------------------------------------------------------------
total  :             12037692 KiB
free   :              3833040 KiB
buffers:                15836 KiB
cached :               388964 KiB


--------------------------------------------------------------------------------
firsttest: 294.01171875 87.17578125
secondtest: 306.6328125 93.7890625
thirdtest: 1646.5 310.80078125
fourthtest: 1779.8046875 465.47265625
--------------------------------------------------------------------------------
total  :             12037692 KiB
free   :              3724868 KiB
buffers:                15836 KiB
cached :               388972 KiB


--------------------------------------------------------------------------------
firsttest: 294.01171875 87.17578125
secondtest: 306.6328125 93.7890625
thirdtest: 2012.7734375 431.18359375
fourthtest: 1779.8046875 412.20703125
--------------------------------------------------------------------------------
total  :             12037692 KiB
free   :              3430416 KiB
buffers:                15836 KiB
cached :               388976 KiB


--------------------------------------------------------------------------------
firsttest: 294.01171875 87.17578125
secondtest: 306.6328125 93.7890625
thirdtest: 2012.7734375 574.56640625
fourthtest: 1779.8046875 358.79296875
--------------------------------------------------------------------------------
total  :             12037692 KiB
free   :              3335360 KiB
buffers:                15836 KiB
cached :               388980 KiB


--------------------------------------------------------------------------------
firsttest: 294.01171875 87.20703125
secondtest: 306.6328125 93.8203125
thirdtest: 2012.7734375 516.01171875
fourthtest: 2048.0 302.28515625
--------------------------------------------------------------------------------
total  :             12037692 KiB
free   :              3253692 KiB
buffers:                15844 KiB
cached :               388980 KiB


--------------------------------------------------------------------------------
firsttest: 294.01171875 87.20703125
secondtest: 306.6328125 93.8203125
thirdtest: 2012.7734375 451.51171875
fourthtest: 2048.0 520.48828125
--------------------------------------------------------------------------------
total  :             12037692 KiB
free   :              3189780 KiB
buffers:                15844 KiB
cached :               388980 KiB


--------------------------------------------------------------------------------
firsttest: 294.01171875 87.20703125
secondtest: 306.6328125 93.8203125
thirdtest: 2012.7734375 389.890625
fourthtest: 2048.0 465.76953125
--------------------------------------------------------------------------------
total  :             12037692 KiB
free   :              3111792 KiB
buffers:                15844 KiB
cached :               388980 KiB


--------------------------------------------------------------------------------
firsttest: 294.01171875 87.20703125
secondtest: 306.6328125 93.8203125
thirdtest: 2048.0 371.17578125
fourthtest: 2048.0 413.74609375
--------------------------------------------------------------------------------
total  :             12037692 KiB
free   :              3014312 KiB
buffers:                15844 KiB
cached :               389088 KiB


--------------------------------------------------------------------------------
firsttest: 294.01171875 87.20703125
secondtest: 306.6328125 93.8203125
thirdtest: 2048.0 312.703125
fourthtest: 2048.0 360.23828125
--------------------------------------------------------------------------------
total  :             12037692 KiB
free   :              2931560 KiB
buffers:                15844 KiB
cached :               389088 KiB


--------------------------------------------------------------------------------
firsttest: 294.01171875 87.20703125
secondtest: 306.6328125 93.8515625
thirdtest: 2048.0 251.23046875
fourthtest: 2048.0 307.9140625
--------------------------------------------------------------------------------
total  :             12037692 KiB
free   :              2808864 KiB
buffers:                15852 KiB
cached :               389088 KiB


--------------------------------------------------------------------------------
firsttest: 294.01171875 87.23828125
secondtest: 306.6328125 93.8515625
thirdtest: 2048.0 186.10546875
fourthtest: 2048.0 247.75
--------------------------------------------------------------------------------
total  :             12037692 KiB
free   :              2674004 KiB
buffers:                15852 KiB
cached :               389096 KiB


--------------------------------------------------------------------------------
firsttest: 294.01171875 87.23828125
secondtest: 306.6328125 93.8515625
thirdtest: 2048.0 120.98828125
fourthtest: 2048.0 182.96484375
--------------------------------------------------------------------------------
total  :             12037692 KiB
free   :              2538844 KiB
buffers:                15852 KiB
cached :               389104 KiB


--------------------------------------------------------------------------------
firsttest: 294.01171875 87.23828125
secondtest: 306.6328125 93.8515625
thirdtest: 2048.0 73.76171875
fourthtest: 2048.0 117.33203125
--------------------------------------------------------------------------------
total  :             12037692 KiB
free   :              2430224 KiB
buffers:                15852 KiB
cached :               389104 KiB


--------------------------------------------------------------------------------
firsttest: 294.01171875 87.23828125
secondtest: 306.6328125 93.8515625
thirdtest: 2048.0 70.71875
fourthtest: 2048.0 72.0390625
--------------------------------------------------------------------------------
total  :             12037692 KiB
free   :              2383904 KiB
buffers:                15860 KiB
cached :               397936 KiB


--------------------------------------------------------------------------------
firsttest: 294.01171875 87.23828125
secondtest: 306.6328125 93.859375
thirdtest: 1735.0 1918.66015625
fourthtest: 2048.0 73.8671875
--------------------------------------------------------------------------------
total  :             12037692 KiB
free   :              2601364 KiB
buffers:                15860 KiB
cached :               402044 KiB


--------------------------------------------------------------------------------
firsttest: 294.01171875 87.23828125
secondtest: 306.6328125 93.859375
thirdtest: 1138.8203125 1344.28125
fourthtest: 1721.0 1919.890625
--------------------------------------------------------------------------------
total  :             12037692 KiB
free   :              3603232 KiB
buffers:                15860 KiB
cached :               402912 KiB


--------------------------------------------------------------------------------
firsttest: 294.01171875 87.26953125
secondtest: 306.6328125 93.890625
thirdtest: 778.3984375 929.7890625
fourthtest: 1183.03515625 1343.9375
--------------------------------------------------------------------------------
total  :             12037692 KiB
free   :              4667660 KiB
buffers:                15868 KiB
cached :               402932 KiB


--------------------------------------------------------------------------------
^CTraceback (most recent call last):
  File "monitor.py", line 54, in <module>
    s.run()
  File "/usr/lib/python2.7/sched.py", line 111, in run
    delayfunc(time - now)
KeyboardInterrupt
]0;havishchennamraj@ubuntu: ~/AOS/Vcpu-Scheduler-and-Memory-Coordinator/cs6210Project1_test/test/memory[01;32mhavishchennamraj@ubuntu[00m:[01;34m~/AOS/Vcpu-Scheduler-and-Memory-Coordinator/cs6210Project1_test/test/memory[00m$ exit
exit

Script done on Sat 29 Sep 2018 02:38:12 PM PDT
