Script started on Sat 29 Sep 2018 02:28:02 PM PDT
]0;havishchennamraj@ubuntu: ~/AOS/Vcpu-Scheduler-and-Memory-Coordinator/cs6210Project1_test/test/memory[01;32mhavishchennamraj@ubuntu[00m:[01;34m~/AOS/Vcpu-Scheduler-and-Memory-Coordinator/cs6210Project1_test/test/memory[00m$ python monitor.py 
firsttest: 512.0 275.27734375
secondtest: 512.0 274.74609375
thirdtest: 512.0 274.6796875
fourthtest: 512.0 274.68359375
--------------------------------------------------------------------------------
total  :             12037692 KiB
free   :              6810500 KiB
buffers:                13612 KiB
cached :               471708 KiB


--------------------------------------------------------------------------------
firsttest: 512.0 275.27734375
secondtest: 512.0 274.74609375
thirdtest: 512.0 274.6796875
fourthtest: 512.0 274.68359375
--------------------------------------------------------------------------------
total  :             12037692 KiB
free   :              6809804 KiB
buffers:                13620 KiB
cached :               471700 KiB


--------------------------------------------------------------------------------
firsttest: 512.0 275.27734375
secondtest: 512.0 274.74609375
thirdtest: 512.0 274.6796875
fourthtest: 512.0 274.71484375
--------------------------------------------------------------------------------
total  :             12037692 KiB
free   :              6760904 KiB
buffers:                13620 KiB
cached :               471712 KiB


--------------------------------------------------------------------------------
firsttest: 512.0 223.046875
secondtest: 512.0 234.98046875
thirdtest: 512.0 235.53515625
fourthtest: 512.0 242.3828125
--------------------------------------------------------------------------------
total  :             12037692 KiB
free   :              6653120 KiB
buffers:                13620 KiB
cached :               471712 KiB


--------------------------------------------------------------------------------
firsttest: 512.0 165.28515625
secondtest: 512.0 174.796875
thirdtest: 512.0 177.53125
fourthtest: 512.0 179.29296875
--------------------------------------------------------------------------------
total  :             12037692 KiB
free   :              6409124 KiB
buffers:                13628 KiB
cached :               471704 KiB


--------------------------------------------------------------------------------
firsttest: 512.0 106.19140625
secondtest: 512.0 119.21484375
thirdtest: 512.0 123.765625
fourthtest: 512.0 123.46875
--------------------------------------------------------------------------------
total  :             12037692 KiB
free   :              6174320 KiB
buffers:                13628 KiB
cached :               471712 KiB


--------------------------------------------------------------------------------
firsttest: 1073.0 513.32421875
secondtest: 1005.0 237.2578125
thirdtest: 668.546875 208.13671875
fourthtest: 1008.0 69.4609375
--------------------------------------------------------------------------------
total  :             12037692 KiB
free   :              4582128 KiB
buffers:                13628 KiB
cached :               471716 KiB


--------------------------------------------------------------------------------
firsttest: 1379.546875 998.41015625
secondtest: 1646.6328125 1388.69140625
thirdtest: 668.546875 173.29296875
fourthtest: 969.1328125 704.71875
--------------------------------------------------------------------------------
total  :             12037692 KiB
free   :              3570652 KiB
buffers:                13636 KiB
cached :               471716 KiB


--------------------------------------------------------------------------------
firsttest: 1068.5390625 602.8359375
secondtest: 1297.6328125 1057.2265625
thirdtest: 668.546875 117.2578125
fourthtest: 832.7734375 454.5390625
--------------------------------------------------------------------------------
total  :             12037692 KiB
free   :              3581924 KiB
buffers:                13636 KiB
cached :               471716 KiB


--------------------------------------------------------------------------------
firsttest: 903.12890625 369.8515625
secondtest: 1057.05859375 695.52734375
thirdtest: 1070.67578125 173.7734375
fourthtest: 832.7734375 275.8359375
--------------------------------------------------------------------------------
total  :             12037692 KiB
free   :              3367336 KiB
buffers:                13636 KiB
cached :               471724 KiB


--------------------------------------------------------------------------------
firsttest: 799.65625 226.7578125
secondtest: 902.75 420.16015625
thirdtest: 934.6875 377.48828125
fourthtest: 832.7734375 230.18359375
--------------------------------------------------------------------------------
total  :             12037692 KiB
free   :              3287920 KiB
buffers:                13636 KiB
cached :               471724 KiB


--------------------------------------------------------------------------------
firsttest: 799.65625 187.88671875
secondtest: 805.18359375 250.78125
thirdtest: 934.6875 253.3984375
fourthtest: 832.7734375 159.49609375
--------------------------------------------------------------------------------
total  :             12037692 KiB
free   :              3106148 KiB
buffers:                13644 KiB
cached :               471724 KiB


--------------------------------------------------------------------------------
firsttest: 799.65625 155.94921875
secondtest: 805.18359375 181.43359375
thirdtest: 934.6875 220.4609375
fourthtest: 1056.8359375 345.25390625
--------------------------------------------------------------------------------
total  :             12037692 KiB
free   :              2893372 KiB
buffers:                13644 KiB
cached :               471724 KiB


--------------------------------------------------------------------------------
firsttest: 943.8828125 270.3828125
secondtest: 805.18359375 146.80078125
thirdtest: 934.6875 186.48046875
fourthtest: 1056.8359375 300.49609375
--------------------------------------------------------------------------------
total  :             12037692 KiB
free   :              2626500 KiB
buffers:                13648 KiB
cached :               471732 KiB


--------------------------------------------------------------------------------
firsttest: 943.8828125 224.73046875
secondtest: 1480.18359375 215.21484375
thirdtest: 1123.26953125 289.65234375
fourthtest: 1056.8359375 255.8125
--------------------------------------------------------------------------------
total  :             12037692 KiB
free   :              2368580 KiB
buffers:                13660 KiB
cached :               471736 KiB


--------------------------------------------------------------------------------
firsttest: 943.8828125 180.41015625
secondtest: 1635.6640625 1139.5234375
thirdtest: 1123.26953125 298.61328125
fourthtest: 1056.8359375 210.40234375
--------------------------------------------------------------------------------
total  :             12037692 KiB
free   :              2174280 KiB
buffers:                13660 KiB
cached :               471736 KiB


--------------------------------------------------------------------------------
firsttest: 1784.8828125 529.5234375
secondtest: 1362.40625 816.78125
thirdtest: 1123.26953125 253.6875
fourthtest: 1193.46875 307.3984375
--------------------------------------------------------------------------------
total  :             12037692 KiB
free   :              1972716 KiB
buffers:                13660 KiB
cached :               471744 KiB


--------------------------------------------------------------------------------
firsttest: 1687.04296875 1022.98828125
secondtest: 1182.31640625 506.578125
thirdtest: 1123.26953125 202.5859375
fourthtest: 1193.46875 258.83984375
--------------------------------------------------------------------------------
total  :             12037692 KiB
free   :              1749656 KiB
buffers:                13668 KiB
cached :               471744 KiB


--------------------------------------------------------------------------------
firsttest: 1431.12890625 622.9375
secondtest: 1182.31640625 354.36328125
thirdtest: 1251.2265625 240.24609375
fourthtest: 1831.46875 702.640625
--------------------------------------------------------------------------------
total  :             12037692 KiB
free   :              1470756 KiB
buffers:                13668 KiB
cached :               471752 KiB


--------------------------------------------------------------------------------
firsttest: 1262.5546875 382.30078125
secondtest: 1182.31640625 306.078125
thirdtest: 1251.2265625 246.328125
fourthtest: 1725.37109375 747.2421875
--------------------------------------------------------------------------------
total  :             12037692 KiB
free   :              1238916 KiB
buffers:                13668 KiB
cached :               471756 KiB


--------------------------------------------------------------------------------
firsttest: 1262.5546875 344.640625
secondtest: 1182.31640625 263.81640625
thirdtest: 1470.359375 278.12890625
fourthtest: 1506.2421875 509.140625
--------------------------------------------------------------------------------
total  :             12037692 KiB
free   :               955844 KiB
buffers:                13676 KiB
cached :               471756 KiB


--------------------------------------------------------------------------------
firsttest: 1262.5546875 308.5546875
secondtest: 1182.31640625 222.64453125
thirdtest: 1470.359375 392.65625
fourthtest: 1506.2421875 470.7421875
--------------------------------------------------------------------------------
total  :             12037692 KiB
free   :               747996 KiB
buffers:                13676 KiB
cached :               471756 KiB


--------------------------------------------------------------------------------
firsttest: 1262.5546875 272.46875
secondtest: 1440.11328125 266.11328125
thirdtest: 1470.359375 350.140625
fourthtest: 1506.2421875 434.49609375
--------------------------------------------------------------------------------
total  :             12037692 KiB
free   :               504864 KiB
buffers:                13684 KiB
cached :               471756 KiB


--------------------------------------------------------------------------------
firsttest: 1263.703125 233.71875
secondtest: 1440.11328125 383.66015625
thirdtest: 1470.359375 296.51171875
fourthtest: 1506.2421875 395.9765625
--------------------------------------------------------------------------------
total  :             12037692 KiB
free   :               510940 KiB
buffers:                13812 KiB
cached :               458436 KiB


--------------------------------------------------------------------------------
firsttest: 1266.703125 226.33203125
secondtest: 1440.11328125 345.5546875
thirdtest: 1470.359375 256.99609375
fourthtest: 1506.2421875 368.54296875
--------------------------------------------------------------------------------
total  :             12037692 KiB
free   :              2644924 KiB
buffers:                13792 KiB
cached :               418952 KiB


--------------------------------------------------------------------------------
firsttest: 2048.0 986.4296875
secondtest: 1440.11328125 302.32421875
thirdtest: 1846.03125 615.890625
fourthtest: 1506.2421875 335.6875
--------------------------------------------------------------------------------
total  :             12037692 KiB
free   :              2632020 KiB
buffers:                13556 KiB
cached :               304596 KiB


--------------------------------------------------------------------------------
firsttest: 1752.0703125 654.11328125
secondtest: 1440.11328125 254.85546875
thirdtest: 1846.03125 565.26171875
fourthtest: 1506.2421875 295.140625
--------------------------------------------------------------------------------
total  :             12037692 KiB
free   :              2519232 KiB
buffers:                 8016 KiB
cached :               258672 KiB


--------------------------------------------------------------------------------
firsttest: 1555.8359375 419.09765625
secondtest: 2048.0 835.3828125
thirdtest: 1846.03125 524.3515625
fourthtest: 1604.359375 357.58203125
--------------------------------------------------------------------------------
total  :             12037692 KiB
free   :              2441900 KiB
buffers:                 3408 KiB
cached :               208884 KiB


--------------------------------------------------------------------------------
firsttest: 1555.8359375 372.828125
secondtest: 1797.38671875 546.203125
thirdtest: 1846.03125 484.984375
fourthtest: 1604.359375 324.36328125
--------------------------------------------------------------------------------
total  :             12037692 KiB
free   :              2311292 KiB
buffers:                  300 KiB
cached :               182384 KiB


--------------------------------------------------------------------------------
firsttest: 1555.8359375 328.01171875
secondtest: 1797.38671875 499.35546875
thirdtest: 1846.03125 442.7109375
fourthtest: 1742.609375 427.50390625
--------------------------------------------------------------------------------
total  :             12037692 KiB
free   :              2135188 KiB
buffers:                  308 KiB
cached :               182320 KiB


--------------------------------------------------------------------------------
firsttest: 1555.8359375 281.22265625
secondtest: 1797.38671875 450.6640625
thirdtest: 1846.03125 396.92578125
fourthtest: 1742.609375 378.59375
--------------------------------------------------------------------------------
total  :             12037692 KiB
free   :              1971308 KiB
buffers:                  308 KiB
cached :               182544 KiB


--------------------------------------------------------------------------------
firsttest: 1795.390625 487.68359375
secondtest: 1797.38671875 408.390625
thirdtest: 1846.03125 353.5625
fourthtest: 1742.609375 343.4375
--------------------------------------------------------------------------------
total  :             12037692 KiB
free   :              1796272 KiB
buffers:                  308 KiB
cached :               182544 KiB


--------------------------------------------------------------------------------
firsttest: 1795.390625 445.41015625
secondtest: 1797.38671875 362.0
thirdtest: 2028.01953125 501.0625
fourthtest: 2048.0 610.515625
--------------------------------------------------------------------------------
total  :             12037692 KiB
free   :              1623660 KiB
buffers:                  308 KiB
cached :               182544 KiB


--------------------------------------------------------------------------------
firsttest: 1795.390625 399.140625
secondtest: 1962.51171875 484.49609375
thirdtest: 2028.01953125 453.12890625
fourthtest: 2048.0 563.6328125
--------------------------------------------------------------------------------
total  :             12037692 KiB
free   :              1432636 KiB
buffers:                  316 KiB
cached :               182544 KiB


--------------------------------------------------------------------------------
firsttest: 1795.390625 352.44921875
secondtest: 1962.51171875 434.8359375
thirdtest: 2028.01953125 407.1015625
fourthtest: 2048.0 517.484375
--------------------------------------------------------------------------------
total  :             12037692 KiB
free   :              1245584 KiB
buffers:                  448 KiB
cached :               182708 KiB


--------------------------------------------------------------------------------
firsttest: 2010.953125 528.265625
secondtest: 1962.51171875 391.3515625
thirdtest: 2028.01953125 377.15234375
fourthtest: 2048.0 471.21484375
--------------------------------------------------------------------------------
total  :             12037692 KiB
free   :              1071840 KiB
buffers:                  448 KiB
cached :               182752 KiB


--------------------------------------------------------------------------------
firsttest: 2010.953125 479.359375
secondtest: 2048.0 429.88671875
thirdtest: 2048.0 349.71875
fourthtest: 2048.0 421.703125
--------------------------------------------------------------------------------
total  :             12037692 KiB
free   :               873828 KiB
buffers:                  448 KiB
cached :               182756 KiB


--------------------------------------------------------------------------------
firsttest: 2010.953125 434.6640625
secondtest: 2048.0 383.61328125
thirdtest: 2048.0 319.28515625
fourthtest: 2048.0 376.0390625
--------------------------------------------------------------------------------
total  :             12037692 KiB
free   :               696072 KiB
buffers:                  456 KiB
cached :               183136 KiB


--------------------------------------------------------------------------------
firsttest: 2010.953125 387.18359375
secondtest: 2048.0 338.43359375
thirdtest: 2048.0 280.0390625
fourthtest: 2048.0 332.0703125
--------------------------------------------------------------------------------
total  :             12037692 KiB
free   :               519912 KiB
buffers:                  456 KiB
cached :               183136 KiB


--------------------------------------------------------------------------------
firsttest: 2048.0 381.75
secondtest: 2048.0 294.1015625
thirdtest: 2048.0 234.89453125
fourthtest: 2048.0 293.16015625
--------------------------------------------------------------------------------
total  :             12037692 KiB
free   :               337052 KiB
buffers:                  832 KiB
cached :               189500 KiB


--------------------------------------------------------------------------------
firsttest: 2048.0 332.9375
secondtest: 2048.0 247.2578125
thirdtest: 2048.0 188.42578125
fourthtest: 2048.0 246.25390625
--------------------------------------------------------------------------------
total  :             12037692 KiB
free   :               156472 KiB
buffers:                  976 KiB
cached :               187840 KiB


--------------------------------------------------------------------------------
firsttest: 2048.0 287.3046875
secondtest: 2048.0 211.4765625
thirdtest: 2048.0 170.98828125
fourthtest: 2048.0 209.8046875
--------------------------------------------------------------------------------
total  :             12037692 KiB
free   :               319044 KiB
buffers:                 3432 KiB
cached :                78080 KiB


--------------------------------------------------------------------------------
firsttest: 2048.0 198.81640625
secondtest: 2048.0 192.94921875
thirdtest: 2048.0 139.01953125
fourthtest: 2048.0 192.8828125
--------------------------------------------------------------------------------
total  :             12037692 KiB
free   :               326828 KiB
buffers:                 3604 KiB
cached :                82476 KiB


--------------------------------------------------------------------------------
firsttest: 2048.0 186.890625
secondtest: 2048.0 184.98828125
thirdtest: 2048.0 139.01953125
fourthtest: 2048.0 192.8828125
--------------------------------------------------------------------------------
total  :             12037692 KiB
free   :               327392 KiB
buffers:                 3748 KiB
cached :                83636 KiB


--------------------------------------------------------------------------------
firsttest: 2048.0 186.890625
secondtest: 2048.0 184.98828125
thirdtest: 2048.0 139.01953125
fourthtest: 2048.0 192.8828125
--------------------------------------------------------------------------------
total  :             12037692 KiB
free   :               325236 KiB
buffers:                 3748 KiB
cached :                86848 KiB


--------------------------------------------------------------------------------


firsttest: 2048.0 186.890625
secondtest: 2048.0 184.98828125
thirdtest: 2048.0 131.08984375
fourthtest: 2048.0 192.8828125
--------------------------------------------------------------------------------
total  :             12037692 KiB
free   :               321796 KiB
buffers:                 3748 KiB
cached :                89728 KiB


--------------------------------------------------------------------------------
firsttest: 2048.0 162.9140625
secondtest: 2048.0 164.91796875
thirdtest: 2048.0 110.625
fourthtest: 2048.0 167.12109375
--------------------------------------------------------------------------------
total  :             12037692 KiB
free   :               369852 KiB
buffers:                 3748 KiB
cached :                90128 KiB


--------------------------------------------------------------------------------
firsttest: 2048.0 136.7578125
secondtest: 2048.0 144.33203125
thirdtest: 2048.0 88.46484375
fourthtest: 2048.0 140.84375
--------------------------------------------------------------------------------
total  :             12037692 KiB
free   :               353560 KiB
buffers:                 3756 KiB
cached :                93112 KiB


--------------------------------------------------------------------------------
firsttest: 2048.0 100.79296875
secondtest: 2048.0 112.0
thirdtest: 2048.0 73.7265625
fourthtest: 2048.0 111.5390625
--------------------------------------------------------------------------------
total  :             12037692 KiB
free   :               298752 KiB
buffers:                 3756 KiB
cached :                93272 KiB


--------------------------------------------------------------------------------
firsttest: 2048.0 92.80078125
secondtest: 2048.0 102.796875
thirdtest: 2048.0 70.90625
fourthtest: 2048.0 90.7109375
--------------------------------------------------------------------------------
total  :             12037692 KiB
free   :               307624 KiB
buffers:                 3756 KiB
cached :                93176 KiB


--------------------------------------------------------------------------------
firsttest: 2048.0 74.48828125
secondtest: 2048.0 75.109375
thirdtest: 2048.0 74.078125
fourthtest: 2048.0 72.09375
--------------------------------------------------------------------------------
total  :             12037692 KiB
free   :               246416 KiB
buffers:                 4304 KiB
cached :                76156 KiB


--------------------------------------------------------------------------------
firsttest: 2048.0 66.01953125
secondtest: 2048.0 73.40234375
thirdtest: 2048.0 73.51953125
fourthtest: 2048.0 63.71484375
--------------------------------------------------------------------------------
total  :             12037692 KiB
free   :               230428 KiB
buffers:                 4304 KiB
cached :                76164 KiB


--------------------------------------------------------------------------------
firsttest: 2048.0 296.8125
secondtest: 2048.0 79.34765625
thirdtest: 2048.0 1092.16796875
fourthtest: 2048.0 183.11328125
--------------------------------------------------------------------------------
total  :             12037692 KiB
free   :               209852 KiB
buffers:                 4308 KiB
cached :                79084 KiB


--------------------------------------------------------------------------------
firsttest: 2048.0 1922.9765625
secondtest: 2048.0 73.22265625
thirdtest: 1808.0 1691.16015625
fourthtest: 2048.0 1922.73828125
--------------------------------------------------------------------------------
total  :             12037692 KiB
free   :               260844 KiB
buffers:                 4316 KiB
cached :               104664 KiB


--------------------------------------------------------------------------------
firsttest: 1471.109375 1376.01171875
secondtest: 2048.0 1916.9921875
thirdtest: 1279.65234375 1153.0234375
fourthtest: 1471.1796875 1344.48046875
--------------------------------------------------------------------------------
total  :             12037692 KiB
free   :              1720888 KiB
buffers:                 4316 KiB
cached :               110720 KiB


--------------------------------------------------------------------------------
firsttest: 1058.30859375 932.25390625
secondtest: 1472.90234375 1342.39453125
thirdtest: 933.74609375 807.078125
fourthtest: 1067.8359375 941.20703125
--------------------------------------------------------------------------------
total  :             12037692 KiB
free   :              3394236 KiB
buffers:                 4316 KiB
cached :               110724 KiB


--------------------------------------------------------------------------------
firsttest: 778.6328125 652.52734375
secondtest: 1070.18359375 939.6484375
thirdtest: 691.625 565.01171875
fourthtest: 785.4765625 658.81640625
--------------------------------------------------------------------------------
total  :             12037692 KiB
free   :              4590384 KiB
buffers:                 4336 KiB
cached :               111992 KiB


--------------------------------------------------------------------------------
firsttest: 582.875 455.62890625
secondtest: 788.2890625 656.65234375
thirdtest: 522.12109375 395.48046875
fourthtest: 587.83203125 461.22265625
--------------------------------------------------------------------------------
total  :             12037692 KiB
free   :              5440880 KiB
buffers:                 4344 KiB
cached :               112096 KiB


--------------------------------------------------------------------------------
firsttest: 446.1875 318.9140625
secondtest: 591.29296875 459.6328125
thirdtest: 403.4765625 275.59765625
fourthtest: 449.46484375 322.8125
--------------------------------------------------------------------------------
total  :             12037692 KiB
free   :              6039336 KiB
buffers:                 4344 KiB
cached :               114604 KiB


--------------------------------------------------------------------------------
firsttest: 350.515625 223.25
secondtest: 453.40234375 321.828125
thirdtest: 320.796875 192.890625
fourthtest: 352.62109375 224.7265625
--------------------------------------------------------------------------------
total  :             12037692 KiB
free   :              6453724 KiB
buffers:                 4344 KiB
cached :               114528 KiB


--------------------------------------------------------------------------------
firsttest: 283.54296875 156.1953125
secondtest: 356.85546875 225.07421875
thirdtest: 262.9296875 134.91796875
fourthtest: 285.203125 157.15625
--------------------------------------------------------------------------------
total  :             12037692 KiB
free   :              6721744 KiB
buffers:                 4756 KiB
cached :               114764 KiB


--------------------------------------------------------------------------------
firsttest: 236.68359375 109.33203125
secondtest: 289.3359375 157.53515625
thirdtest: 222.45703125 94.3515625
fourthtest: 238.05859375 109.9296875
--------------------------------------------------------------------------------
total  :             12037692 KiB
free   :              6846064 KiB
buffers:                 4756 KiB
cached :               114932 KiB


--------------------------------------------------------------------------------
firsttest: 203.88671875 76.515625
secondtest: 242.078125 110.30859375
thirdtest: 200.0 71.94921875
fourthtest: 205.08203125 76.9921875
--------------------------------------------------------------------------------
total  :             12037692 KiB
free   :              6925332 KiB
buffers:                 4756 KiB
cached :               114936 KiB


--------------------------------------------------------------------------------
firsttest: 200.0 72.640625
secondtest: 208.98828125 77.25
thirdtest: 200.0 71.94921875
fourthtest: 200.0 71.90625
--------------------------------------------------------------------------------
total  :             12037692 KiB
free   :              6935556 KiB
buffers:                 4764 KiB
cached :               114940 KiB


--------------------------------------------------------------------------------
firsttest: 200.0 72.453125
secondtest: 200.0 68.16796875
thirdtest: 200.0 71.94921875
fourthtest: 200.0 71.90625
--------------------------------------------------------------------------------
total  :             12037692 KiB
free   :              6935028 KiB
buffers:                 4764 KiB
cached :               114948 KiB


--------------------------------------------------------------------------------
firsttest: 200.0 72.453125
secondtest: 200.0 68.16796875
thirdtest: 200.0 71.94921875
fourthtest: 200.0 71.9375
--------------------------------------------------------------------------------
total  :             12037692 KiB
free   :              6934756 KiB
buffers:                 4896 KiB
cached :               114956 KiB


--------------------------------------------------------------------------------
firsttest: 200.0 72.453125
secondtest: 200.0 68.16796875
thirdtest: 200.0 71.94921875
fourthtest: 200.0 71.9375
--------------------------------------------------------------------------------
total  :             12037692 KiB
free   :              6927724 KiB
buffers:                 5620 KiB
cached :               121244 KiB


--------------------------------------------------------------------------------
firsttest: 200.0 72.453125
secondtest: 200.0 68.16796875
thirdtest: 200.0 71.94921875
fourthtest: 200.0 71.9375
--------------------------------------------------------------------------------
total  :             12037692 KiB
free   :              6927424 KiB
buffers:                 5620 KiB
cached :               121244 KiB


--------------------------------------------------------------------------------
firsttest: 200.0 72.453125
secondtest: 200.0 68.16796875
thirdtest: 200.0 71.98046875
fourthtest: 200.0 71.9375
--------------------------------------------------------------------------------
total  :             12037692 KiB
free   :              6926980 KiB
buffers:                 5620 KiB
cached :               121248 KiB


--------------------------------------------------------------------------------
firsttest: 200.0 72.453125
secondtest: 200.0 68.19921875
thirdtest: 200.0 71.98046875
fourthtest: 200.0 71.9375
--------------------------------------------------------------------------------
total  :             12037692 KiB
free   :              6927112 KiB
buffers:                 5628 KiB
cached :               121248 KiB


--------------------------------------------------------------------------------
firsttest: 200.0 72.453125
secondtest: 200.0 68.19921875
thirdtest: 200.0 71.98046875
fourthtest: 200.0 71.9375
--------------------------------------------------------------------------------
total  :             12037692 KiB
free   :              6926568 KiB
buffers:                 5628 KiB
cached :               121252 KiB


--------------------------------------------------------------------------------
firsttest: 200.0 72.453125
secondtest: 200.0 68.19921875
thirdtest: 200.0 71.98046875
fourthtest: 200.0 71.9375
--------------------------------------------------------------------------------
total  :             12037692 KiB
free   :              6924564 KiB
buffers:                 5660 KiB
cached :               125180 KiB


--------------------------------------------------------------------------------
firsttest: 200.0 72.08984375
secondtest: 200.0 68.01171875
thirdtest: 200.0 71.98046875
fourthtest: 200.0 71.9375
--------------------------------------------------------------------------------
total  :             12037692 KiB
free   :              6924060 KiB
buffers:                 5660 KiB
cached :               125512 KiB


--------------------------------------------------------------------------------
firsttest: 200.0 72.08984375
secondtest: 200.0 68.01171875
thirdtest: 200.0 71.98046875
fourthtest: 200.0 71.96875
--------------------------------------------------------------------------------
total  :             12037692 KiB
free   :              6923984 KiB
buffers:                 5660 KiB
cached :               125512 KiB


--------------------------------------------------------------------------------
firsttest: 200.0 72.08984375
secondtest: 200.0 67.890625
thirdtest: 200.0 71.79296875
fourthtest: 200.0 71.96875
--------------------------------------------------------------------------------
total  :             12037692 KiB
free   :              6923576 KiB
buffers:                 5668 KiB
cached :               125632 KiB


--------------------------------------------------------------------------------
firsttest: 200.0 72.08984375
secondtest: 200.0 67.890625
thirdtest: 200.0 71.79296875
fourthtest: 200.0 71.96875
--------------------------------------------------------------------------------
total  :             12037692 KiB
free   :              6923724 KiB
buffers:                 5668 KiB
cached :               125632 KiB


--------------------------------------------------------------------------------
firsttest: 200.0 72.08984375
secondtest: 200.0 67.890625
thirdtest: 200.0 71.79296875
fourthtest: 200.0 71.96875
--------------------------------------------------------------------------------
total  :             12037692 KiB
free   :              6923768 KiB
buffers:                 5676 KiB
cached :               125624 KiB


--------------------------------------------------------------------------------
^CTraceback (most recent call last):
  File "monitor.py", line 54, in <module>
    s.run()
  File "/usr/lib/python2.7/sched.py", line 111, in run
    delayfunc(time - now)
KeyboardInterrupt
]0;havishchennamraj@ubuntu: ~/AOS/Vcpu-Scheduler-and-Memory-Coordinator/cs6210Project1_test/test/memory[01;32mhavishchennamraj@ubuntu[00m:[01;34m~/AOS/Vcpu-Scheduler-and-Memory-Coordinator/cs6210Project1_test/test/memory[00m$ exit
exit

Script done on Sat 29 Sep 2018 02:31:37 PM PDT
