Script started on Sat 29 Sep 2018 12:03:55 PM PDT
]0;havishchennamraj@ubuntu: ~/AOS/Vcpu-Scheduler-and-Memory-Coordinator/cs6210Project1_test/test/cpu[01;32mhavishchennamraj@ubuntu[00m:[01;34m~/AOS/Vcpu-Scheduler-and-Memory-Coordinator/cs6210Project1_test/test/cpu[00m$ python monitor.py 
firsttest: ([(0, 1, 34860000000L, 0)], [(True, True, True, True)])
secondtest: ([(0, 1, 35680000000L, 3)], [(True, True, True, True)])
thirdtest: ([(0, 1, 36900000000L, 2)], [(True, True, True, True)])
fourthtest: ([(0, 1, 37790000000L, 2)], [(True, True, True, True)])
fifthtest: ([(0, 1, 33990000000L, 3)], [(True, True, True, True)])
sixthtest: ([(0, 1, 33300000000L, 1)], [(True, True, True, True)])
seventhtest: ([(0, 1, 34560000000L, 1)], [(True, True, True, True)])
eighttest: ([(0, 1, 34660000000L, 2)], [(True, True, True, True)])
--------------------------------------------------------------------------------
0: 0.0 []
1: 0.0 []
2: 0.0 []
3: 0.0 []
--------------------------------------------------------------------------------
firsttest: ([(0, 1, 34860000000L, 0)], [(True, True, True, True)])
secondtest: ([(0, 1, 35680000000L, 3)], [(True, True, True, True)])
thirdtest: ([(0, 1, 36900000000L, 2)], [(True, True, True, True)])
fourthtest: ([(0, 1, 37790000000L, 2)], [(True, True, True, True)])
fifthtest: ([(0, 1, 33990000000L, 3)], [(True, True, True, True)])
sixthtest: ([(0, 1, 33300000000L, 1)], [(True, True, True, True)])
seventhtest: ([(0, 1, 34560000000L, 1)], [(True, True, True, True)])
eighttest: ([(0, 1, 34660000000L, 2)], [(True, True, True, True)])
--------------------------------------------------------------------------------
0: 0.0 ['firsttest']
1: 0.0 ['sixthtest', 'seventhtest']
2: 0.0 ['thirdtest', 'fourthtest', 'eighttest']
3: 0.0 ['secondtest', 'fifthtest']
--------------------------------------------------------------------------------
firsttest: ([(0, 1, 34860000000L, 0)], [(True, True, True, True)])
secondtest: ([(0, 1, 35690000000L, 3)], [(True, True, True, True)])
thirdtest: ([(0, 1, 36900000000L, 2)], [(True, True, True, True)])
fourthtest: ([(0, 1, 37790000000L, 2)], [(True, True, True, True)])
fifthtest: ([(0, 1, 34000000000L, 3)], [(True, True, True, True)])
sixthtest: ([(0, 1, 33310000000L, 1)], [(True, True, True, True)])
seventhtest: ([(0, 1, 34560000000L, 1)], [(True, True, True, True)])
eighttest: ([(0, 1, 34660000000L, 0)], [(True, True, True, True)])
--------------------------------------------------------------------------------
0: 0.0 ['firsttest', 'eighttest']
1: 1.0 ['sixthtest', 'seventhtest']
2: 0.0 ['thirdtest', 'fourthtest']
3: 2.0 ['secondtest', 'fifthtest']
--------------------------------------------------------------------------------
firsttest: ([(0, 1, 34870000000L, 0)], [(True, True, True, True)])
secondtest: ([(0, 1, 35690000000L, 3)], [(True, True, True, True)])
thirdtest: ([(0, 1, 36900000000L, 2)], [(True, True, True, True)])
fourthtest: ([(0, 1, 37790000000L, 2)], [(True, True, True, True)])
fifthtest: ([(0, 1, 34010000000L, 3)], [(True, True, True, True)])
sixthtest: ([(0, 1, 33310000000L, 1)], [(True, True, True, True)])
seventhtest: ([(0, 1, 34570000000L, 1)], [(True, True, True, True)])
eighttest: ([(0, 1, 34660000000L, 0)], [(True, True, True, True)])
--------------------------------------------------------------------------------
0: 1.0 ['firsttest', 'eighttest']
1: 1.0 ['sixthtest', 'seventhtest']
2: 0.0 ['thirdtest', 'fourthtest']
3: 1.0 ['secondtest', 'fifthtest']
--------------------------------------------------------------------------------
firsttest: ([(0, 1, 34880000000L, 0)], [(True, True, True, True)])
secondtest: ([(0, 1, 35690000000L, 1)], [(True, True, True, True)])
thirdtest: ([(0, 1, 36910000000L, 2)], [(True, True, True, True)])
fourthtest: ([(0, 1, 37790000000L, 2)], [(True, True, True, True)])
fifthtest: ([(0, 1, 34010000000L, 0)], [(True, True, True, True)])
sixthtest: ([(0, 1, 33310000000L, 1)], [(True, True, True, True)])
seventhtest: ([(0, 1, 34570000000L, 1)], [(True, True, True, True)])
eighttest: ([(0, 1, 34680000000L, 0)], [(True, True, True, True)])
--------------------------------------------------------------------------------
0: 3.0 ['firsttest', 'fifthtest', 'eighttest']
1: 0.0 ['secondtest', 'sixthtest', 'seventhtest']
2: 1.0 ['thirdtest', 'fourthtest']
3: 0.0 []
--------------------------------------------------------------------------------
firsttest: ([(0, 1, 34880000000L, 3)], [(True, True, True, True)])
secondtest: ([(0, 1, 35700000000L, 1)], [(True, True, True, True)])
thirdtest: ([(0, 1, 36930000000L, 2)], [(True, True, True, True)])
fourthtest: ([(0, 1, 37800000000L, 1)], [(True, True, True, True)])
fifthtest: ([(0, 1, 34010000000L, 0)], [(True, True, True, True)])
sixthtest: ([(0, 1, 33320000000L, 3)], [(True, True, True, True)])
seventhtest: ([(0, 1, 34580000000L, 1)], [(True, True, True, True)])
eighttest: ([(0, 1, 34680000000L, 0)], [(True, True, True, True)])
--------------------------------------------------------------------------------
0: 0.0 ['fifthtest', 'eighttest']
1: 3.0 ['secondtest', 'fourthtest', 'seventhtest']
2: 2.0 ['thirdtest']
3: 1.0 ['firsttest', 'sixthtest']
--------------------------------------------------------------------------------
firsttest: ([(0, 1, 35330000000L, 1)], [(True, True, True, True)])
secondtest: ([(0, 1, 36220000000L, 2)], [(True, True, True, True)])
thirdtest: ([(0, 1, 37410000000L, 3)], [(True, True, True, True)])
fourthtest: ([(0, 1, 38250000000L, 0)], [(True, True, True, True)])
fifthtest: ([(0, 1, 34350000000L, 0)], [(True, True, True, True)])
sixthtest: ([(0, 1, 33670000000L, 1)], [(True, True, True, True)])
seventhtest: ([(0, 1, 34900000000L, 2)], [(True, True, True, True)])
eighttest: ([(0, 1, 35000000000L, 3)], [(True, True, True, True)])
--------------------------------------------------------------------------------
0: 79.0 ['fourthtest', 'fifthtest']
1: 80.0 ['firsttest', 'sixthtest']
2: 84.0 ['secondtest', 'seventhtest']
3: 80.0 ['thirdtest', 'eighttest']
--------------------------------------------------------------------------------
firsttest: ([(0, 1, 35830000000L, 1)], [(True, True, True, True)])
secondtest: ([(0, 1, 36730000000L, 3)], [(True, True, True, True)])
thirdtest: ([(0, 1, 37880000000L, 0)], [(True, True, True, True)])
fourthtest: ([(0, 1, 38750000000L, 2)], [(True, True, True, True)])
fifthtest: ([(0, 1, 34620000000L, 1)], [(True, True, True, True)])
sixthtest: ([(0, 1, 33940000000L, 0)], [(True, True, True, True)])
seventhtest: ([(0, 1, 35190000000L, 2)], [(True, True, True, True)])
eighttest: ([(0, 1, 35270000000L, 3)], [(True, True, True, True)])
--------------------------------------------------------------------------------
0: 74.0 ['thirdtest', 'sixthtest']
1: 77.0 ['firsttest', 'fifthtest']
2: 79.0 ['fourthtest', 'seventhtest']
3: 78.0 ['secondtest', 'eighttest']
--------------------------------------------------------------------------------
firsttest: ([(0, 1, 36280000000L, 3)], [(True, True, True, True)])
secondtest: ([(0, 1, 37190000000L, 0)], [(True, True, True, True)])
thirdtest: ([(0, 1, 38350000000L, 2)], [(True, True, True, True)])
fourthtest: ([(0, 1, 39210000000L, 1)], [(True, True, True, True)])
fifthtest: ([(0, 1, 34880000000L, 3)], [(True, True, True, True)])
sixthtest: ([(0, 1, 34220000000L, 1)], [(True, True, True, True)])
seventhtest: ([(0, 1, 35480000000L, 2)], [(True, True, True, True)])
eighttest: ([(0, 1, 35550000000L, 0)], [(True, True, True, True)])
--------------------------------------------------------------------------------
0: 74.0 ['secondtest', 'eighttest']
1: 74.0 ['fourthtest', 'sixthtest']
2: 76.0 ['thirdtest', 'seventhtest']
3: 71.0 ['firsttest', 'fifthtest']
--------------------------------------------------------------------------------
firsttest: ([(0, 1, 36780000000L, 3)], [(True, True, True, True)])
secondtest: ([(0, 1, 37690000000L, 0)], [(True, True, True, True)])
thirdtest: ([(0, 1, 38850000000L, 2)], [(True, True, True, True)])
fourthtest: ([(0, 1, 39720000000L, 1)], [(True, True, True, True)])
fifthtest: ([(0, 1, 35150000000L, 3)], [(True, True, True, True)])
sixthtest: ([(0, 1, 34500000000L, 1)], [(True, True, True, True)])
seventhtest: ([(0, 1, 35760000000L, 2)], [(True, True, True, True)])
eighttest: ([(0, 1, 35830000000L, 0)], [(True, True, True, True)])
--------------------------------------------------------------------------------
0: 78.0 ['secondtest', 'eighttest']
1: 79.0 ['fourthtest', 'sixthtest']
2: 78.0 ['thirdtest', 'seventhtest']
3: 77.0 ['firsttest', 'fifthtest']
--------------------------------------------------------------------------------
firsttest: ([(0, 1, 37270000000L, 1)], [(True, True, True, True)])
secondtest: ([(0, 1, 38160000000L, 0)], [(True, True, True, True)])
thirdtest: ([(0, 1, 39310000000L, 3)], [(True, True, True, True)])
fourthtest: ([(0, 1, 40210000000L, 2)], [(True, True, True, True)])
fifthtest: ([(0, 1, 35420000000L, 3)], [(True, True, True, True)])
sixthtest: ([(0, 1, 34780000000L, 2)], [(True, True, True, True)])
seventhtest: ([(0, 1, 36040000000L, 0)], [(True, True, True, True)])
eighttest: ([(0, 1, 36120000000L, 1)], [(True, True, True, True)])
--------------------------------------------------------------------------------
0: 75.0 ['secondtest', 'seventhtest']
1: 78.0 ['firsttest', 'eighttest']
2: 77.0 ['fourthtest', 'sixthtest']
3: 73.0 ['thirdtest', 'fifthtest']
--------------------------------------------------------------------------------
firsttest: ([(0, 1, 37760000000L, 1)], [(True, True, True, True)])
secondtest: ([(0, 1, 38660000000L, 3)], [(True, True, True, True)])
thirdtest: ([(0, 1, 39790000000L, 0)], [(True, True, True, True)])
fourthtest: ([(0, 1, 40700000000L, 2)], [(True, True, True, True)])
fifthtest: ([(0, 1, 35680000000L, 2)], [(True, True, True, True)])
sixthtest: ([(0, 1, 35060000000L, 0)], [(True, True, True, True)])
seventhtest: ([(0, 1, 36310000000L, 1)], [(True, True, True, True)])
eighttest: ([(0, 1, 36380000000L, 2)], [(True, True, True, True)])
--------------------------------------------------------------------------------
0: 76.0 ['thirdtest', 'sixthtest']
1: 76.0 ['firsttest', 'seventhtest']
2: 101.0 ['fourthtest', 'fifthtest', 'eighttest']
3: 50.0 ['secondtest']
--------------------------------------------------------------------------------
firsttest: ([(0, 1, 38250000000L, 1)], [(True, True, True, True)])
secondtest: ([(0, 1, 39160000000L, 0)], [(True, True, True, True)])
thirdtest: ([(0, 1, 40270000000L, 3)], [(True, True, True, True)])
fourthtest: ([(0, 1, 41200000000L, 2)], [(True, True, True, True)])
fifthtest: ([(0, 1, 35940000000L, 0)], [(True, True, True, True)])
sixthtest: ([(0, 1, 35320000000L, 2)], [(True, True, True, True)])
seventhtest: ([(0, 1, 36590000000L, 1)], [(True, True, True, True)])
eighttest: ([(0, 1, 36640000000L, 3)], [(True, True, True, True)])
--------------------------------------------------------------------------------
0: 76.0 ['secondtest', 'fifthtest']
1: 77.0 ['firsttest', 'seventhtest']
2: 76.0 ['fourthtest', 'sixthtest']
3: 74.0 ['thirdtest', 'eighttest']
--------------------------------------------------------------------------------
firsttest: ([(0, 1, 38740000000L, 3)], [(True, True, True, True)])
secondtest: ([(0, 1, 39650000000L, 0)], [(True, True, True, True)])
thirdtest: ([(0, 1, 40770000000L, 1)], [(True, True, True, True)])
fourthtest: ([(0, 1, 41710000000L, 2)], [(True, True, True, True)])
fifthtest: ([(0, 1, 36220000000L, 0)], [(True, True, True, True)])
sixthtest: ([(0, 1, 35600000000L, 2)], [(True, True, True, True)])
seventhtest: ([(0, 1, 36870000000L, 3)], [(True, True, True, True)])
eighttest: ([(0, 1, 36910000000L, 1)], [(True, True, True, True)])
--------------------------------------------------------------------------------
0: 77.0 ['secondtest', 'fifthtest']
1: 77.0 ['thirdtest', 'eighttest']
2: 79.0 ['fourthtest', 'sixthtest']
3: 77.0 ['firsttest', 'seventhtest']
--------------------------------------------------------------------------------
firsttest: ([(0, 1, 39240000000L, 3)], [(True, True, True, True)])
secondtest: ([(0, 1, 40150000000L, 2)], [(True, True, True, True)])
thirdtest: ([(0, 1, 41270000000L, 0)], [(True, True, True, True)])
fourthtest: ([(0, 1, 42210000000L, 1)], [(True, True, True, True)])
fifthtest: ([(0, 1, 36500000000L, 2)], [(True, True, True, True)])
sixthtest: ([(0, 1, 35880000000L, 0)], [(True, True, True, True)])
seventhtest: ([(0, 1, 37150000000L, 3)], [(True, True, True, True)])
eighttest: ([(0, 1, 37180000000L, 1)], [(True, True, True, True)])
--------------------------------------------------------------------------------
0: 78.0 ['thirdtest', 'sixthtest']
1: 77.0 ['fourthtest', 'eighttest']
2: 78.0 ['secondtest', 'fifthtest']
3: 78.0 ['firsttest', 'seventhtest']
--------------------------------------------------------------------------------
firsttest: ([(0, 1, 39670000000L, 0)], [(True, False, False, False)])
secondtest: ([(0, 1, 40670000000L, 3)], [(True, True, True, True)])
thirdtest: ([(0, 1, 41760000000L, 1)], [(True, True, True, True)])
fourthtest: ([(0, 1, 42720000000L, 2)], [(True, True, True, True)])
fifthtest: ([(0, 1, 36780000000L, 2)], [(True, True, True, True)])
sixthtest: ([(0, 1, 36150000000L, 1)], [(True, True, True, True)])
seventhtest: ([(0, 1, 37420000000L, 3)], [(True, True, True, True)])
eighttest: ([(0, 1, 37460000000L, 0)], [(True, True, True, True)])
--------------------------------------------------------------------------------
0: 71.0 ['firsttest', 'eighttest']
1: 76.0 ['thirdtest', 'sixthtest']
2: 79.0 ['fourthtest', 'fifthtest']
3: 79.0 ['secondtest', 'seventhtest']
--------------------------------------------------------------------------------
firsttest: ([(0, 1, 40170000000L, 0)], [(True, False, False, False)])
secondtest: ([(0, 1, 41160000000L, 1)], [(True, True, True, True)])
thirdtest: ([(0, 1, 42260000000L, 3)], [(True, True, True, True)])
fourthtest: ([(0, 1, 43230000000L, 2)], [(True, True, True, True)])
fifthtest: ([(0, 1, 37070000000L, 2)], [(True, True, True, True)])
sixthtest: ([(0, 1, 36440000000L, 1)], [(True, True, True, True)])
seventhtest: ([(0, 1, 37710000000L, 3)], [(True, True, True, True)])
eighttest: ([(0, 1, 37750000000L, 0)], [(True, True, True, True)])
--------------------------------------------------------------------------------
0: 79.0 ['firsttest', 'eighttest']
1: 78.0 ['secondtest', 'sixthtest']
2: 80.0 ['fourthtest', 'fifthtest']
3: 79.0 ['thirdtest', 'seventhtest']
--------------------------------------------------------------------------------
firsttest: ([(0, 1, 40650000000L, 0)], [(True, False, False, False)])
secondtest: ([(0, 1, 41660000000L, 1)], [(True, True, True, True)])
thirdtest: ([(0, 1, 42760000000L, 3)], [(True, True, True, True)])
fourthtest: ([(0, 1, 43740000000L, 2)], [(True, True, True, True)])
fifthtest: ([(0, 1, 37360000000L, 2)], [(True, True, True, True)])
sixthtest: ([(0, 1, 36730000000L, 1)], [(True, True, True, True)])
seventhtest: ([(0, 1, 38000000000L, 3)], [(True, True, True, True)])
eighttest: ([(0, 1, 38040000000L, 0)], [(True, True, True, True)])
--------------------------------------------------------------------------------
0: 77.0 ['firsttest', 'eighttest']
1: 79.0 ['secondtest', 'sixthtest']
2: 80.0 ['fourthtest', 'fifthtest']
3: 79.0 ['thirdtest', 'seventhtest']
--------------------------------------------------------------------------------
firsttest: ([(0, 1, 41150000000L, 0)], [(True, False, False, False)])
secondtest: ([(0, 1, 42140000000L, 2)], [(True, True, True, True)])
thirdtest: ([(0, 1, 43270000000L, 1)], [(True, True, True, True)])
fourthtest: ([(0, 1, 44250000000L, 3)], [(True, True, True, True)])
fifthtest: ([(0, 1, 37650000000L, 1)], [(True, True, True, True)])
sixthtest: ([(0, 1, 37020000000L, 2)], [(True, True, True, True)])
seventhtest: ([(0, 1, 38290000000L, 2)], [(True, True, True, True)])
eighttest: ([(0, 1, 38340000000L, 3)], [(True, True, True, True)])
--------------------------------------------------------------------------------
0: 50.0 ['firsttest']
1: 80.0 ['thirdtest', 'fifthtest']
2: 106.0 ['secondtest', 'sixthtest', 'seventhtest']
3: 81.0 ['fourthtest', 'eighttest']
--------------------------------------------------------------------------------
firsttest: ([(0, 1, 41550000000L, 0)], [(True, False, False, False)])
secondtest: ([(0, 1, 42630000000L, 3)], [(True, True, True, True)])
thirdtest: ([(0, 1, 43770000000L, 2)], [(True, True, True, True)])
fourthtest: ([(0, 1, 44750000000L, 1)], [(True, True, True, True)])
fifthtest: ([(0, 1, 37930000000L, 2)], [(True, True, True, True)])
sixthtest: ([(0, 1, 37310000000L, 0)], [(True, True, True, True)])
seventhtest: ([(0, 1, 38590000000L, 3)], [(True, True, True, True)])
eighttest: ([(0, 1, 38630000000L, 1)], [(True, True, True, True)])
--------------------------------------------------------------------------------
0: 69.0 ['firsttest', 'sixthtest']
1: 79.0 ['fourthtest', 'eighttest']
2: 78.0 ['thirdtest', 'fifthtest']
3: 79.0 ['secondtest', 'seventhtest']
--------------------------------------------------------------------------------
firsttest: ([(0, 1, 42060000000L, 0)], [(True, False, False, False)])
secondtest: ([(0, 1, 43080000000L, 1)], [(False, True, False, False)])
thirdtest: ([(0, 1, 44260000000L, 3)], [(False, False, False, True)])
fourthtest: ([(0, 1, 45260000000L, 2)], [(False, False, True, False)])
fifthtest: ([(0, 1, 38230000000L, 2)], [(False, False, True, False)])
sixthtest: ([(0, 1, 37620000000L, 0)], [(True, False, False, False)])
seventhtest: ([(0, 1, 38890000000L, 3)], [(False, False, False, True)])
eighttest: ([(0, 1, 38910000000L, 1)], [(False, True, False, False)])
--------------------------------------------------------------------------------
0: 82.0 ['firsttest', 'sixthtest']
1: 73.0 ['secondtest', 'eighttest']
2: 81.0 ['fourthtest', 'fifthtest']
3: 79.0 ['thirdtest', 'seventhtest']
--------------------------------------------------------------------------------
firsttest: ([(0, 1, 42560000000L, 0)], [(True, False, False, False)])
secondtest: ([(0, 1, 43560000000L, 1)], [(False, True, False, False)])
thirdtest: ([(0, 1, 44760000000L, 3)], [(False, False, False, True)])
fourthtest: ([(0, 1, 45760000000L, 2)], [(False, False, True, False)])
fifthtest: ([(0, 1, 38530000000L, 2)], [(False, False, True, False)])
sixthtest: ([(0, 1, 37920000000L, 0)], [(True, False, False, False)])
seventhtest: ([(0, 1, 39180000000L, 3)], [(False, False, False, True)])
eighttest: ([(0, 1, 39200000000L, 1)], [(False, True, False, False)])
--------------------------------------------------------------------------------
0: 80.0 ['firsttest', 'sixthtest']
1: 77.0 ['secondtest', 'eighttest']
2: 80.0 ['fourthtest', 'fifthtest']
3: 79.0 ['thirdtest', 'seventhtest']
--------------------------------------------------------------------------------
firsttest: ([(0, 1, 43050000000L, 0)], [(True, False, False, False)])
secondtest: ([(0, 1, 44020000000L, 1)], [(False, True, False, False)])
thirdtest: ([(0, 1, 45260000000L, 3)], [(False, False, False, True)])
fourthtest: ([(0, 1, 46270000000L, 2)], [(False, False, True, False)])
fifthtest: ([(0, 1, 38830000000L, 2)], [(False, False, True, False)])
sixthtest: ([(0, 1, 38220000000L, 0)], [(True, False, False, False)])
seventhtest: ([(0, 1, 39490000000L, 3)], [(False, False, False, True)])
eighttest: ([(0, 1, 39480000000L, 1)], [(False, True, False, False)])
--------------------------------------------------------------------------------
0: 79.0 ['firsttest', 'sixthtest']
1: 74.0 ['secondtest', 'eighttest']
2: 81.0 ['fourthtest', 'fifthtest']
3: 81.0 ['thirdtest', 'seventhtest']
--------------------------------------------------------------------------------
firsttest: ([(0, 1, 43540000000L, 0)], [(True, False, False, False)])
secondtest: ([(0, 1, 44440000000L, 1)], [(False, True, False, False)])
thirdtest: ([(0, 1, 45750000000L, 3)], [(False, False, False, True)])
fourthtest: ([(0, 1, 46780000000L, 2)], [(False, False, True, False)])
fifthtest: ([(0, 1, 39150000000L, 2)], [(False, False, True, False)])
sixthtest: ([(0, 1, 38520000000L, 0)], [(True, False, False, False)])
seventhtest: ([(0, 1, 39800000000L, 3)], [(False, False, False, True)])
eighttest: ([(0, 1, 39750000000L, 1)], [(False, True, False, False)])
--------------------------------------------------------------------------------
0: 79.0 ['firsttest', 'sixthtest']
1: 69.0 ['secondtest', 'eighttest']
2: 83.0 ['fourthtest', 'fifthtest']
3: 80.0 ['thirdtest', 'seventhtest']
--------------------------------------------------------------------------------
firsttest: ([(0, 1, 44030000000L, 0)], [(True, False, False, False)])
secondtest: ([(0, 1, 44900000000L, 1)], [(False, True, False, False)])
thirdtest: ([(0, 1, 46240000000L, 3)], [(False, False, False, True)])
fourthtest: ([(0, 1, 47290000000L, 2)], [(False, False, True, False)])
fifthtest: ([(0, 1, 39450000000L, 2)], [(False, False, True, False)])
sixthtest: ([(0, 1, 38820000000L, 0)], [(True, False, False, False)])
seventhtest: ([(0, 1, 40100000000L, 3)], [(False, False, False, True)])
eighttest: ([(0, 1, 40030000000L, 1)], [(False, True, False, False)])
--------------------------------------------------------------------------------
0: 79.0 ['firsttest', 'sixthtest']
1: 74.0 ['secondtest', 'eighttest']
2: 81.0 ['fourthtest', 'fifthtest']
3: 79.0 ['thirdtest', 'seventhtest']
--------------------------------------------------------------------------------
firsttest: ([(0, 1, 44520000000L, 0)], [(True, False, False, False)])
secondtest: ([(0, 1, 45330000000L, 1)], [(False, True, False, False)])
thirdtest: ([(0, 1, 46740000000L, 3)], [(False, False, False, True)])
fourthtest: ([(0, 1, 47800000000L, 2)], [(False, False, True, False)])
fifthtest: ([(0, 1, 39750000000L, 2)], [(False, False, True, False)])
sixthtest: ([(0, 1, 39120000000L, 0)], [(True, False, False, False)])
seventhtest: ([(0, 1, 40390000000L, 3)], [(False, False, False, True)])
eighttest: ([(0, 1, 40300000000L, 1)], [(False, True, False, False)])
--------------------------------------------------------------------------------
0: 79.0 ['firsttest', 'sixthtest']
1: 70.0 ['secondtest', 'eighttest']
2: 81.0 ['fourthtest', 'fifthtest']
3: 79.0 ['thirdtest', 'seventhtest']
--------------------------------------------------------------------------------
firsttest: ([(0, 1, 45000000000L, 0)], [(True, False, False, False)])
secondtest: ([(0, 1, 45740000000L, 1)], [(False, True, False, False)])
thirdtest: ([(0, 1, 47210000000L, 3)], [(False, False, False, True)])
fourthtest: ([(0, 1, 48300000000L, 2)], [(False, False, True, False)])
fifthtest: ([(0, 1, 40060000000L, 2)], [(False, False, True, False)])
sixthtest: ([(0, 1, 39410000000L, 0)], [(True, False, False, False)])
seventhtest: ([(0, 1, 40690000000L, 3)], [(False, False, False, True)])
eighttest: ([(0, 1, 40550000000L, 1)], [(False, True, False, False)])
--------------------------------------------------------------------------------
0: 77.0 ['firsttest', 'sixthtest']
1: 66.0 ['secondtest', 'eighttest']
2: 81.0 ['fourthtest', 'fifthtest']
3: 77.0 ['thirdtest', 'seventhtest']
--------------------------------------------------------------------------------
firsttest: ([(0, 1, 45490000000L, 0)], [(True, False, False, False)])
secondtest: ([(0, 1, 46190000000L, 1)], [(False, True, False, False)])
thirdtest: ([(0, 1, 47700000000L, 3)], [(False, False, False, True)])
fourthtest: ([(0, 1, 48790000000L, 2)], [(False, False, True, False)])
fifthtest: ([(0, 1, 40350000000L, 2)], [(False, False, True, False)])
sixthtest: ([(0, 1, 39710000000L, 0)], [(True, False, False, False)])
seventhtest: ([(0, 1, 40990000000L, 3)], [(False, False, False, True)])
eighttest: ([(0, 1, 40830000000L, 1)], [(False, True, False, False)])
--------------------------------------------------------------------------------
0: 79.0 ['firsttest', 'sixthtest']
1: 73.0 ['secondtest', 'eighttest']
2: 78.0 ['fourthtest', 'fifthtest']
3: 79.0 ['thirdtest', 'seventhtest']
--------------------------------------------------------------------------------
firsttest: ([(0, 1, 45990000000L, 0)], [(True, False, False, False)])
secondtest: ([(0, 1, 46680000000L, 1)], [(False, True, False, False)])
thirdtest: ([(0, 1, 48200000000L, 3)], [(False, False, False, True)])
fourthtest: ([(0, 1, 49300000000L, 2)], [(False, False, True, False)])
fifthtest: ([(0, 1, 40630000000L, 2)], [(False, False, True, False)])
sixthtest: ([(0, 1, 39990000000L, 0)], [(True, False, False, False)])
seventhtest: ([(0, 1, 41260000000L, 3)], [(False, False, False, True)])
eighttest: ([(0, 1, 41100000000L, 1)], [(False, True, False, False)])
--------------------------------------------------------------------------------
0: 78.0 ['firsttest', 'sixthtest']
1: 76.0 ['secondtest', 'eighttest']
2: 79.0 ['fourthtest', 'fifthtest']
3: 77.0 ['thirdtest', 'seventhtest']
--------------------------------------------------------------------------------
firsttest: ([(0, 1, 46490000000L, 0)], [(True, False, False, False)])
secondtest: ([(0, 1, 47190000000L, 1)], [(False, True, False, False)])
thirdtest: ([(0, 1, 48700000000L, 3)], [(False, False, False, True)])
fourthtest: ([(0, 1, 49810000000L, 2)], [(False, False, True, False)])
fifthtest: ([(0, 1, 40910000000L, 2)], [(False, False, True, False)])
sixthtest: ([(0, 1, 40260000000L, 0)], [(True, False, False, False)])
seventhtest: ([(0, 1, 41550000000L, 3)], [(False, False, False, True)])
eighttest: ([(0, 1, 41370000000L, 1)], [(False, True, False, False)])
--------------------------------------------------------------------------------
0: 77.0 ['firsttest', 'sixthtest']
1: 78.0 ['secondtest', 'eighttest']
2: 79.0 ['fourthtest', 'fifthtest']
3: 79.0 ['thirdtest', 'seventhtest']
--------------------------------------------------------------------------------
firsttest: ([(0, 1, 47000000000L, 0)], [(True, False, False, False)])
secondtest: ([(0, 1, 47670000000L, 1)], [(False, True, False, False)])
thirdtest: ([(0, 1, 49200000000L, 3)], [(False, False, False, True)])
fourthtest: ([(0, 1, 50320000000L, 2)], [(False, False, True, False)])
fifthtest: ([(0, 1, 41190000000L, 2)], [(False, False, True, False)])
sixthtest: ([(0, 1, 40540000000L, 0)], [(True, False, False, False)])
seventhtest: ([(0, 1, 41820000000L, 3)], [(False, False, False, True)])
eighttest: ([(0, 1, 41650000000L, 1)], [(False, True, False, False)])
--------------------------------------------------------------------------------
0: 79.0 ['firsttest', 'sixthtest']
1: 76.0 ['secondtest', 'eighttest']
2: 79.0 ['fourthtest', 'fifthtest']
3: 77.0 ['thirdtest', 'seventhtest']
--------------------------------------------------------------------------------
firsttest: ([(0, 1, 47510000000L, 0)], [(True, False, False, False)])
secondtest: ([(0, 1, 48170000000L, 1)], [(False, True, False, False)])
thirdtest: ([(0, 1, 49700000000L, 3)], [(False, False, False, True)])
fourthtest: ([(0, 1, 50830000000L, 2)], [(False, False, True, False)])
fifthtest: ([(0, 1, 41460000000L, 2)], [(False, False, True, False)])
sixthtest: ([(0, 1, 40820000000L, 0)], [(True, False, False, False)])
seventhtest: ([(0, 1, 42100000000L, 3)], [(False, False, False, True)])
eighttest: ([(0, 1, 41920000000L, 1)], [(False, True, False, False)])
--------------------------------------------------------------------------------
0: 79.0 ['firsttest', 'sixthtest']
1: 77.0 ['secondtest', 'eighttest']
2: 78.0 ['fourthtest', 'fifthtest']
3: 78.0 ['thirdtest', 'seventhtest']
--------------------------------------------------------------------------------
firsttest: ([(0, 1, 48010000000L, 0)], [(True, False, False, False)])
secondtest: ([(0, 1, 48680000000L, 1)], [(False, True, False, False)])
thirdtest: ([(0, 1, 50200000000L, 3)], [(False, False, False, True)])
fourthtest: ([(0, 1, 51340000000L, 2)], [(False, False, True, False)])
fifthtest: ([(0, 1, 41740000000L, 2)], [(False, False, True, False)])
sixthtest: ([(0, 1, 41090000000L, 0)], [(True, False, False, False)])
seventhtest: ([(0, 1, 42380000000L, 3)], [(False, False, False, True)])
eighttest: ([(0, 1, 42200000000L, 1)], [(False, True, False, False)])
--------------------------------------------------------------------------------
0: 77.0 ['firsttest', 'sixthtest']
1: 79.0 ['secondtest', 'eighttest']
2: 79.0 ['fourthtest', 'fifthtest']
3: 78.0 ['thirdtest', 'seventhtest']
--------------------------------------------------------------------------------
firsttest: ([(0, 1, 48490000000L, 0)], [(True, False, False, False)])
secondtest: ([(0, 1, 49160000000L, 1)], [(False, True, False, False)])
thirdtest: ([(0, 1, 50680000000L, 3)], [(False, False, False, True)])
fourthtest: ([(0, 1, 51840000000L, 2)], [(False, False, True, False)])
fifthtest: ([(0, 1, 42030000000L, 2)], [(False, False, True, False)])
sixthtest: ([(0, 1, 41360000000L, 0)], [(True, False, False, False)])
seventhtest: ([(0, 1, 42650000000L, 3)], [(False, False, False, True)])
eighttest: ([(0, 1, 42480000000L, 1)], [(False, True, False, False)])
--------------------------------------------------------------------------------
0: 75.0 ['firsttest', 'sixthtest']
1: 76.0 ['secondtest', 'eighttest']
2: 79.0 ['fourthtest', 'fifthtest']
3: 75.0 ['thirdtest', 'seventhtest']
--------------------------------------------------------------------------------
firsttest: ([(0, 1, 48990000000L, 0)], [(True, False, False, False)])
secondtest: ([(0, 1, 49670000000L, 1)], [(False, True, False, False)])
thirdtest: ([(0, 1, 51180000000L, 3)], [(False, False, False, True)])
fourthtest: ([(0, 1, 52350000000L, 2)], [(False, False, True, False)])
fifthtest: ([(0, 1, 42310000000L, 2)], [(False, False, True, False)])
sixthtest: ([(0, 1, 41630000000L, 0)], [(True, False, False, False)])
seventhtest: ([(0, 1, 42920000000L, 3)], [(False, False, False, True)])
eighttest: ([(0, 1, 42760000000L, 1)], [(False, True, False, False)])
--------------------------------------------------------------------------------
0: 77.0 ['firsttest', 'sixthtest']
1: 79.0 ['secondtest', 'eighttest']
2: 79.0 ['fourthtest', 'fifthtest']
3: 77.0 ['thirdtest', 'seventhtest']
--------------------------------------------------------------------------------
firsttest: ([(0, 1, 49480000000L, 0)], [(True, False, False, False)])
secondtest: ([(0, 1, 50160000000L, 1)], [(False, True, False, False)])
thirdtest: ([(0, 1, 51680000000L, 3)], [(False, False, False, True)])
fourthtest: ([(0, 1, 52850000000L, 2)], [(False, False, True, False)])
fifthtest: ([(0, 1, 42580000000L, 2)], [(False, False, True, False)])
sixthtest: ([(0, 1, 41900000000L, 0)], [(True, False, False, False)])
seventhtest: ([(0, 1, 43200000000L, 3)], [(False, False, False, True)])
eighttest: ([(0, 1, 43030000000L, 1)], [(False, True, False, False)])
--------------------------------------------------------------------------------
0: 76.0 ['firsttest', 'sixthtest']
1: 76.0 ['secondtest', 'eighttest']
2: 77.0 ['fourthtest', 'fifthtest']
3: 78.0 ['thirdtest', 'seventhtest']
--------------------------------------------------------------------------------
firsttest: ([(0, 1, 49990000000L, 0)], [(True, False, False, False)])
secondtest: ([(0, 1, 50670000000L, 1)], [(False, True, False, False)])
thirdtest: ([(0, 1, 52180000000L, 3)], [(False, False, False, True)])
fourthtest: ([(0, 1, 53360000000L, 2)], [(False, False, True, False)])
fifthtest: ([(0, 1, 42860000000L, 2)], [(False, False, True, False)])
sixthtest: ([(0, 1, 42190000000L, 0)], [(True, False, False, False)])
seventhtest: ([(0, 1, 43480000000L, 3)], [(False, False, False, True)])
eighttest: ([(0, 1, 43310000000L, 1)], [(False, True, False, False)])
--------------------------------------------------------------------------------
0: 80.0 ['firsttest', 'sixthtest']
1: 79.0 ['secondtest', 'eighttest']
2: 79.0 ['fourthtest', 'fifthtest']
3: 78.0 ['thirdtest', 'seventhtest']
--------------------------------------------------------------------------------
firsttest: ([(0, 1, 50490000000L, 0)], [(True, False, False, False)])
secondtest: ([(0, 1, 51170000000L, 1)], [(False, True, False, False)])
thirdtest: ([(0, 1, 52670000000L, 3)], [(False, False, False, True)])
fourthtest: ([(0, 1, 53860000000L, 2)], [(False, False, True, False)])
fifthtest: ([(0, 1, 43140000000L, 2)], [(False, False, True, False)])
sixthtest: ([(0, 1, 42460000000L, 0)], [(True, False, False, False)])
seventhtest: ([(0, 1, 43750000000L, 3)], [(False, False, False, True)])
eighttest: ([(0, 1, 43590000000L, 1)], [(False, True, False, False)])
--------------------------------------------------------------------------------
0: 77.0 ['firsttest', 'sixthtest']
1: 78.0 ['secondtest', 'eighttest']
2: 78.0 ['fourthtest', 'fifthtest']
3: 76.0 ['thirdtest', 'seventhtest']
--------------------------------------------------------------------------------
firsttest: ([(0, 1, 50980000000L, 0)], [(True, False, False, False)])
secondtest: ([(0, 1, 51670000000L, 1)], [(False, True, False, False)])
thirdtest: ([(0, 1, 53180000000L, 3)], [(False, False, False, True)])
fourthtest: ([(0, 1, 54370000000L, 2)], [(False, False, True, False)])
fifthtest: ([(0, 1, 43420000000L, 2)], [(False, False, True, False)])
sixthtest: ([(0, 1, 42740000000L, 0)], [(True, False, False, False)])
seventhtest: ([(0, 1, 43980000000L, 3)], [(False, False, False, True)])
eighttest: ([(0, 1, 43860000000L, 1)], [(False, True, False, False)])
--------------------------------------------------------------------------------
0: 77.0 ['firsttest', 'sixthtest']
1: 77.0 ['secondtest', 'eighttest']
2: 79.0 ['fourthtest', 'fifthtest']
3: 74.0 ['thirdtest', 'seventhtest']
--------------------------------------------------------------------------------
firsttest: ([(0, 1, 51470000000L, 0)], [(True, False, False, False)])
secondtest: ([(0, 1, 52190000000L, 1)], [(False, True, False, False)])
thirdtest: ([(0, 1, 53680000000L, 3)], [(False, False, False, True)])
fourthtest: ([(0, 1, 54870000000L, 2)], [(False, False, True, False)])
fifthtest: ([(0, 1, 43700000000L, 2)], [(False, False, True, False)])
sixthtest: ([(0, 1, 43000000000L, 0)], [(True, False, False, False)])
seventhtest: ([(0, 1, 44250000000L, 3)], [(False, False, False, True)])
eighttest: ([(0, 1, 44140000000L, 1)], [(False, True, False, False)])
--------------------------------------------------------------------------------
0: 75.0 ['firsttest', 'sixthtest']
1: 80.0 ['secondtest', 'eighttest']
2: 78.0 ['fourthtest', 'fifthtest']
3: 77.0 ['thirdtest', 'seventhtest']
--------------------------------------------------------------------------------
firsttest: ([(0, 1, 51970000000L, 0)], [(True, False, False, False)])
secondtest: ([(0, 1, 52680000000L, 1)], [(False, True, False, False)])
thirdtest: ([(0, 1, 54170000000L, 3)], [(False, False, False, True)])
fourthtest: ([(0, 1, 55380000000L, 2)], [(False, False, True, False)])
fifthtest: ([(0, 1, 43960000000L, 2)], [(False, False, True, False)])
sixthtest: ([(0, 1, 43270000000L, 0)], [(True, False, False, False)])
seventhtest: ([(0, 1, 44530000000L, 3)], [(False, False, False, True)])
eighttest: ([(0, 1, 44420000000L, 1)], [(False, True, False, False)])
--------------------------------------------------------------------------------
0: 77.0 ['firsttest', 'sixthtest']
1: 77.0 ['secondtest', 'eighttest']
2: 77.0 ['fourthtest', 'fifthtest']
3: 77.0 ['thirdtest', 'seventhtest']
--------------------------------------------------------------------------------
firsttest: ([(0, 1, 52460000000L, 0)], [(True, False, False, False)])
secondtest: ([(0, 1, 53190000000L, 1)], [(False, True, False, False)])
thirdtest: ([(0, 1, 54650000000L, 3)], [(False, False, False, True)])
fourthtest: ([(0, 1, 55890000000L, 2)], [(False, False, True, False)])
fifthtest: ([(0, 1, 44250000000L, 2)], [(False, False, True, False)])
sixthtest: ([(0, 1, 43550000000L, 0)], [(True, False, False, False)])
seventhtest: ([(0, 1, 44800000000L, 3)], [(False, False, False, True)])
eighttest: ([(0, 1, 44700000000L, 1)], [(False, True, False, False)])
--------------------------------------------------------------------------------
0: 77.0 ['firsttest', 'sixthtest']
1: 79.0 ['secondtest', 'eighttest']
2: 80.0 ['fourthtest', 'fifthtest']
3: 75.0 ['thirdtest', 'seventhtest']
--------------------------------------------------------------------------------
firsttest: ([(0, 1, 52940000000L, 0)], [(True, False, False, False)])
secondtest: ([(0, 1, 53670000000L, 1)], [(False, True, False, False)])
thirdtest: ([(0, 1, 55150000000L, 3)], [(False, False, False, True)])
fourthtest: ([(0, 1, 56400000000L, 2)], [(False, False, True, False)])
fifthtest: ([(0, 1, 44540000000L, 2)], [(False, False, True, False)])
sixthtest: ([(0, 1, 43830000000L, 0)], [(True, False, False, False)])
seventhtest: ([(0, 1, 45080000000L, 3)], [(False, False, False, True)])
eighttest: ([(0, 1, 44970000000L, 1)], [(False, True, False, False)])
--------------------------------------------------------------------------------
0: 76.0 ['firsttest', 'sixthtest']
1: 75.0 ['secondtest', 'eighttest']
2: 80.0 ['fourthtest', 'fifthtest']
3: 78.0 ['thirdtest', 'seventhtest']
--------------------------------------------------------------------------------
firsttest: ([(0, 1, 53440000000L, 0)], [(True, False, False, False)])
secondtest: ([(0, 1, 54150000000L, 1)], [(False, True, False, False)])
thirdtest: ([(0, 1, 55650000000L, 3)], [(False, False, False, True)])
fourthtest: ([(0, 1, 56900000000L, 2)], [(False, False, True, False)])
fifthtest: ([(0, 1, 44840000000L, 2)], [(False, False, True, False)])
sixthtest: ([(0, 1, 44130000000L, 0)], [(True, False, False, False)])
seventhtest: ([(0, 1, 45370000000L, 3)], [(False, False, False, True)])
eighttest: ([(0, 1, 45240000000L, 1)], [(False, True, False, False)])
--------------------------------------------------------------------------------
0: 80.0 ['firsttest', 'sixthtest']
1: 75.0 ['secondtest', 'eighttest']
2: 80.0 ['fourthtest', 'fifthtest']
3: 79.0 ['thirdtest', 'seventhtest']
--------------------------------------------------------------------------------
firsttest: ([(0, 1, 53940000000L, 0)], [(True, False, False, False)])
secondtest: ([(0, 1, 54640000000L, 1)], [(False, True, False, False)])
thirdtest: ([(0, 1, 56150000000L, 3)], [(False, False, False, True)])
fourthtest: ([(0, 1, 57410000000L, 2)], [(False, False, True, False)])
fifthtest: ([(0, 1, 45110000000L, 2)], [(False, False, True, False)])
sixthtest: ([(0, 1, 44410000000L, 0)], [(True, False, False, False)])
seventhtest: ([(0, 1, 45650000000L, 3)], [(False, False, False, True)])
eighttest: ([(0, 1, 45520000000L, 1)], [(False, True, False, False)])
--------------------------------------------------------------------------------
0: 78.0 ['firsttest', 'sixthtest']
1: 77.0 ['secondtest', 'eighttest']
2: 78.0 ['fourthtest', 'fifthtest']
3: 78.0 ['thirdtest', 'seventhtest']
--------------------------------------------------------------------------------
firsttest: ([(0, 1, 54440000000L, 0)], [(True, False, False, False)])
secondtest: ([(0, 1, 55130000000L, 1)], [(False, True, False, False)])
thirdtest: ([(0, 1, 56650000000L, 3)], [(False, False, False, True)])
fourthtest: ([(0, 1, 57920000000L, 2)], [(False, False, True, False)])
fifthtest: ([(0, 1, 45390000000L, 2)], [(False, False, True, False)])
sixthtest: ([(0, 1, 44690000000L, 0)], [(True, False, False, False)])
seventhtest: ([(0, 1, 45940000000L, 3)], [(False, False, False, True)])
eighttest: ([(0, 1, 45800000000L, 1)], [(False, True, False, False)])
--------------------------------------------------------------------------------
0: 78.0 ['firsttest', 'sixthtest']
1: 77.0 ['secondtest', 'eighttest']
2: 79.0 ['fourthtest', 'fifthtest']
3: 79.0 ['thirdtest', 'seventhtest']
--------------------------------------------------------------------------------
firsttest: ([(0, 1, 54940000000L, 0)], [(True, False, False, False)])
secondtest: ([(0, 1, 55590000000L, 1)], [(False, True, False, False)])
thirdtest: ([(0, 1, 57160000000L, 3)], [(False, False, False, True)])
fourthtest: ([(0, 1, 58430000000L, 2)], [(False, False, True, False)])
fifthtest: ([(0, 1, 45680000000L, 2)], [(False, False, True, False)])
sixthtest: ([(0, 1, 44970000000L, 0)], [(True, False, False, False)])
seventhtest: ([(0, 1, 46220000000L, 3)], [(False, False, False, True)])
eighttest: ([(0, 1, 46060000000L, 1)], [(False, True, False, False)])
--------------------------------------------------------------------------------
0: 78.0 ['firsttest', 'sixthtest']
1: 72.0 ['secondtest', 'eighttest']
2: 80.0 ['fourthtest', 'fifthtest']
3: 79.0 ['thirdtest', 'seventhtest']
--------------------------------------------------------------------------------
firsttest: ([(0, 1, 55440000000L, 0)], [(True, False, False, False)])
secondtest: ([(0, 1, 56090000000L, 1)], [(False, True, False, False)])
thirdtest: ([(0, 1, 57660000000L, 3)], [(False, False, False, True)])
fourthtest: ([(0, 1, 58940000000L, 2)], [(False, False, True, False)])
fifthtest: ([(0, 1, 45960000000L, 2)], [(False, False, True, False)])
sixthtest: ([(0, 1, 45250000000L, 0)], [(True, False, False, False)])
seventhtest: ([(0, 1, 46490000000L, 3)], [(False, False, False, True)])
eighttest: ([(0, 1, 46340000000L, 1)], [(False, True, False, False)])
--------------------------------------------------------------------------------
0: 78.0 ['firsttest', 'sixthtest']
1: 78.0 ['secondtest', 'eighttest']
2: 79.0 ['fourthtest', 'fifthtest']
3: 77.0 ['thirdtest', 'seventhtest']
--------------------------------------------------------------------------------
firsttest: ([(0, 1, 55940000000L, 0)], [(True, False, False, False)])
secondtest: ([(0, 1, 56580000000L, 1)], [(False, True, False, False)])
thirdtest: ([(0, 1, 58160000000L, 3)], [(False, False, False, True)])
fourthtest: ([(0, 1, 59450000000L, 2)], [(False, False, True, False)])
fifthtest: ([(0, 1, 46240000000L, 2)], [(False, False, True, False)])
sixthtest: ([(0, 1, 45530000000L, 0)], [(True, False, False, False)])
seventhtest: ([(0, 1, 46800000000L, 3)], [(False, False, False, True)])
eighttest: ([(0, 1, 46630000000L, 1)], [(False, True, False, False)])
--------------------------------------------------------------------------------
0: 78.0 ['firsttest', 'sixthtest']
1: 78.0 ['secondtest', 'eighttest']
2: 79.0 ['fourthtest', 'fifthtest']
3: 81.0 ['thirdtest', 'seventhtest']
--------------------------------------------------------------------------------
firsttest: ([(0, 1, 56440000000L, 0)], [(True, False, False, False)])
secondtest: ([(0, 1, 57090000000L, 1)], [(False, True, False, False)])
thirdtest: ([(0, 1, 58660000000L, 3)], [(False, False, False, True)])
fourthtest: ([(0, 1, 59970000000L, 2)], [(False, False, True, False)])
fifthtest: ([(0, 1, 46510000000L, 2)], [(False, False, True, False)])
sixthtest: ([(0, 1, 45800000000L, 0)], [(True, False, False, False)])
seventhtest: ([(0, 1, 47070000000L, 3)], [(False, False, False, True)])
eighttest: ([(0, 1, 46900000000L, 1)], [(False, True, False, False)])
--------------------------------------------------------------------------------
0: 77.0 ['firsttest', 'sixthtest']
1: 78.0 ['secondtest', 'eighttest']
2: 79.0 ['fourthtest', 'fifthtest']
3: 77.0 ['thirdtest', 'seventhtest']
--------------------------------------------------------------------------------
firsttest: ([(0, 1, 56950000000L, 0)], [(True, False, False, False)])
secondtest: ([(0, 1, 57580000000L, 1)], [(False, True, False, False)])
thirdtest: ([(0, 1, 59160000000L, 3)], [(False, False, False, True)])
fourthtest: ([(0, 1, 60480000000L, 2)], [(False, False, True, False)])
fifthtest: ([(0, 1, 46790000000L, 2)], [(False, False, True, False)])
sixthtest: ([(0, 1, 46080000000L, 0)], [(True, False, False, False)])
seventhtest: ([(0, 1, 47350000000L, 3)], [(False, False, False, True)])
eighttest: ([(0, 1, 47190000000L, 1)], [(False, True, False, False)])
--------------------------------------------------------------------------------
0: 79.0 ['firsttest', 'sixthtest']
1: 78.0 ['secondtest', 'eighttest']
2: 79.0 ['fourthtest', 'fifthtest']
3: 78.0 ['thirdtest', 'seventhtest']
--------------------------------------------------------------------------------
firsttest: ([(0, 1, 57460000000L, 0)], [(True, False, False, False)])
secondtest: ([(0, 1, 58090000000L, 1)], [(False, True, False, False)])
thirdtest: ([(0, 1, 59670000000L, 3)], [(False, False, False, True)])
fourthtest: ([(0, 1, 60990000000L, 2)], [(False, False, True, False)])
fifthtest: ([(0, 1, 47070000000L, 2)], [(False, False, True, False)])
sixthtest: ([(0, 1, 46360000000L, 0)], [(True, False, False, False)])
seventhtest: ([(0, 1, 47620000000L, 3)], [(False, False, False, True)])
eighttest: ([(0, 1, 47460000000L, 1)], [(False, True, False, False)])
--------------------------------------------------------------------------------
0: 79.0 ['firsttest', 'sixthtest']
1: 78.0 ['secondtest', 'eighttest']
2: 79.0 ['fourthtest', 'fifthtest']
3: 78.0 ['thirdtest', 'seventhtest']
--------------------------------------------------------------------------------
firsttest: ([(0, 1, 57960000000L, 0)], [(True, False, False, False)])
secondtest: ([(0, 1, 58590000000L, 1)], [(False, True, False, False)])
thirdtest: ([(0, 1, 60180000000L, 3)], [(False, False, False, True)])
fourthtest: ([(0, 1, 61490000000L, 2)], [(False, False, True, False)])
fifthtest: ([(0, 1, 47340000000L, 2)], [(False, False, True, False)])
sixthtest: ([(0, 1, 46640000000L, 0)], [(True, False, False, False)])
seventhtest: ([(0, 1, 47900000000L, 3)], [(False, False, False, True)])
eighttest: ([(0, 1, 47750000000L, 1)], [(False, True, False, False)])
--------------------------------------------------------------------------------
0: 78.0 ['firsttest', 'sixthtest']
1: 79.0 ['secondtest', 'eighttest']
2: 77.0 ['fourthtest', 'fifthtest']
3: 79.0 ['thirdtest', 'seventhtest']
--------------------------------------------------------------------------------
firsttest: ([(0, 1, 58470000000L, 0)], [(True, False, False, False)])
secondtest: ([(0, 1, 59070000000L, 1)], [(False, True, False, False)])
thirdtest: ([(0, 1, 60680000000L, 3)], [(False, False, False, True)])
fourthtest: ([(0, 1, 62000000000L, 2)], [(False, False, True, False)])
fifthtest: ([(0, 1, 47630000000L, 2)], [(False, False, True, False)])
sixthtest: ([(0, 1, 46930000000L, 0)], [(True, False, False, False)])
seventhtest: ([(0, 1, 48190000000L, 3)], [(False, False, False, True)])
eighttest: ([(0, 1, 48030000000L, 1)], [(False, True, False, False)])
--------------------------------------------------------------------------------
0: 80.0 ['firsttest', 'sixthtest']
1: 76.0 ['secondtest', 'eighttest']
2: 80.0 ['fourthtest', 'fifthtest']
3: 79.0 ['thirdtest', 'seventhtest']
--------------------------------------------------------------------------------
firsttest: ([(0, 1, 58970000000L, 0)], [(True, False, False, False)])
secondtest: ([(0, 1, 59570000000L, 1)], [(False, True, False, False)])
thirdtest: ([(0, 1, 61180000000L, 3)], [(False, False, False, True)])
fourthtest: ([(0, 1, 62510000000L, 2)], [(False, False, True, False)])
fifthtest: ([(0, 1, 47900000000L, 2)], [(False, False, True, False)])
sixthtest: ([(0, 1, 47210000000L, 0)], [(True, False, False, False)])
seventhtest: ([(0, 1, 48470000000L, 3)], [(False, False, False, True)])
eighttest: ([(0, 1, 48310000000L, 1)], [(False, True, False, False)])
--------------------------------------------------------------------------------
0: 78.0 ['firsttest', 'sixthtest']
1: 78.0 ['secondtest', 'eighttest']
2: 78.0 ['fourthtest', 'fifthtest']
3: 78.0 ['thirdtest', 'seventhtest']
--------------------------------------------------------------------------------
firsttest: ([(0, 1, 59480000000L, 0)], [(True, False, False, False)])
secondtest: ([(0, 1, 60070000000L, 1)], [(False, True, False, False)])
thirdtest: ([(0, 1, 61680000000L, 3)], [(False, False, False, True)])
fourthtest: ([(0, 1, 63010000000L, 2)], [(False, False, True, False)])
fifthtest: ([(0, 1, 48200000000L, 2)], [(False, False, True, False)])
sixthtest: ([(0, 1, 47500000000L, 0)], [(True, False, False, False)])
seventhtest: ([(0, 1, 48750000000L, 3)], [(False, False, False, True)])
eighttest: ([(0, 1, 48590000000L, 1)], [(False, True, False, False)])
--------------------------------------------------------------------------------
0: 80.0 ['firsttest', 'sixthtest']
1: 78.0 ['secondtest', 'eighttest']
2: 80.0 ['fourthtest', 'fifthtest']
3: 78.0 ['thirdtest', 'seventhtest']
--------------------------------------------------------------------------------
firsttest: ([(0, 1, 59980000000L, 0)], [(True, False, False, False)])
secondtest: ([(0, 1, 60550000000L, 1)], [(False, True, False, False)])
thirdtest: ([(0, 1, 62190000000L, 3)], [(False, False, False, True)])
fourthtest: ([(0, 1, 63520000000L, 2)], [(False, False, True, False)])
fifthtest: ([(0, 1, 48470000000L, 2)], [(False, False, True, False)])
sixthtest: ([(0, 1, 47780000000L, 0)], [(True, False, False, False)])
seventhtest: ([(0, 1, 49030000000L, 3)], [(False, False, False, True)])
eighttest: ([(0, 1, 48870000000L, 1)], [(False, True, False, False)])
--------------------------------------------------------------------------------
0: 78.0 ['firsttest', 'sixthtest']
1: 76.0 ['secondtest', 'eighttest']
2: 78.0 ['fourthtest', 'fifthtest']
3: 79.0 ['thirdtest', 'seventhtest']
--------------------------------------------------------------------------------
firsttest: ([(0, 1, 60500000000L, 0)], [(True, False, False, False)])
secondtest: ([(0, 1, 61060000000L, 1)], [(False, True, False, False)])
thirdtest: ([(0, 1, 62680000000L, 3)], [(False, False, False, True)])
fourthtest: ([(0, 1, 64030000000L, 2)], [(False, False, True, False)])
fifthtest: ([(0, 1, 48750000000L, 2)], [(False, False, True, False)])
sixthtest: ([(0, 1, 48050000000L, 0)], [(True, False, False, False)])
seventhtest: ([(0, 1, 49310000000L, 3)], [(False, False, False, True)])
eighttest: ([(0, 1, 49140000000L, 1)], [(False, True, False, False)])
--------------------------------------------------------------------------------
0: 79.0 ['firsttest', 'sixthtest']
1: 78.0 ['secondtest', 'eighttest']
2: 79.0 ['fourthtest', 'fifthtest']
3: 77.0 ['thirdtest', 'seventhtest']
--------------------------------------------------------------------------------
firsttest: ([(0, 1, 61000000000L, 0)], [(True, False, False, False)])
secondtest: ([(0, 1, 61550000000L, 1)], [(False, True, False, False)])
thirdtest: ([(0, 1, 63190000000L, 3)], [(False, False, False, True)])
fourthtest: ([(0, 1, 64540000000L, 2)], [(False, False, True, False)])
fifthtest: ([(0, 1, 49030000000L, 2)], [(False, False, True, False)])
sixthtest: ([(0, 1, 48330000000L, 0)], [(True, False, False, False)])
seventhtest: ([(0, 1, 49580000000L, 3)], [(False, False, False, True)])
eighttest: ([(0, 1, 49420000000L, 1)], [(False, True, False, False)])
--------------------------------------------------------------------------------
0: 78.0 ['firsttest', 'sixthtest']
1: 77.0 ['secondtest', 'eighttest']
2: 79.0 ['fourthtest', 'fifthtest']
3: 78.0 ['thirdtest', 'seventhtest']
--------------------------------------------------------------------------------
firsttest: ([(0, 1, 61510000000L, 0)], [(True, False, False, False)])
secondtest: ([(0, 1, 62050000000L, 1)], [(False, True, False, False)])
thirdtest: ([(0, 1, 63670000000L, 3)], [(False, False, False, True)])
fourthtest: ([(0, 1, 65050000000L, 2)], [(False, False, True, False)])
fifthtest: ([(0, 1, 49310000000L, 2)], [(False, False, True, False)])
sixthtest: ([(0, 1, 48610000000L, 0)], [(True, False, False, False)])
seventhtest: ([(0, 1, 49850000000L, 3)], [(False, False, False, True)])
eighttest: ([(0, 1, 49700000000L, 1)], [(False, True, False, False)])
--------------------------------------------------------------------------------
0: 79.0 ['firsttest', 'sixthtest']
1: 78.0 ['secondtest', 'eighttest']
2: 79.0 ['fourthtest', 'fifthtest']
3: 75.0 ['thirdtest', 'seventhtest']
--------------------------------------------------------------------------------
firsttest: ([(0, 1, 62010000000L, 0)], [(True, False, False, False)])
secondtest: ([(0, 1, 62560000000L, 1)], [(False, True, False, False)])
thirdtest: ([(0, 1, 64170000000L, 3)], [(False, False, False, True)])
fourthtest: ([(0, 1, 65550000000L, 2)], [(False, False, True, False)])
fifthtest: ([(0, 1, 49590000000L, 2)], [(False, False, True, False)])
sixthtest: ([(0, 1, 48890000000L, 0)], [(True, False, False, False)])
seventhtest: ([(0, 1, 50130000000L, 3)], [(False, False, False, True)])
eighttest: ([(0, 1, 49980000000L, 1)], [(False, True, False, False)])
--------------------------------------------------------------------------------
0: 78.0 ['firsttest', 'sixthtest']
1: 79.0 ['secondtest', 'eighttest']
2: 78.0 ['fourthtest', 'fifthtest']
3: 78.0 ['thirdtest', 'seventhtest']
--------------------------------------------------------------------------------
firsttest: ([(0, 1, 62520000000L, 0)], [(True, False, False, False)])
secondtest: ([(0, 1, 63060000000L, 1)], [(False, True, False, False)])
thirdtest: ([(0, 1, 64650000000L, 3)], [(False, False, False, True)])
fourthtest: ([(0, 1, 66060000000L, 2)], [(False, False, True, False)])
fifthtest: ([(0, 1, 49870000000L, 2)], [(False, False, True, False)])
sixthtest: ([(0, 1, 49170000000L, 0)], [(True, False, False, False)])
seventhtest: ([(0, 1, 50400000000L, 3)], [(False, False, False, True)])
eighttest: ([(0, 1, 50270000000L, 1)], [(False, True, False, False)])
--------------------------------------------------------------------------------
0: 79.0 ['firsttest', 'sixthtest']
1: 79.0 ['secondtest', 'eighttest']
2: 79.0 ['fourthtest', 'fifthtest']
3: 75.0 ['thirdtest', 'seventhtest']
--------------------------------------------------------------------------------
firsttest: ([(0, 1, 63030000000L, 0)], [(True, False, False, False)])
secondtest: ([(0, 1, 63520000000L, 1)], [(False, True, False, False)])
thirdtest: ([(0, 1, 65130000000L, 3)], [(False, False, False, True)])
fourthtest: ([(0, 1, 66560000000L, 2)], [(False, False, True, False)])
fifthtest: ([(0, 1, 50150000000L, 2)], [(False, False, True, False)])
sixthtest: ([(0, 1, 49460000000L, 0)], [(True, False, False, False)])
seventhtest: ([(0, 1, 50680000000L, 3)], [(False, False, False, True)])
eighttest: ([(0, 1, 50530000000L, 1)], [(False, True, False, False)])
--------------------------------------------------------------------------------
0: 80.0 ['firsttest', 'sixthtest']
1: 72.0 ['secondtest', 'eighttest']
2: 78.0 ['fourthtest', 'fifthtest']
3: 76.0 ['thirdtest', 'seventhtest']
--------------------------------------------------------------------------------
firsttest: ([(0, 1, 63520000000L, 0)], [(True, False, False, False)])
secondtest: ([(0, 1, 64020000000L, 1)], [(False, True, False, False)])
thirdtest: ([(0, 1, 65560000000L, 3)], [(False, False, False, True)])
fourthtest: ([(0, 1, 67070000000L, 2)], [(False, False, True, False)])
fifthtest: ([(0, 1, 50430000000L, 2)], [(False, False, True, False)])
sixthtest: ([(0, 1, 49740000000L, 0)], [(True, False, False, False)])
seventhtest: ([(0, 1, 50920000000L, 3)], [(False, False, False, True)])
eighttest: ([(0, 1, 50820000000L, 1)], [(False, True, False, False)])
--------------------------------------------------------------------------------
0: 77.0 ['firsttest', 'sixthtest']
1: 79.0 ['secondtest', 'eighttest']
2: 79.0 ['fourthtest', 'fifthtest']
3: 67.0 ['thirdtest', 'seventhtest']
--------------------------------------------------------------------------------
firsttest: ([(0, 1, 64030000000L, 0)], [(True, False, False, False)])
secondtest: ([(0, 1, 64510000000L, 1)], [(False, True, False, False)])
thirdtest: ([(0, 1, 66050000000L, 3)], [(False, False, False, True)])
fourthtest: ([(0, 1, 67580000000L, 2)], [(False, False, True, False)])
fifthtest: ([(0, 1, 50710000000L, 2)], [(False, False, True, False)])
sixthtest: ([(0, 1, 50020000000L, 0)], [(True, False, False, False)])
seventhtest: ([(0, 1, 51200000000L, 3)], [(False, False, False, True)])
eighttest: ([(0, 1, 51090000000L, 1)], [(False, True, False, False)])
--------------------------------------------------------------------------------
0: 79.0 ['firsttest', 'sixthtest']
1: 76.0 ['secondtest', 'eighttest']
2: 79.0 ['fourthtest', 'fifthtest']
3: 77.0 ['thirdtest', 'seventhtest']
--------------------------------------------------------------------------------
firsttest: ([(0, 1, 64540000000L, 0)], [(True, False, False, False)])
secondtest: ([(0, 1, 65010000000L, 1)], [(False, True, False, False)])
thirdtest: ([(0, 1, 66560000000L, 3)], [(False, False, False, True)])
fourthtest: ([(0, 1, 68090000000L, 2)], [(False, False, True, False)])
fifthtest: ([(0, 1, 51000000000L, 2)], [(False, False, True, False)])
sixthtest: ([(0, 1, 50300000000L, 0)], [(True, False, False, False)])
seventhtest: ([(0, 1, 51480000000L, 3)], [(False, False, False, True)])
eighttest: ([(0, 1, 51370000000L, 1)], [(False, True, False, False)])
--------------------------------------------------------------------------------
0: 79.0 ['firsttest', 'sixthtest']
1: 78.0 ['secondtest', 'eighttest']
2: 80.0 ['fourthtest', 'fifthtest']
3: 79.0 ['thirdtest', 'seventhtest']
--------------------------------------------------------------------------------
firsttest: ([(0, 1, 65050000000L, 0)], [(True, False, False, False)])
secondtest: ([(0, 1, 65520000000L, 1)], [(False, True, False, False)])
thirdtest: ([(0, 1, 67070000000L, 3)], [(False, False, False, True)])
fourthtest: ([(0, 1, 68590000000L, 2)], [(False, False, True, False)])
fifthtest: ([(0, 1, 51280000000L, 2)], [(False, False, True, False)])
sixthtest: ([(0, 1, 50580000000L, 0)], [(True, False, False, False)])
seventhtest: ([(0, 1, 51760000000L, 3)], [(False, False, False, True)])
eighttest: ([(0, 1, 51660000000L, 1)], [(False, True, False, False)])
--------------------------------------------------------------------------------
0: 79.0 ['firsttest', 'sixthtest']
1: 80.0 ['secondtest', 'eighttest']
2: 78.0 ['fourthtest', 'fifthtest']
3: 79.0 ['thirdtest', 'seventhtest']
--------------------------------------------------------------------------------
firsttest: ([(0, 1, 65550000000L, 0)], [(True, False, False, False)])
secondtest: ([(0, 1, 66020000000L, 1)], [(False, True, False, False)])
thirdtest: ([(0, 1, 67570000000L, 3)], [(False, False, False, True)])
fourthtest: ([(0, 1, 69100000000L, 2)], [(False, False, True, False)])
fifthtest: ([(0, 1, 51550000000L, 2)], [(False, False, True, False)])
sixthtest: ([(0, 1, 50860000000L, 0)], [(True, False, False, False)])
seventhtest: ([(0, 1, 52040000000L, 3)], [(False, False, False, True)])
eighttest: ([(0, 1, 51940000000L, 1)], [(False, True, False, False)])
--------------------------------------------------------------------------------
0: 78.0 ['firsttest', 'sixthtest']
1: 78.0 ['secondtest', 'eighttest']
2: 78.0 ['fourthtest', 'fifthtest']
3: 78.0 ['thirdtest', 'seventhtest']
--------------------------------------------------------------------------------
firsttest: ([(0, 1, 66060000000L, 0)], [(True, False, False, False)])
secondtest: ([(0, 1, 66510000000L, 1)], [(False, True, False, False)])
thirdtest: ([(0, 1, 68070000000L, 3)], [(False, False, False, True)])
fourthtest: ([(0, 1, 69620000000L, 2)], [(False, False, True, False)])
fifthtest: ([(0, 1, 51830000000L, 2)], [(False, False, True, False)])
sixthtest: ([(0, 1, 51130000000L, 0)], [(True, False, False, False)])
seventhtest: ([(0, 1, 52310000000L, 3)], [(False, False, False, True)])
eighttest: ([(0, 1, 52210000000L, 1)], [(False, True, False, False)])
--------------------------------------------------------------------------------
0: 78.0 ['firsttest', 'sixthtest']
1: 76.0 ['secondtest', 'eighttest']
2: 80.0 ['fourthtest', 'fifthtest']
3: 77.0 ['thirdtest', 'seventhtest']
--------------------------------------------------------------------------------
firsttest: ([(0, 1, 66560000000L, 0)], [(True, False, False, False)])
secondtest: ([(0, 1, 67020000000L, 1)], [(False, True, False, False)])
thirdtest: ([(0, 1, 68570000000L, 3)], [(False, False, False, True)])
fourthtest: ([(0, 1, 70120000000L, 2)], [(False, False, True, False)])
fifthtest: ([(0, 1, 52110000000L, 2)], [(False, False, True, False)])
sixthtest: ([(0, 1, 51410000000L, 0)], [(True, False, False, False)])
seventhtest: ([(0, 1, 52580000000L, 3)], [(False, False, False, True)])
eighttest: ([(0, 1, 52490000000L, 1)], [(False, True, False, False)])
--------------------------------------------------------------------------------
0: 78.0 ['firsttest', 'sixthtest']
1: 79.0 ['secondtest', 'eighttest']
2: 78.0 ['fourthtest', 'fifthtest']
3: 77.0 ['thirdtest', 'seventhtest']
--------------------------------------------------------------------------------
firsttest: ([(0, 1, 67070000000L, 0)], [(True, False, False, False)])
secondtest: ([(0, 1, 67520000000L, 1)], [(False, True, False, False)])
thirdtest: ([(0, 1, 69050000000L, 3)], [(False, False, False, True)])
fourthtest: ([(0, 1, 70630000000L, 2)], [(False, False, True, False)])
fifthtest: ([(0, 1, 52380000000L, 2)], [(False, False, True, False)])
sixthtest: ([(0, 1, 51680000000L, 0)], [(True, False, False, False)])
seventhtest: ([(0, 1, 52850000000L, 3)], [(False, False, False, True)])
eighttest: ([(0, 1, 52770000000L, 1)], [(False, True, False, False)])
--------------------------------------------------------------------------------
0: 78.0 ['firsttest', 'sixthtest']
1: 78.0 ['secondtest', 'eighttest']
2: 78.0 ['fourthtest', 'fifthtest']
3: 75.0 ['thirdtest', 'seventhtest']
--------------------------------------------------------------------------------
firsttest: ([(0, 1, 67580000000L, 0)], [(True, False, False, False)])
secondtest: ([(0, 1, 68010000000L, 1)], [(False, True, False, False)])
thirdtest: ([(0, 1, 69530000000L, 3)], [(False, False, False, True)])
fourthtest: ([(0, 1, 71070000000L, 2)], [(False, False, True, False)])
fifthtest: ([(0, 1, 52630000000L, 2)], [(False, False, True, False)])
sixthtest: ([(0, 1, 51970000000L, 0)], [(True, False, False, False)])
seventhtest: ([(0, 1, 53120000000L, 3)], [(False, False, False, True)])
eighttest: ([(0, 1, 53050000000L, 1)], [(False, True, False, False)])
--------------------------------------------------------------------------------
0: 80.0 ['firsttest', 'sixthtest']
1: 77.0 ['secondtest', 'eighttest']
2: 69.0 ['fourthtest', 'fifthtest']
3: 75.0 ['thirdtest', 'seventhtest']
--------------------------------------------------------------------------------
firsttest: ([(0, 1, 68070000000L, 0)], [(True, False, False, False)])
secondtest: ([(0, 1, 68500000000L, 1)], [(False, True, False, False)])
thirdtest: ([(0, 1, 69970000000L, 3)], [(False, False, False, True)])
fourthtest: ([(0, 1, 71580000000L, 2)], [(False, False, True, False)])
fifthtest: ([(0, 1, 52910000000L, 2)], [(False, False, True, False)])
sixthtest: ([(0, 1, 52250000000L, 0)], [(True, False, False, False)])
seventhtest: ([(0, 1, 53360000000L, 3)], [(False, False, False, True)])
eighttest: ([(0, 1, 53320000000L, 1)], [(False, True, False, False)])
--------------------------------------------------------------------------------
0: 77.0 ['firsttest', 'sixthtest']
1: 76.0 ['secondtest', 'eighttest']
2: 79.0 ['fourthtest', 'fifthtest']
3: 68.0 ['thirdtest', 'seventhtest']
--------------------------------------------------------------------------------
firsttest: ([(0, 1, 68580000000L, 0)], [(True, False, False, False)])
secondtest: ([(0, 1, 69000000000L, 1)], [(False, True, False, False)])
thirdtest: ([(0, 1, 70460000000L, 3)], [(False, False, False, True)])
fourthtest: ([(0, 1, 72080000000L, 2)], [(False, False, True, False)])
fifthtest: ([(0, 1, 53190000000L, 2)], [(False, False, True, False)])
sixthtest: ([(0, 1, 52520000000L, 0)], [(True, False, False, False)])
seventhtest: ([(0, 1, 53630000000L, 3)], [(False, False, False, True)])
eighttest: ([(0, 1, 53610000000L, 1)], [(False, True, False, False)])
--------------------------------------------------------------------------------
0: 78.0 ['firsttest', 'sixthtest']
1: 79.0 ['secondtest', 'eighttest']
2: 78.0 ['fourthtest', 'fifthtest']
3: 76.0 ['thirdtest', 'seventhtest']
--------------------------------------------------------------------------------
firsttest: ([(0, 1, 69080000000L, 0)], [(True, False, False, False)])
secondtest: ([(0, 1, 69510000000L, 1)], [(False, True, False, False)])
thirdtest: ([(0, 1, 70960000000L, 3)], [(False, False, False, True)])
fourthtest: ([(0, 1, 72590000000L, 2)], [(False, False, True, False)])
fifthtest: ([(0, 1, 53480000000L, 2)], [(False, False, True, False)])
sixthtest: ([(0, 1, 52800000000L, 0)], [(True, False, False, False)])
seventhtest: ([(0, 1, 53900000000L, 3)], [(False, False, False, True)])
eighttest: ([(0, 1, 53890000000L, 1)], [(False, True, False, False)])
--------------------------------------------------------------------------------
0: 78.0 ['firsttest', 'sixthtest']
1: 79.0 ['secondtest', 'eighttest']
2: 80.0 ['fourthtest', 'fifthtest']
3: 77.0 ['thirdtest', 'seventhtest']
--------------------------------------------------------------------------------
^CTraceback (most recent call last):
  File "monitor.py", line 72, in <module>
    s.run()
  File "/usr/lib/python2.7/sched.py", line 111, in run
    delayfunc(time - now)
KeyboardInterrupt
]0;havishchennamraj@ubuntu: ~/AOS/Vcpu-Scheduler-and-Memory-Coordinator/cs6210Project1_test/test/cpu[01;32mhavishchennamraj@ubuntu[00m:[01;34m~/AOS/Vcpu-Scheduler-and-Memory-Coordinator/cs6210Project1_test/test/cpu[00m$ exir
No command 'exir' found, did you mean:
 Command 'exif' from package 'exif' (universe)
 Command 'exim' from package 'exim4-daemon-light' (main)
 Command 'exim' from package 'exim4-daemon-heavy' (main)
 Command 'expr' from package 'coreutils' (main)
exir: command not found
]0;havishchennamraj@ubuntu: ~/AOS/Vcpu-Scheduler-and-Memory-Coordinator/cs6210Project1_test/test/cpu[01;32mhavishchennamraj@ubuntu[00m:[01;34m~/AOS/Vcpu-Scheduler-and-Memory-Coordinator/cs6210Project1_test/test/cpu[00m$ exit
exit

Script done on Sat 29 Sep 2018 12:05:30 PM PDT
