Script started on Sat 29 Sep 2018 11:52:37 AM PDT
]0;havishchennamraj@ubuntu: ~/AOS/Vcpu-Scheduler-and-Memory-Coordinator/cs6210Project1_test/test/cpu[01;32mhavishchennamraj@ubuntu[00m:[01;34m~/AOS/Vcpu-Scheduler-and-Memory-Coordinator/cs6210Project1_test/test/cpu[00m$ python monitor.py 
firsttest: ([(0, 1, 35110000000L, 3)], [(True, True, True, True)])
secondtest: ([(0, 1, 34480000000L, 2)], [(True, True, True, True)])
thirdtest: ([(0, 1, 35710000000L, 0)], [(True, True, True, True)])
fourthtest: ([(0, 1, 37660000000L, 3)], [(True, True, True, True)])
fifthtest: ([(0, 1, 32960000000L, 1)], [(True, True, True, True)])
sixthtest: ([(0, 1, 33190000000L, 3)], [(True, True, True, True)])
seventhtest: ([(0, 1, 31690000000L, 1)], [(True, True, True, True)])
eighttest: ([(0, 1, 32860000000L, 2)], [(True, True, True, True)])
--------------------------------------------------------------------------------
0: 0.0 []
1: 0.0 []
2: 0.0 []
3: 0.0 []
--------------------------------------------------------------------------------
firsttest: ([(0, 1, 35120000000L, 3)], [(True, True, True, True)])
secondtest: ([(0, 1, 34480000000L, 2)], [(True, True, True, True)])
thirdtest: ([(0, 1, 35720000000L, 1)], [(True, True, True, True)])
fourthtest: ([(0, 1, 37660000000L, 3)], [(True, True, True, True)])
fifthtest: ([(0, 1, 32970000000L, 1)], [(True, True, True, True)])
sixthtest: ([(0, 1, 33190000000L, 0)], [(True, True, True, True)])
seventhtest: ([(0, 1, 31700000000L, 0)], [(True, True, True, True)])
eighttest: ([(0, 1, 32890000000L, 2)], [(True, True, True, True)])
--------------------------------------------------------------------------------
0: 1.0 ['sixthtest', 'seventhtest']
1: 2.0 ['thirdtest', 'fifthtest']
2: 3.0 ['secondtest', 'eighttest']
3: 1.0 ['firsttest', 'fourthtest']
--------------------------------------------------------------------------------
firsttest: ([(0, 1, 35130000000L, 3)], [(True, True, True, True)])
secondtest: ([(0, 1, 34480000000L, 2)], [(True, True, True, True)])
thirdtest: ([(0, 1, 35720000000L, 1)], [(True, True, True, True)])
fourthtest: ([(0, 1, 37670000000L, 3)], [(True, True, True, True)])
fifthtest: ([(0, 1, 32970000000L, 1)], [(True, True, True, True)])
sixthtest: ([(0, 1, 33190000000L, 0)], [(True, True, True, True)])
seventhtest: ([(0, 1, 31710000000L, 1)], [(True, True, True, True)])
eighttest: ([(0, 1, 32890000000L, 1)], [(True, True, True, True)])
--------------------------------------------------------------------------------
0: 0.0 ['sixthtest']
1: 1.0 ['thirdtest', 'fifthtest', 'seventhtest', 'eighttest']
2: 0.0 ['secondtest']
3: 2.0 ['firsttest', 'fourthtest']
--------------------------------------------------------------------------------
firsttest: ([(0, 1, 35130000000L, 3)], [(True, True, True, True)])
secondtest: ([(0, 1, 34480000000L, 3)], [(True, True, True, True)])
thirdtest: ([(0, 1, 35720000000L, 1)], [(True, True, True, True)])
fourthtest: ([(0, 1, 37680000000L, 3)], [(True, True, True, True)])
fifthtest: ([(0, 1, 32970000000L, 1)], [(True, True, True, True)])
sixthtest: ([(0, 1, 33210000000L, 1)], [(True, True, True, True)])
seventhtest: ([(0, 1, 31710000000L, 1)], [(True, True, True, True)])
eighttest: ([(0, 1, 32900000000L, 3)], [(True, True, True, True)])
--------------------------------------------------------------------------------
0: 0.0 []
1: 2.0 ['thirdtest', 'fifthtest', 'sixthtest', 'seventhtest']
2: 0.0 []
3: 2.0 ['firsttest', 'secondtest', 'fourthtest', 'eighttest']
--------------------------------------------------------------------------------
firsttest: ([(0, 1, 35130000000L, 3)], [(True, True, True, True)])
secondtest: ([(0, 1, 34490000000L, 3)], [(True, True, True, True)])
thirdtest: ([(0, 1, 35730000000L, 0)], [(True, True, True, True)])
fourthtest: ([(0, 1, 37680000000L, 3)], [(True, True, True, True)])
fifthtest: ([(0, 1, 32980000000L, 0)], [(True, True, True, True)])
sixthtest: ([(0, 1, 33210000000L, 1)], [(True, True, True, True)])
seventhtest: ([(0, 1, 31710000000L, 1)], [(True, True, True, True)])
eighttest: ([(0, 1, 32900000000L, 0)], [(True, True, True, True)])
--------------------------------------------------------------------------------
0: 2.0 ['thirdtest', 'fifthtest', 'eighttest']
1: 0.0 ['sixthtest', 'seventhtest']
2: 0.0 []
3: 1.0 ['firsttest', 'secondtest', 'fourthtest']
--------------------------------------------------------------------------------
firsttest: ([(0, 1, 35130000000L, 2)], [(True, True, True, True)])
secondtest: ([(0, 1, 34500000000L, 3)], [(True, True, True, True)])
thirdtest: ([(0, 1, 35730000000L, 0)], [(True, True, True, True)])
fourthtest: ([(0, 1, 37680000000L, 0)], [(True, True, True, True)])
fifthtest: ([(0, 1, 32980000000L, 0)], [(True, True, True, True)])
sixthtest: ([(0, 1, 33210000000L, 1)], [(True, True, True, True)])
seventhtest: ([(0, 1, 31710000000L, 1)], [(True, True, True, True)])
eighttest: ([(0, 1, 32900000000L, 0)], [(True, True, True, True)])
--------------------------------------------------------------------------------
0: 0.0 ['thirdtest', 'fourthtest', 'fifthtest', 'eighttest']
1: 0.0 ['sixthtest', 'seventhtest']
2: 0.0 ['firsttest']
3: 1.0 ['secondtest']
--------------------------------------------------------------------------------
firsttest: ([(0, 1, 35130000000L, 2)], [(True, True, True, True)])
secondtest: ([(0, 1, 34500000000L, 3)], [(True, True, True, True)])
thirdtest: ([(0, 1, 35740000000L, 0)], [(True, True, True, True)])
fourthtest: ([(0, 1, 37680000000L, 0)], [(True, True, True, True)])
fifthtest: ([(0, 1, 32980000000L, 3)], [(True, True, True, True)])
sixthtest: ([(0, 1, 33210000000L, 1)], [(True, True, True, True)])
seventhtest: ([(0, 1, 31710000000L, 1)], [(True, True, True, True)])
eighttest: ([(0, 1, 32900000000L, 1)], [(True, True, True, True)])
--------------------------------------------------------------------------------
0: 1.0 ['thirdtest', 'fourthtest']
1: 0.0 ['sixthtest', 'seventhtest', 'eighttest']
2: 0.0 ['firsttest']
3: 0.0 ['secondtest', 'fifthtest']
--------------------------------------------------------------------------------
firsttest: ([(0, 1, 35130000000L, 2)], [(True, True, True, True)])
secondtest: ([(0, 1, 34500000000L, 3)], [(True, True, True, True)])
thirdtest: ([(0, 1, 35740000000L, 0)], [(True, True, True, True)])
fourthtest: ([(0, 1, 37680000000L, 0)], [(True, True, True, True)])
fifthtest: ([(0, 1, 32980000000L, 3)], [(True, True, True, True)])
sixthtest: ([(0, 1, 33220000000L, 1)], [(True, True, True, True)])
seventhtest: ([(0, 1, 31710000000L, 1)], [(True, True, True, True)])
eighttest: ([(0, 1, 32900000000L, 1)], [(True, True, True, True)])
--------------------------------------------------------------------------------
0: 0.0 ['thirdtest', 'fourthtest']
1: 1.0 ['sixthtest', 'seventhtest', 'eighttest']
2: 0.0 ['firsttest']
3: 0.0 ['secondtest', 'fifthtest']
--------------------------------------------------------------------------------
firsttest: ([(0, 1, 35130000000L, 1)], [(True, True, True, True)])
secondtest: ([(0, 1, 34500000000L, 3)], [(True, True, True, True)])
thirdtest: ([(0, 1, 35740000000L, 0)], [(True, True, True, True)])
fourthtest: ([(0, 1, 37680000000L, 0)], [(True, True, True, True)])
fifthtest: ([(0, 1, 32980000000L, 3)], [(True, True, True, True)])
sixthtest: ([(0, 1, 33220000000L, 1)], [(True, True, True, True)])
seventhtest: ([(0, 1, 31710000000L, 2)], [(True, True, True, True)])
eighttest: ([(0, 1, 32900000000L, 1)], [(True, True, True, True)])
--------------------------------------------------------------------------------
0: 0.0 ['thirdtest', 'fourthtest']
1: 0.0 ['firsttest', 'sixthtest', 'eighttest']
2: 0.0 ['seventhtest']
3: 0.0 ['secondtest', 'fifthtest']
--------------------------------------------------------------------------------
firsttest: ([(0, 1, 35140000000L, 1)], [(True, True, True, True)])
secondtest: ([(0, 1, 34500000000L, 3)], [(True, True, True, True)])
thirdtest: ([(0, 1, 35740000000L, 0)], [(True, True, True, True)])
fourthtest: ([(0, 1, 37680000000L, 0)], [(True, True, True, True)])
fifthtest: ([(0, 1, 32990000000L, 0)], [(True, True, True, True)])
sixthtest: ([(0, 1, 33220000000L, 1)], [(True, True, True, True)])
seventhtest: ([(0, 1, 31720000000L, 2)], [(True, True, True, True)])
eighttest: ([(0, 1, 32910000000L, 1)], [(True, True, True, True)])
--------------------------------------------------------------------------------
0: 1.0 ['thirdtest', 'fourthtest', 'fifthtest']
1: 2.0 ['firsttest', 'sixthtest', 'eighttest']
2: 1.0 ['seventhtest']
3: 0.0 ['secondtest']
--------------------------------------------------------------------------------
firsttest: ([(0, 1, 35140000000L, 1)], [(True, True, True, True)])
secondtest: ([(0, 1, 34500000000L, 3)], [(True, True, True, True)])
thirdtest: ([(0, 1, 35740000000L, 0)], [(True, True, True, True)])
fourthtest: ([(0, 1, 37690000000L, 1)], [(True, True, True, True)])
fifthtest: ([(0, 1, 32990000000L, 0)], [(True, True, True, True)])
sixthtest: ([(0, 1, 33220000000L, 0)], [(True, True, True, True)])
seventhtest: ([(0, 1, 31720000000L, 3)], [(True, True, True, True)])
eighttest: ([(0, 1, 32910000000L, 1)], [(True, True, True, True)])
--------------------------------------------------------------------------------
0: 0.0 ['thirdtest', 'fifthtest', 'sixthtest']
1: 1.0 ['firsttest', 'fourthtest', 'eighttest']
2: 0.0 []
3: 0.0 ['secondtest', 'seventhtest']
--------------------------------------------------------------------------------
firsttest: ([(0, 1, 35140000000L, 1)], [(True, True, True, True)])
secondtest: ([(0, 1, 34500000000L, 3)], [(True, True, True, True)])
thirdtest: ([(0, 1, 35740000000L, 0)], [(True, True, True, True)])
fourthtest: ([(0, 1, 37690000000L, 1)], [(True, True, True, True)])
fifthtest: ([(0, 1, 32990000000L, 0)], [(True, True, True, True)])
sixthtest: ([(0, 1, 33220000000L, 0)], [(True, True, True, True)])
seventhtest: ([(0, 1, 31720000000L, 3)], [(True, True, True, True)])
eighttest: ([(0, 1, 32920000000L, 1)], [(True, True, True, True)])
--------------------------------------------------------------------------------
0: 0.0 ['thirdtest', 'fifthtest', 'sixthtest']
1: 1.0 ['firsttest', 'fourthtest', 'eighttest']
2: 0.0 []
3: 0.0 ['secondtest', 'seventhtest']
--------------------------------------------------------------------------------
firsttest: ([(0, 1, 35140000000L, 0)], [(True, False, False, False)])
secondtest: ([(0, 1, 34500000000L, 1)], [(False, True, False, False)])
thirdtest: ([(0, 1, 35740000000L, 2)], [(False, False, True, False)])
fourthtest: ([(0, 1, 37690000000L, 3)], [(False, False, False, True)])
fifthtest: ([(0, 1, 32990000000L, 0)], [(True, False, False, False)])
sixthtest: ([(0, 1, 33220000000L, 1)], [(False, True, False, False)])
seventhtest: ([(0, 1, 31720000000L, 2)], [(False, False, True, False)])
eighttest: ([(0, 1, 32920000000L, 3)], [(False, False, False, True)])
--------------------------------------------------------------------------------
0: 0.0 ['firsttest', 'fifthtest']
1: 0.0 ['secondtest', 'sixthtest']
2: 0.0 ['thirdtest', 'seventhtest']
3: 0.0 ['fourthtest', 'eighttest']
--------------------------------------------------------------------------------
firsttest: ([(0, 1, 35140000000L, 0)], [(True, False, False, False)])
secondtest: ([(0, 1, 34510000000L, 1)], [(False, True, False, False)])
thirdtest: ([(0, 1, 35740000000L, 2)], [(False, False, True, False)])
fourthtest: ([(0, 1, 37690000000L, 3)], [(False, False, False, True)])
fifthtest: ([(0, 1, 32990000000L, 0)], [(True, False, False, False)])
sixthtest: ([(0, 1, 33220000000L, 1)], [(False, True, False, False)])
seventhtest: ([(0, 1, 31720000000L, 2)], [(False, False, True, False)])
eighttest: ([(0, 1, 32920000000L, 3)], [(False, False, False, True)])
--------------------------------------------------------------------------------
0: 0.0 ['firsttest', 'fifthtest']
1: 1.0 ['secondtest', 'sixthtest']
2: 0.0 ['thirdtest', 'seventhtest']
3: 0.0 ['fourthtest', 'eighttest']
--------------------------------------------------------------------------------
firsttest: ([(0, 1, 35250000000L, 0)], [(True, False, False, False)])
secondtest: ([(0, 1, 34650000000L, 1)], [(False, True, False, False)])
thirdtest: ([(0, 1, 35880000000L, 2)], [(False, False, True, False)])
fourthtest: ([(0, 1, 37850000000L, 3)], [(False, False, False, True)])
fifthtest: ([(0, 1, 33100000000L, 0)], [(True, False, False, False)])
sixthtest: ([(0, 1, 33340000000L, 1)], [(False, True, False, False)])
seventhtest: ([(0, 1, 31840000000L, 2)], [(False, False, True, False)])
eighttest: ([(0, 1, 33020000000L, 3)], [(False, False, False, True)])
--------------------------------------------------------------------------------
0: 22.0 ['firsttest', 'fifthtest']
1: 26.0 ['secondtest', 'sixthtest']
2: 26.0 ['thirdtest', 'seventhtest']
3: 26.0 ['fourthtest', 'eighttest']
--------------------------------------------------------------------------------
firsttest: ([(0, 1, 35640000000L, 0)], [(True, False, False, False)])
secondtest: ([(0, 1, 35110000000L, 1)], [(False, True, False, False)])
thirdtest: ([(0, 1, 36290000000L, 2)], [(False, False, True, False)])
fourthtest: ([(0, 1, 38280000000L, 3)], [(False, False, False, True)])
fifthtest: ([(0, 1, 33460000000L, 0)], [(True, False, False, False)])
sixthtest: ([(0, 1, 33800000000L, 1)], [(False, True, False, False)])
seventhtest: ([(0, 1, 32220000000L, 2)], [(False, False, True, False)])
eighttest: ([(0, 1, 33480000000L, 3)], [(False, False, False, True)])
--------------------------------------------------------------------------------
0: 75.0 ['firsttest', 'fifthtest']
1: 92.0 ['secondtest', 'sixthtest']
2: 79.0 ['thirdtest', 'seventhtest']
3: 89.0 ['fourthtest', 'eighttest']
--------------------------------------------------------------------------------
firsttest: ([(0, 1, 36060000000L, 0)], [(True, False, False, False)])
secondtest: ([(0, 1, 35520000000L, 1)], [(False, True, False, False)])
thirdtest: ([(0, 1, 36680000000L, 2)], [(False, False, True, False)])
fourthtest: ([(0, 1, 38700000000L, 3)], [(False, False, False, True)])
fifthtest: ([(0, 1, 33880000000L, 0)], [(True, False, False, False)])
sixthtest: ([(0, 1, 34230000000L, 1)], [(False, True, False, False)])
seventhtest: ([(0, 1, 32630000000L, 2)], [(False, False, True, False)])
eighttest: ([(0, 1, 33890000000L, 3)], [(False, False, False, True)])
--------------------------------------------------------------------------------
0: 84.0 ['firsttest', 'fifthtest']
1: 84.0 ['secondtest', 'sixthtest']
2: 80.0 ['thirdtest', 'seventhtest']
3: 83.0 ['fourthtest', 'eighttest']
--------------------------------------------------------------------------------
firsttest: ([(0, 1, 36480000000L, 0)], [(True, False, False, False)])
secondtest: ([(0, 1, 35930000000L, 1)], [(False, True, False, False)])
thirdtest: ([(0, 1, 37090000000L, 2)], [(False, False, True, False)])
fourthtest: ([(0, 1, 39110000000L, 3)], [(False, False, False, True)])
fifthtest: ([(0, 1, 34300000000L, 0)], [(True, False, False, False)])
sixthtest: ([(0, 1, 34640000000L, 1)], [(False, True, False, False)])
seventhtest: ([(0, 1, 33040000000L, 2)], [(False, False, True, False)])
eighttest: ([(0, 1, 34290000000L, 3)], [(False, False, False, True)])
--------------------------------------------------------------------------------
0: 84.0 ['firsttest', 'fifthtest']
1: 82.0 ['secondtest', 'sixthtest']
2: 82.0 ['thirdtest', 'seventhtest']
3: 81.0 ['fourthtest', 'eighttest']
--------------------------------------------------------------------------------
firsttest: ([(0, 1, 36900000000L, 0)], [(True, False, False, False)])
secondtest: ([(0, 1, 36350000000L, 1)], [(False, True, False, False)])
thirdtest: ([(0, 1, 37510000000L, 2)], [(False, False, True, False)])
fourthtest: ([(0, 1, 39520000000L, 3)], [(False, False, False, True)])
fifthtest: ([(0, 1, 34720000000L, 0)], [(True, False, False, False)])
sixthtest: ([(0, 1, 35060000000L, 1)], [(False, True, False, False)])
seventhtest: ([(0, 1, 33450000000L, 2)], [(False, False, True, False)])
eighttest: ([(0, 1, 34700000000L, 3)], [(False, False, False, True)])
--------------------------------------------------------------------------------
0: 84.0 ['firsttest', 'fifthtest']
1: 84.0 ['secondtest', 'sixthtest']
2: 83.0 ['thirdtest', 'seventhtest']
3: 82.0 ['fourthtest', 'eighttest']
--------------------------------------------------------------------------------
firsttest: ([(0, 1, 37320000000L, 0)], [(True, False, False, False)])
secondtest: ([(0, 1, 36760000000L, 1)], [(False, True, False, False)])
thirdtest: ([(0, 1, 37920000000L, 2)], [(False, False, True, False)])
fourthtest: ([(0, 1, 39930000000L, 3)], [(False, False, False, True)])
fifthtest: ([(0, 1, 35150000000L, 0)], [(True, False, False, False)])
sixthtest: ([(0, 1, 35470000000L, 1)], [(False, True, False, False)])
seventhtest: ([(0, 1, 33870000000L, 2)], [(False, False, True, False)])
eighttest: ([(0, 1, 35120000000L, 3)], [(False, False, False, True)])
--------------------------------------------------------------------------------
0: 85.0 ['firsttest', 'fifthtest']
1: 82.0 ['secondtest', 'sixthtest']
2: 83.0 ['thirdtest', 'seventhtest']
3: 83.0 ['fourthtest', 'eighttest']
--------------------------------------------------------------------------------
firsttest: ([(0, 1, 37750000000L, 0)], [(True, False, False, False)])
secondtest: ([(0, 1, 37170000000L, 1)], [(False, True, False, False)])
thirdtest: ([(0, 1, 38340000000L, 2)], [(False, False, True, False)])
fourthtest: ([(0, 1, 40350000000L, 3)], [(False, False, False, True)])
fifthtest: ([(0, 1, 35560000000L, 0)], [(True, False, False, False)])
sixthtest: ([(0, 1, 35890000000L, 1)], [(False, True, False, False)])
seventhtest: ([(0, 1, 34280000000L, 2)], [(False, False, True, False)])
eighttest: ([(0, 1, 35530000000L, 3)], [(False, False, False, True)])
--------------------------------------------------------------------------------
0: 84.0 ['firsttest', 'fifthtest']
1: 83.0 ['secondtest', 'sixthtest']
2: 83.0 ['thirdtest', 'seventhtest']
3: 83.0 ['fourthtest', 'eighttest']
--------------------------------------------------------------------------------
firsttest: ([(0, 1, 38170000000L, 0)], [(True, False, False, False)])
secondtest: ([(0, 1, 37590000000L, 1)], [(False, True, False, False)])
thirdtest: ([(0, 1, 38760000000L, 2)], [(False, False, True, False)])
fourthtest: ([(0, 1, 40770000000L, 3)], [(False, False, False, True)])
fifthtest: ([(0, 1, 35980000000L, 0)], [(True, False, False, False)])
sixthtest: ([(0, 1, 36300000000L, 1)], [(False, True, False, False)])
seventhtest: ([(0, 1, 34700000000L, 2)], [(False, False, True, False)])
eighttest: ([(0, 1, 35950000000L, 3)], [(False, False, False, True)])
--------------------------------------------------------------------------------
0: 84.0 ['firsttest', 'fifthtest']
1: 83.0 ['secondtest', 'sixthtest']
2: 84.0 ['thirdtest', 'seventhtest']
3: 84.0 ['fourthtest', 'eighttest']
--------------------------------------------------------------------------------
firsttest: ([(0, 1, 38590000000L, 0)], [(True, False, False, False)])
secondtest: ([(0, 1, 38010000000L, 1)], [(False, True, False, False)])
thirdtest: ([(0, 1, 39180000000L, 2)], [(False, False, True, False)])
fourthtest: ([(0, 1, 41180000000L, 3)], [(False, False, False, True)])
fifthtest: ([(0, 1, 36400000000L, 0)], [(True, False, False, False)])
sixthtest: ([(0, 1, 36710000000L, 1)], [(False, True, False, False)])
seventhtest: ([(0, 1, 35120000000L, 2)], [(False, False, True, False)])
eighttest: ([(0, 1, 36360000000L, 3)], [(False, False, False, True)])
--------------------------------------------------------------------------------
0: 84.0 ['firsttest', 'fifthtest']
1: 83.0 ['secondtest', 'sixthtest']
2: 84.0 ['thirdtest', 'seventhtest']
3: 82.0 ['fourthtest', 'eighttest']
--------------------------------------------------------------------------------
firsttest: ([(0, 1, 39020000000L, 0)], [(True, False, False, False)])
secondtest: ([(0, 1, 38420000000L, 1)], [(False, True, False, False)])
thirdtest: ([(0, 1, 39610000000L, 2)], [(False, False, True, False)])
fourthtest: ([(0, 1, 41600000000L, 3)], [(False, False, False, True)])
fifthtest: ([(0, 1, 36830000000L, 0)], [(True, False, False, False)])
sixthtest: ([(0, 1, 37130000000L, 1)], [(False, True, False, False)])
seventhtest: ([(0, 1, 35540000000L, 2)], [(False, False, True, False)])
eighttest: ([(0, 1, 36790000000L, 3)], [(False, False, False, True)])
--------------------------------------------------------------------------------
0: 86.0 ['firsttest', 'fifthtest']
1: 83.0 ['secondtest', 'sixthtest']
2: 85.0 ['thirdtest', 'seventhtest']
3: 85.0 ['fourthtest', 'eighttest']
--------------------------------------------------------------------------------
firsttest: ([(0, 1, 39440000000L, 0)], [(True, False, False, False)])
secondtest: ([(0, 1, 38840000000L, 1)], [(False, True, False, False)])
thirdtest: ([(0, 1, 40030000000L, 2)], [(False, False, True, False)])
fourthtest: ([(0, 1, 42010000000L, 3)], [(False, False, False, True)])
fifthtest: ([(0, 1, 37250000000L, 0)], [(True, False, False, False)])
sixthtest: ([(0, 1, 37540000000L, 1)], [(False, True, False, False)])
seventhtest: ([(0, 1, 35960000000L, 2)], [(False, False, True, False)])
eighttest: ([(0, 1, 37200000000L, 3)], [(False, False, False, True)])
--------------------------------------------------------------------------------
0: 84.0 ['firsttest', 'fifthtest']
1: 83.0 ['secondtest', 'sixthtest']
2: 84.0 ['thirdtest', 'seventhtest']
3: 82.0 ['fourthtest', 'eighttest']
--------------------------------------------------------------------------------
firsttest: ([(0, 1, 39850000000L, 0)], [(True, False, False, False)])
secondtest: ([(0, 1, 39230000000L, 1)], [(False, True, False, False)])
thirdtest: ([(0, 1, 40440000000L, 2)], [(False, False, True, False)])
fourthtest: ([(0, 1, 42410000000L, 3)], [(False, False, False, True)])
fifthtest: ([(0, 1, 37660000000L, 0)], [(True, False, False, False)])
sixthtest: ([(0, 1, 37930000000L, 1)], [(False, True, False, False)])
seventhtest: ([(0, 1, 36360000000L, 2)], [(False, False, True, False)])
eighttest: ([(0, 1, 37590000000L, 3)], [(False, False, False, True)])
--------------------------------------------------------------------------------
0: 82.0 ['firsttest', 'fifthtest']
1: 78.0 ['secondtest', 'sixthtest']
2: 81.0 ['thirdtest', 'seventhtest']
3: 79.0 ['fourthtest', 'eighttest']
--------------------------------------------------------------------------------
firsttest: ([(0, 1, 40270000000L, 0)], [(True, False, False, False)])
secondtest: ([(0, 1, 39640000000L, 1)], [(False, True, False, False)])
thirdtest: ([(0, 1, 40840000000L, 2)], [(False, False, True, False)])
fourthtest: ([(0, 1, 42820000000L, 3)], [(False, False, False, True)])
fifthtest: ([(0, 1, 38080000000L, 0)], [(True, False, False, False)])
sixthtest: ([(0, 1, 38340000000L, 1)], [(False, True, False, False)])
seventhtest: ([(0, 1, 36780000000L, 2)], [(False, False, True, False)])
eighttest: ([(0, 1, 38000000000L, 3)], [(False, False, False, True)])
--------------------------------------------------------------------------------
0: 84.0 ['firsttest', 'fifthtest']
1: 82.0 ['secondtest', 'sixthtest']
2: 82.0 ['thirdtest', 'seventhtest']
3: 82.0 ['fourthtest', 'eighttest']
--------------------------------------------------------------------------------
firsttest: ([(0, 1, 40700000000L, 0)], [(True, False, False, False)])
secondtest: ([(0, 1, 40060000000L, 1)], [(False, True, False, False)])
thirdtest: ([(0, 1, 41230000000L, 2)], [(False, False, True, False)])
fourthtest: ([(0, 1, 43180000000L, 3)], [(False, False, False, True)])
fifthtest: ([(0, 1, 38500000000L, 0)], [(True, False, False, False)])
sixthtest: ([(0, 1, 38760000000L, 1)], [(False, True, False, False)])
seventhtest: ([(0, 1, 37170000000L, 2)], [(False, False, True, False)])
eighttest: ([(0, 1, 38360000000L, 3)], [(False, False, False, True)])
--------------------------------------------------------------------------------
0: 85.0 ['firsttest', 'fifthtest']
1: 84.0 ['secondtest', 'sixthtest']
2: 78.0 ['thirdtest', 'seventhtest']
3: 72.0 ['fourthtest', 'eighttest']
--------------------------------------------------------------------------------
firsttest: ([(0, 1, 41130000000L, 0)], [(True, False, False, False)])
secondtest: ([(0, 1, 40470000000L, 1)], [(False, True, False, False)])
thirdtest: ([(0, 1, 41650000000L, 2)], [(False, False, True, False)])
fourthtest: ([(0, 1, 43590000000L, 3)], [(False, False, False, True)])
fifthtest: ([(0, 1, 38930000000L, 0)], [(True, False, False, False)])
sixthtest: ([(0, 1, 39170000000L, 1)], [(False, True, False, False)])
seventhtest: ([(0, 1, 37600000000L, 2)], [(False, False, True, False)])
eighttest: ([(0, 1, 38780000000L, 3)], [(False, False, False, True)])
--------------------------------------------------------------------------------
0: 86.0 ['firsttest', 'fifthtest']
1: 82.0 ['secondtest', 'sixthtest']
2: 85.0 ['thirdtest', 'seventhtest']
3: 83.0 ['fourthtest', 'eighttest']
--------------------------------------------------------------------------------
firsttest: ([(0, 1, 41540000000L, 0)], [(True, False, False, False)])
secondtest: ([(0, 1, 40880000000L, 1)], [(False, True, False, False)])
thirdtest: ([(0, 1, 42070000000L, 2)], [(False, False, True, False)])
fourthtest: ([(0, 1, 44010000000L, 3)], [(False, False, False, True)])
fifthtest: ([(0, 1, 39340000000L, 0)], [(True, False, False, False)])
sixthtest: ([(0, 1, 39590000000L, 1)], [(False, True, False, False)])
seventhtest: ([(0, 1, 38010000000L, 2)], [(False, False, True, False)])
eighttest: ([(0, 1, 39190000000L, 3)], [(False, False, False, True)])
--------------------------------------------------------------------------------
0: 82.0 ['firsttest', 'fifthtest']
1: 83.0 ['secondtest', 'sixthtest']
2: 83.0 ['thirdtest', 'seventhtest']
3: 83.0 ['fourthtest', 'eighttest']
--------------------------------------------------------------------------------
firsttest: ([(0, 1, 41960000000L, 0)], [(True, False, False, False)])
secondtest: ([(0, 1, 41270000000L, 1)], [(False, True, False, False)])
thirdtest: ([(0, 1, 42490000000L, 2)], [(False, False, True, False)])
fourthtest: ([(0, 1, 44410000000L, 3)], [(False, False, False, True)])
fifthtest: ([(0, 1, 39760000000L, 0)], [(True, False, False, False)])
sixthtest: ([(0, 1, 39970000000L, 1)], [(False, True, False, False)])
seventhtest: ([(0, 1, 38420000000L, 2)], [(False, False, True, False)])
eighttest: ([(0, 1, 39590000000L, 3)], [(False, False, False, True)])
--------------------------------------------------------------------------------
0: 84.0 ['firsttest', 'fifthtest']
1: 77.0 ['secondtest', 'sixthtest']
2: 83.0 ['thirdtest', 'seventhtest']
3: 80.0 ['fourthtest', 'eighttest']
--------------------------------------------------------------------------------
firsttest: ([(0, 1, 42370000000L, 0)], [(True, False, False, False)])
secondtest: ([(0, 1, 41690000000L, 1)], [(False, True, False, False)])
thirdtest: ([(0, 1, 42910000000L, 2)], [(False, False, True, False)])
fourthtest: ([(0, 1, 44820000000L, 3)], [(False, False, False, True)])
fifthtest: ([(0, 1, 40170000000L, 0)], [(True, False, False, False)])
sixthtest: ([(0, 1, 40390000000L, 1)], [(False, True, False, False)])
seventhtest: ([(0, 1, 38840000000L, 2)], [(False, False, True, False)])
eighttest: ([(0, 1, 40000000000L, 3)], [(False, False, False, True)])
--------------------------------------------------------------------------------
0: 82.0 ['firsttest', 'fifthtest']
1: 84.0 ['secondtest', 'sixthtest']
2: 84.0 ['thirdtest', 'seventhtest']
3: 82.0 ['fourthtest', 'eighttest']
--------------------------------------------------------------------------------
firsttest: ([(0, 1, 42770000000L, 0)], [(True, False, False, False)])
secondtest: ([(0, 1, 42090000000L, 1)], [(False, True, False, False)])
thirdtest: ([(0, 1, 43320000000L, 2)], [(False, False, True, False)])
fourthtest: ([(0, 1, 45230000000L, 3)], [(False, False, False, True)])
fifthtest: ([(0, 1, 40590000000L, 0)], [(True, False, False, False)])
sixthtest: ([(0, 1, 40790000000L, 1)], [(False, True, False, False)])
seventhtest: ([(0, 1, 39250000000L, 2)], [(False, False, True, False)])
eighttest: ([(0, 1, 40420000000L, 3)], [(False, False, False, True)])
--------------------------------------------------------------------------------
0: 82.0 ['firsttest', 'fifthtest']
1: 80.0 ['secondtest', 'sixthtest']
2: 82.0 ['thirdtest', 'seventhtest']
3: 83.0 ['fourthtest', 'eighttest']
--------------------------------------------------------------------------------
firsttest: ([(0, 1, 43200000000L, 0)], [(True, False, False, False)])
secondtest: ([(0, 1, 42510000000L, 1)], [(False, True, False, False)])
thirdtest: ([(0, 1, 43730000000L, 2)], [(False, False, True, False)])
fourthtest: ([(0, 1, 45650000000L, 3)], [(False, False, False, True)])
fifthtest: ([(0, 1, 41000000000L, 0)], [(True, False, False, False)])
sixthtest: ([(0, 1, 41210000000L, 1)], [(False, True, False, False)])
seventhtest: ([(0, 1, 39680000000L, 2)], [(False, False, True, False)])
eighttest: ([(0, 1, 40840000000L, 3)], [(False, False, False, True)])
--------------------------------------------------------------------------------
0: 84.0 ['firsttest', 'fifthtest']
1: 84.0 ['secondtest', 'sixthtest']
2: 84.0 ['thirdtest', 'seventhtest']
3: 84.0 ['fourthtest', 'eighttest']
--------------------------------------------------------------------------------
firsttest: ([(0, 1, 43620000000L, 0)], [(True, False, False, False)])
secondtest: ([(0, 1, 42930000000L, 1)], [(False, True, False, False)])
thirdtest: ([(0, 1, 44140000000L, 2)], [(False, False, True, False)])
fourthtest: ([(0, 1, 46070000000L, 3)], [(False, False, False, True)])
fifthtest: ([(0, 1, 41420000000L, 0)], [(True, False, False, False)])
sixthtest: ([(0, 1, 41630000000L, 1)], [(False, True, False, False)])
seventhtest: ([(0, 1, 40100000000L, 2)], [(False, False, True, False)])
eighttest: ([(0, 1, 41260000000L, 3)], [(False, False, False, True)])
--------------------------------------------------------------------------------
0: 84.0 ['firsttest', 'fifthtest']
1: 84.0 ['secondtest', 'sixthtest']
2: 83.0 ['thirdtest', 'seventhtest']
3: 84.0 ['fourthtest', 'eighttest']
--------------------------------------------------------------------------------
firsttest: ([(0, 1, 44030000000L, 0)], [(True, False, False, False)])
secondtest: ([(0, 1, 43350000000L, 1)], [(False, True, False, False)])
thirdtest: ([(0, 1, 44560000000L, 2)], [(False, False, True, False)])
fourthtest: ([(0, 1, 46480000000L, 3)], [(False, False, False, True)])
fifthtest: ([(0, 1, 41840000000L, 0)], [(True, False, False, False)])
sixthtest: ([(0, 1, 42050000000L, 1)], [(False, True, False, False)])
seventhtest: ([(0, 1, 40520000000L, 2)], [(False, False, True, False)])
eighttest: ([(0, 1, 41670000000L, 3)], [(False, False, False, True)])
--------------------------------------------------------------------------------
0: 83.0 ['firsttest', 'fifthtest']
1: 84.0 ['secondtest', 'sixthtest']
2: 84.0 ['thirdtest', 'seventhtest']
3: 82.0 ['fourthtest', 'eighttest']
--------------------------------------------------------------------------------
firsttest: ([(0, 1, 44450000000L, 0)], [(True, False, False, False)])
secondtest: ([(0, 1, 43750000000L, 1)], [(False, True, False, False)])
thirdtest: ([(0, 1, 44970000000L, 2)], [(False, False, True, False)])
fourthtest: ([(0, 1, 46890000000L, 3)], [(False, False, False, True)])
fifthtest: ([(0, 1, 42250000000L, 0)], [(True, False, False, False)])
sixthtest: ([(0, 1, 42440000000L, 1)], [(False, True, False, False)])
seventhtest: ([(0, 1, 40930000000L, 2)], [(False, False, True, False)])
eighttest: ([(0, 1, 42080000000L, 3)], [(False, False, False, True)])
--------------------------------------------------------------------------------
0: 83.0 ['firsttest', 'fifthtest']
1: 79.0 ['secondtest', 'sixthtest']
2: 82.0 ['thirdtest', 'seventhtest']
3: 82.0 ['fourthtest', 'eighttest']
--------------------------------------------------------------------------------
firsttest: ([(0, 1, 44870000000L, 0)], [(True, False, False, False)])
secondtest: ([(0, 1, 44170000000L, 1)], [(False, True, False, False)])
thirdtest: ([(0, 1, 45400000000L, 2)], [(False, False, True, False)])
fourthtest: ([(0, 1, 47320000000L, 3)], [(False, False, False, True)])
fifthtest: ([(0, 1, 42680000000L, 0)], [(True, False, False, False)])
sixthtest: ([(0, 1, 42880000000L, 1)], [(False, True, False, False)])
seventhtest: ([(0, 1, 41350000000L, 2)], [(False, False, True, False)])
eighttest: ([(0, 1, 42510000000L, 3)], [(False, False, False, True)])
--------------------------------------------------------------------------------
0: 85.0 ['firsttest', 'fifthtest']
1: 86.0 ['secondtest', 'sixthtest']
2: 85.0 ['thirdtest', 'seventhtest']
3: 86.0 ['fourthtest', 'eighttest']
--------------------------------------------------------------------------------
firsttest: ([(0, 1, 45290000000L, 0)], [(True, False, False, False)])
secondtest: ([(0, 1, 44590000000L, 1)], [(False, True, False, False)])
thirdtest: ([(0, 1, 45810000000L, 2)], [(False, False, True, False)])
fourthtest: ([(0, 1, 47730000000L, 3)], [(False, False, False, True)])
fifthtest: ([(0, 1, 43100000000L, 0)], [(True, False, False, False)])
sixthtest: ([(0, 1, 43300000000L, 1)], [(False, True, False, False)])
seventhtest: ([(0, 1, 41770000000L, 2)], [(False, False, True, False)])
eighttest: ([(0, 1, 42920000000L, 3)], [(False, False, False, True)])
--------------------------------------------------------------------------------
0: 84.0 ['firsttest', 'fifthtest']
1: 84.0 ['secondtest', 'sixthtest']
2: 83.0 ['thirdtest', 'seventhtest']
3: 82.0 ['fourthtest', 'eighttest']
--------------------------------------------------------------------------------
firsttest: ([(0, 1, 45720000000L, 0)], [(True, False, False, False)])
secondtest: ([(0, 1, 45000000000L, 1)], [(False, True, False, False)])
thirdtest: ([(0, 1, 46220000000L, 2)], [(False, False, True, False)])
fourthtest: ([(0, 1, 48150000000L, 3)], [(False, False, False, True)])
fifthtest: ([(0, 1, 43520000000L, 0)], [(True, False, False, False)])
sixthtest: ([(0, 1, 43700000000L, 1)], [(False, True, False, False)])
seventhtest: ([(0, 1, 42170000000L, 2)], [(False, False, True, False)])
eighttest: ([(0, 1, 43340000000L, 3)], [(False, False, False, True)])
--------------------------------------------------------------------------------
0: 85.0 ['firsttest', 'fifthtest']
1: 81.0 ['secondtest', 'sixthtest']
2: 81.0 ['thirdtest', 'seventhtest']
3: 84.0 ['fourthtest', 'eighttest']
--------------------------------------------------------------------------------
firsttest: ([(0, 1, 46150000000L, 0)], [(True, False, False, False)])
secondtest: ([(0, 1, 45410000000L, 1)], [(False, True, False, False)])
thirdtest: ([(0, 1, 46630000000L, 2)], [(False, False, True, False)])
fourthtest: ([(0, 1, 48570000000L, 3)], [(False, False, False, True)])
fifthtest: ([(0, 1, 43940000000L, 0)], [(True, False, False, False)])
sixthtest: ([(0, 1, 44110000000L, 1)], [(False, True, False, False)])
seventhtest: ([(0, 1, 42590000000L, 2)], [(False, False, True, False)])
eighttest: ([(0, 1, 43770000000L, 3)], [(False, False, False, True)])
--------------------------------------------------------------------------------
0: 85.0 ['firsttest', 'fifthtest']
1: 82.0 ['secondtest', 'sixthtest']
2: 83.0 ['thirdtest', 'seventhtest']
3: 85.0 ['fourthtest', 'eighttest']
--------------------------------------------------------------------------------
firsttest: ([(0, 1, 46550000000L, 0)], [(True, False, False, False)])
secondtest: ([(0, 1, 45830000000L, 1)], [(False, True, False, False)])
thirdtest: ([(0, 1, 47050000000L, 2)], [(False, False, True, False)])
fourthtest: ([(0, 1, 48990000000L, 3)], [(False, False, False, True)])
fifthtest: ([(0, 1, 44370000000L, 0)], [(True, False, False, False)])
sixthtest: ([(0, 1, 44530000000L, 1)], [(False, True, False, False)])
seventhtest: ([(0, 1, 43000000000L, 2)], [(False, False, True, False)])
eighttest: ([(0, 1, 44190000000L, 3)], [(False, False, False, True)])
--------------------------------------------------------------------------------
0: 83.0 ['firsttest', 'fifthtest']
1: 84.0 ['secondtest', 'sixthtest']
2: 83.0 ['thirdtest', 'seventhtest']
3: 84.0 ['fourthtest', 'eighttest']
--------------------------------------------------------------------------------
firsttest: ([(0, 1, 46980000000L, 0)], [(True, False, False, False)])
secondtest: ([(0, 1, 46250000000L, 1)], [(False, True, False, False)])
thirdtest: ([(0, 1, 47470000000L, 2)], [(False, False, True, False)])
fourthtest: ([(0, 1, 49420000000L, 3)], [(False, False, False, True)])
fifthtest: ([(0, 1, 44790000000L, 0)], [(True, False, False, False)])
sixthtest: ([(0, 1, 44950000000L, 1)], [(False, True, False, False)])
seventhtest: ([(0, 1, 43420000000L, 2)], [(False, False, True, False)])
eighttest: ([(0, 1, 44600000000L, 3)], [(False, False, False, True)])
--------------------------------------------------------------------------------
0: 85.0 ['firsttest', 'fifthtest']
1: 84.0 ['secondtest', 'sixthtest']
2: 84.0 ['thirdtest', 'seventhtest']
3: 84.0 ['fourthtest', 'eighttest']
--------------------------------------------------------------------------------
firsttest: ([(0, 1, 47400000000L, 0)], [(True, False, False, False)])
secondtest: ([(0, 1, 46680000000L, 1)], [(False, True, False, False)])
thirdtest: ([(0, 1, 47890000000L, 2)], [(False, False, True, False)])
fourthtest: ([(0, 1, 49830000000L, 3)], [(False, False, False, True)])
fifthtest: ([(0, 1, 45210000000L, 0)], [(True, False, False, False)])
sixthtest: ([(0, 1, 45360000000L, 1)], [(False, True, False, False)])
seventhtest: ([(0, 1, 43830000000L, 2)], [(False, False, True, False)])
eighttest: ([(0, 1, 45020000000L, 3)], [(False, False, False, True)])
--------------------------------------------------------------------------------
0: 84.0 ['firsttest', 'fifthtest']
1: 84.0 ['secondtest', 'sixthtest']
2: 83.0 ['thirdtest', 'seventhtest']
3: 83.0 ['fourthtest', 'eighttest']
--------------------------------------------------------------------------------
firsttest: ([(0, 1, 47820000000L, 0)], [(True, False, False, False)])
secondtest: ([(0, 1, 47080000000L, 1)], [(False, True, False, False)])
thirdtest: ([(0, 1, 48290000000L, 2)], [(False, False, True, False)])
fourthtest: ([(0, 1, 50260000000L, 3)], [(False, False, False, True)])
fifthtest: ([(0, 1, 45620000000L, 0)], [(True, False, False, False)])
sixthtest: ([(0, 1, 45790000000L, 1)], [(False, True, False, False)])
seventhtest: ([(0, 1, 44260000000L, 2)], [(False, False, True, False)])
eighttest: ([(0, 1, 45440000000L, 3)], [(False, False, False, True)])
--------------------------------------------------------------------------------
0: 83.0 ['firsttest', 'fifthtest']
1: 83.0 ['secondtest', 'sixthtest']
2: 83.0 ['thirdtest', 'seventhtest']
3: 85.0 ['fourthtest', 'eighttest']
--------------------------------------------------------------------------------
firsttest: ([(0, 1, 48240000000L, 0)], [(True, False, False, False)])
secondtest: ([(0, 1, 47490000000L, 1)], [(False, True, False, False)])
thirdtest: ([(0, 1, 48700000000L, 2)], [(False, False, True, False)])
fourthtest: ([(0, 1, 50690000000L, 3)], [(False, False, False, True)])
fifthtest: ([(0, 1, 46040000000L, 0)], [(True, False, False, False)])
sixthtest: ([(0, 1, 46210000000L, 1)], [(False, True, False, False)])
seventhtest: ([(0, 1, 44670000000L, 2)], [(False, False, True, False)])
eighttest: ([(0, 1, 45850000000L, 3)], [(False, False, False, True)])
--------------------------------------------------------------------------------
0: 84.0 ['firsttest', 'fifthtest']
1: 83.0 ['secondtest', 'sixthtest']
2: 82.0 ['thirdtest', 'seventhtest']
3: 84.0 ['fourthtest', 'eighttest']
--------------------------------------------------------------------------------
firsttest: ([(0, 1, 48660000000L, 0)], [(True, False, False, False)])
secondtest: ([(0, 1, 47900000000L, 1)], [(False, True, False, False)])
thirdtest: ([(0, 1, 49110000000L, 2)], [(False, False, True, False)])
fourthtest: ([(0, 1, 51100000000L, 3)], [(False, False, False, True)])
fifthtest: ([(0, 1, 46460000000L, 0)], [(True, False, False, False)])
sixthtest: ([(0, 1, 46630000000L, 1)], [(False, True, False, False)])
seventhtest: ([(0, 1, 45090000000L, 2)], [(False, False, True, False)])
eighttest: ([(0, 1, 46260000000L, 3)], [(False, False, False, True)])
--------------------------------------------------------------------------------
0: 84.0 ['firsttest', 'fifthtest']
1: 83.0 ['secondtest', 'sixthtest']
2: 83.0 ['thirdtest', 'seventhtest']
3: 82.0 ['fourthtest', 'eighttest']
--------------------------------------------------------------------------------
firsttest: ([(0, 1, 49080000000L, 0)], [(True, False, False, False)])
secondtest: ([(0, 1, 48330000000L, 1)], [(False, True, False, False)])
thirdtest: ([(0, 1, 49530000000L, 2)], [(False, False, True, False)])
fourthtest: ([(0, 1, 51520000000L, 3)], [(False, False, False, True)])
fifthtest: ([(0, 1, 46890000000L, 0)], [(True, False, False, False)])
sixthtest: ([(0, 1, 47050000000L, 1)], [(False, True, False, False)])
seventhtest: ([(0, 1, 45500000000L, 2)], [(False, False, True, False)])
eighttest: ([(0, 1, 46680000000L, 3)], [(False, False, False, True)])
--------------------------------------------------------------------------------
0: 85.0 ['firsttest', 'fifthtest']
1: 85.0 ['secondtest', 'sixthtest']
2: 83.0 ['thirdtest', 'seventhtest']
3: 84.0 ['fourthtest', 'eighttest']
--------------------------------------------------------------------------------
firsttest: ([(0, 1, 49500000000L, 0)], [(True, False, False, False)])
secondtest: ([(0, 1, 48730000000L, 1)], [(False, True, False, False)])
thirdtest: ([(0, 1, 49930000000L, 2)], [(False, False, True, False)])
fourthtest: ([(0, 1, 51940000000L, 3)], [(False, False, False, True)])
fifthtest: ([(0, 1, 47300000000L, 0)], [(True, False, False, False)])
sixthtest: ([(0, 1, 47440000000L, 1)], [(False, True, False, False)])
seventhtest: ([(0, 1, 45900000000L, 2)], [(False, False, True, False)])
eighttest: ([(0, 1, 47090000000L, 3)], [(False, False, False, True)])
--------------------------------------------------------------------------------
0: 83.0 ['firsttest', 'fifthtest']
1: 79.0 ['secondtest', 'sixthtest']
2: 80.0 ['thirdtest', 'seventhtest']
3: 83.0 ['fourthtest', 'eighttest']
--------------------------------------------------------------------------------
firsttest: ([(0, 1, 49920000000L, 0)], [(True, False, False, False)])
secondtest: ([(0, 1, 49140000000L, 1)], [(False, True, False, False)])
thirdtest: ([(0, 1, 50340000000L, 2)], [(False, False, True, False)])
fourthtest: ([(0, 1, 52350000000L, 3)], [(False, False, False, True)])
fifthtest: ([(0, 1, 47730000000L, 0)], [(True, False, False, False)])
sixthtest: ([(0, 1, 47860000000L, 1)], [(False, True, False, False)])
seventhtest: ([(0, 1, 46310000000L, 2)], [(False, False, True, False)])
eighttest: ([(0, 1, 47510000000L, 3)], [(False, False, False, True)])
--------------------------------------------------------------------------------
0: 85.0 ['firsttest', 'fifthtest']
1: 83.0 ['secondtest', 'sixthtest']
2: 82.0 ['thirdtest', 'seventhtest']
3: 83.0 ['fourthtest', 'eighttest']
--------------------------------------------------------------------------------
firsttest: ([(0, 1, 50340000000L, 0)], [(True, False, False, False)])
secondtest: ([(0, 1, 49560000000L, 1)], [(False, True, False, False)])
thirdtest: ([(0, 1, 50760000000L, 2)], [(False, False, True, False)])
fourthtest: ([(0, 1, 52760000000L, 3)], [(False, False, False, True)])
fifthtest: ([(0, 1, 48150000000L, 0)], [(True, False, False, False)])
sixthtest: ([(0, 1, 48280000000L, 1)], [(False, True, False, False)])
seventhtest: ([(0, 1, 46730000000L, 2)], [(False, False, True, False)])
eighttest: ([(0, 1, 47930000000L, 3)], [(False, False, False, True)])
--------------------------------------------------------------------------------
0: 84.0 ['firsttest', 'fifthtest']
1: 84.0 ['secondtest', 'sixthtest']
2: 84.0 ['thirdtest', 'seventhtest']
3: 83.0 ['fourthtest', 'eighttest']
--------------------------------------------------------------------------------
firsttest: ([(0, 1, 50770000000L, 0)], [(True, False, False, False)])
secondtest: ([(0, 1, 49940000000L, 1)], [(False, True, False, False)])
thirdtest: ([(0, 1, 51160000000L, 2)], [(False, False, True, False)])
fourthtest: ([(0, 1, 53180000000L, 3)], [(False, False, False, True)])
fifthtest: ([(0, 1, 48570000000L, 0)], [(True, False, False, False)])
sixthtest: ([(0, 1, 48670000000L, 1)], [(False, True, False, False)])
seventhtest: ([(0, 1, 47140000000L, 2)], [(False, False, True, False)])
eighttest: ([(0, 1, 48340000000L, 3)], [(False, False, False, True)])
--------------------------------------------------------------------------------
0: 85.0 ['firsttest', 'fifthtest']
1: 77.0 ['secondtest', 'sixthtest']
2: 81.0 ['thirdtest', 'seventhtest']
3: 83.0 ['fourthtest', 'eighttest']
--------------------------------------------------------------------------------
firsttest: ([(0, 1, 51190000000L, 0)], [(True, False, False, False)])
secondtest: ([(0, 1, 50360000000L, 1)], [(False, True, False, False)])
thirdtest: ([(0, 1, 51570000000L, 2)], [(False, False, True, False)])
fourthtest: ([(0, 1, 53590000000L, 3)], [(False, False, False, True)])
fifthtest: ([(0, 1, 49000000000L, 0)], [(True, False, False, False)])
sixthtest: ([(0, 1, 49080000000L, 1)], [(False, True, False, False)])
seventhtest: ([(0, 1, 47540000000L, 2)], [(False, False, True, False)])
eighttest: ([(0, 1, 48750000000L, 3)], [(False, False, False, True)])
--------------------------------------------------------------------------------
0: 85.0 ['firsttest', 'fifthtest']
1: 83.0 ['secondtest', 'sixthtest']
2: 81.0 ['thirdtest', 'seventhtest']
3: 82.0 ['fourthtest', 'eighttest']
--------------------------------------------------------------------------------
firsttest: ([(0, 1, 51610000000L, 0)], [(True, False, False, False)])
secondtest: ([(0, 1, 50770000000L, 1)], [(False, True, False, False)])
thirdtest: ([(0, 1, 51990000000L, 2)], [(False, False, True, False)])
fourthtest: ([(0, 1, 54000000000L, 3)], [(False, False, False, True)])
fifthtest: ([(0, 1, 49420000000L, 0)], [(True, False, False, False)])
sixthtest: ([(0, 1, 49510000000L, 1)], [(False, True, False, False)])
seventhtest: ([(0, 1, 47960000000L, 2)], [(False, False, True, False)])
eighttest: ([(0, 1, 49160000000L, 3)], [(False, False, False, True)])
--------------------------------------------------------------------------------
0: 84.0 ['firsttest', 'fifthtest']
1: 84.0 ['secondtest', 'sixthtest']
2: 84.0 ['thirdtest', 'seventhtest']
3: 82.0 ['fourthtest', 'eighttest']
--------------------------------------------------------------------------------
firsttest: ([(0, 1, 52020000000L, 0)], [(True, False, False, False)])
secondtest: ([(0, 1, 51170000000L, 1)], [(False, True, False, False)])
thirdtest: ([(0, 1, 52380000000L, 2)], [(False, False, True, False)])
fourthtest: ([(0, 1, 54420000000L, 3)], [(False, False, False, True)])
fifthtest: ([(0, 1, 49830000000L, 0)], [(True, False, False, False)])
sixthtest: ([(0, 1, 49900000000L, 1)], [(False, True, False, False)])
seventhtest: ([(0, 1, 48350000000L, 2)], [(False, False, True, False)])
eighttest: ([(0, 1, 49570000000L, 3)], [(False, False, False, True)])
--------------------------------------------------------------------------------
0: 82.0 ['firsttest', 'fifthtest']
1: 79.0 ['secondtest', 'sixthtest']
2: 78.0 ['thirdtest', 'seventhtest']
3: 83.0 ['fourthtest', 'eighttest']
--------------------------------------------------------------------------------
firsttest: ([(0, 1, 52430000000L, 0)], [(True, False, False, False)])
secondtest: ([(0, 1, 51590000000L, 1)], [(False, True, False, False)])
thirdtest: ([(0, 1, 52800000000L, 2)], [(False, False, True, False)])
fourthtest: ([(0, 1, 54840000000L, 3)], [(False, False, False, True)])
fifthtest: ([(0, 1, 50240000000L, 0)], [(True, False, False, False)])
sixthtest: ([(0, 1, 50310000000L, 1)], [(False, True, False, False)])
seventhtest: ([(0, 1, 48770000000L, 2)], [(False, False, True, False)])
eighttest: ([(0, 1, 49990000000L, 3)], [(False, False, False, True)])
--------------------------------------------------------------------------------
0: 82.0 ['firsttest', 'fifthtest']
1: 83.0 ['secondtest', 'sixthtest']
2: 84.0 ['thirdtest', 'seventhtest']
3: 84.0 ['fourthtest', 'eighttest']
--------------------------------------------------------------------------------
firsttest: ([(0, 1, 52870000000L, 0)], [(True, False, False, False)])
secondtest: ([(0, 1, 52010000000L, 1)], [(False, True, False, False)])
thirdtest: ([(0, 1, 53230000000L, 2)], [(False, False, True, False)])
fourthtest: ([(0, 1, 55270000000L, 3)], [(False, False, False, True)])
fifthtest: ([(0, 1, 50680000000L, 0)], [(True, False, False, False)])
sixthtest: ([(0, 1, 50740000000L, 1)], [(False, True, False, False)])
seventhtest: ([(0, 1, 49200000000L, 2)], [(False, False, True, False)])
eighttest: ([(0, 1, 50430000000L, 3)], [(False, False, False, True)])
--------------------------------------------------------------------------------
0: 88.0 ['firsttest', 'fifthtest']
1: 85.0 ['secondtest', 'sixthtest']
2: 86.0 ['thirdtest', 'seventhtest']
3: 87.0 ['fourthtest', 'eighttest']
--------------------------------------------------------------------------------
firsttest: ([(0, 1, 53310000000L, 0)], [(True, False, False, False)])
secondtest: ([(0, 1, 52450000000L, 1)], [(False, True, False, False)])
thirdtest: ([(0, 1, 53670000000L, 2)], [(False, False, True, False)])
fourthtest: ([(0, 1, 55710000000L, 3)], [(False, False, False, True)])
fifthtest: ([(0, 1, 51120000000L, 0)], [(True, False, False, False)])
sixthtest: ([(0, 1, 51180000000L, 1)], [(False, True, False, False)])
seventhtest: ([(0, 1, 49650000000L, 2)], [(False, False, True, False)])
eighttest: ([(0, 1, 50870000000L, 3)], [(False, False, False, True)])
--------------------------------------------------------------------------------
0: 88.0 ['firsttest', 'fifthtest']
1: 88.0 ['secondtest', 'sixthtest']
2: 89.0 ['thirdtest', 'seventhtest']
3: 88.0 ['fourthtest', 'eighttest']
--------------------------------------------------------------------------------
firsttest: ([(0, 1, 53750000000L, 0)], [(True, False, False, False)])
secondtest: ([(0, 1, 52880000000L, 1)], [(False, True, False, False)])
thirdtest: ([(0, 1, 54110000000L, 2)], [(False, False, True, False)])
fourthtest: ([(0, 1, 56150000000L, 3)], [(False, False, False, True)])
fifthtest: ([(0, 1, 51560000000L, 0)], [(True, False, False, False)])
sixthtest: ([(0, 1, 51610000000L, 1)], [(False, True, False, False)])
seventhtest: ([(0, 1, 50080000000L, 2)], [(False, False, True, False)])
eighttest: ([(0, 1, 51310000000L, 3)], [(False, False, False, True)])
--------------------------------------------------------------------------------
0: 88.0 ['firsttest', 'fifthtest']
1: 86.0 ['secondtest', 'sixthtest']
2: 87.0 ['thirdtest', 'seventhtest']
3: 88.0 ['fourthtest', 'eighttest']
--------------------------------------------------------------------------------
firsttest: ([(0, 1, 54190000000L, 0)], [(True, False, False, False)])
secondtest: ([(0, 1, 53320000000L, 1)], [(False, True, False, False)])
thirdtest: ([(0, 1, 54540000000L, 2)], [(False, False, True, False)])
fourthtest: ([(0, 1, 56580000000L, 3)], [(False, False, False, True)])
fifthtest: ([(0, 1, 52000000000L, 0)], [(True, False, False, False)])
sixthtest: ([(0, 1, 52050000000L, 1)], [(False, True, False, False)])
seventhtest: ([(0, 1, 50500000000L, 2)], [(False, False, True, False)])
eighttest: ([(0, 1, 51750000000L, 3)], [(False, False, False, True)])
--------------------------------------------------------------------------------
0: 88.0 ['firsttest', 'fifthtest']
1: 88.0 ['secondtest', 'sixthtest']
2: 85.0 ['thirdtest', 'seventhtest']
3: 87.0 ['fourthtest', 'eighttest']
--------------------------------------------------------------------------------
firsttest: ([(0, 1, 54630000000L, 0)], [(True, False, False, False)])
secondtest: ([(0, 1, 53760000000L, 1)], [(False, True, False, False)])
thirdtest: ([(0, 1, 54970000000L, 2)], [(False, False, True, False)])
fourthtest: ([(0, 1, 57030000000L, 3)], [(False, False, False, True)])
fifthtest: ([(0, 1, 52430000000L, 0)], [(True, False, False, False)])
sixthtest: ([(0, 1, 52490000000L, 1)], [(False, True, False, False)])
seventhtest: ([(0, 1, 50940000000L, 2)], [(False, False, True, False)])
eighttest: ([(0, 1, 52190000000L, 3)], [(False, False, False, True)])
--------------------------------------------------------------------------------
0: 87.0 ['firsttest', 'fifthtest']
1: 88.0 ['secondtest', 'sixthtest']
2: 87.0 ['thirdtest', 'seventhtest']
3: 89.0 ['fourthtest', 'eighttest']
--------------------------------------------------------------------------------
firsttest: ([(0, 1, 55060000000L, 0)], [(True, False, False, False)])
secondtest: ([(0, 1, 54180000000L, 1)], [(False, True, False, False)])
thirdtest: ([(0, 1, 55410000000L, 2)], [(False, False, True, False)])
fourthtest: ([(0, 1, 57460000000L, 3)], [(False, False, False, True)])
fifthtest: ([(0, 1, 52870000000L, 0)], [(True, False, False, False)])
sixthtest: ([(0, 1, 52910000000L, 1)], [(False, True, False, False)])
seventhtest: ([(0, 1, 51380000000L, 2)], [(False, False, True, False)])
eighttest: ([(0, 1, 52630000000L, 3)], [(False, False, False, True)])
--------------------------------------------------------------------------------
0: 87.0 ['firsttest', 'fifthtest']
1: 84.0 ['secondtest', 'sixthtest']
2: 88.0 ['thirdtest', 'seventhtest']
3: 87.0 ['fourthtest', 'eighttest']
--------------------------------------------------------------------------------
firsttest: ([(0, 1, 55470000000L, 0)], [(True, False, False, False)])
secondtest: ([(0, 1, 54580000000L, 1)], [(False, True, False, False)])
thirdtest: ([(0, 1, 55820000000L, 2)], [(False, False, True, False)])
fourthtest: ([(0, 1, 57870000000L, 3)], [(False, False, False, True)])
fifthtest: ([(0, 1, 53280000000L, 0)], [(True, False, False, False)])
sixthtest: ([(0, 1, 53310000000L, 1)], [(False, True, False, False)])
seventhtest: ([(0, 1, 51800000000L, 2)], [(False, False, True, False)])
eighttest: ([(0, 1, 53030000000L, 3)], [(False, False, False, True)])
--------------------------------------------------------------------------------
0: 82.0 ['firsttest', 'fifthtest']
1: 80.0 ['secondtest', 'sixthtest']
2: 83.0 ['thirdtest', 'seventhtest']
3: 81.0 ['fourthtest', 'eighttest']
--------------------------------------------------------------------------------
firsttest: ([(0, 1, 55890000000L, 0)], [(True, False, False, False)])
secondtest: ([(0, 1, 54990000000L, 1)], [(False, True, False, False)])
thirdtest: ([(0, 1, 56240000000L, 2)], [(False, False, True, False)])
fourthtest: ([(0, 1, 58270000000L, 3)], [(False, False, False, True)])
fifthtest: ([(0, 1, 53690000000L, 0)], [(True, False, False, False)])
sixthtest: ([(0, 1, 53720000000L, 1)], [(False, True, False, False)])
seventhtest: ([(0, 1, 52220000000L, 2)], [(False, False, True, False)])
eighttest: ([(0, 1, 53420000000L, 3)], [(False, False, False, True)])
--------------------------------------------------------------------------------
0: 83.0 ['firsttest', 'fifthtest']
1: 82.0 ['secondtest', 'sixthtest']
2: 84.0 ['thirdtest', 'seventhtest']
3: 79.0 ['fourthtest', 'eighttest']
--------------------------------------------------------------------------------
firsttest: ([(0, 1, 56330000000L, 0)], [(True, False, False, False)])
secondtest: ([(0, 1, 55430000000L, 1)], [(False, True, False, False)])
thirdtest: ([(0, 1, 56660000000L, 2)], [(False, False, True, False)])
fourthtest: ([(0, 1, 58690000000L, 3)], [(False, False, False, True)])
fifthtest: ([(0, 1, 54130000000L, 0)], [(True, False, False, False)])
sixthtest: ([(0, 1, 54160000000L, 1)], [(False, True, False, False)])
seventhtest: ([(0, 1, 52630000000L, 2)], [(False, False, True, False)])
eighttest: ([(0, 1, 53850000000L, 3)], [(False, False, False, True)])
--------------------------------------------------------------------------------
0: 88.0 ['firsttest', 'fifthtest']
1: 88.0 ['secondtest', 'sixthtest']
2: 83.0 ['thirdtest', 'seventhtest']
3: 85.0 ['fourthtest', 'eighttest']
--------------------------------------------------------------------------------
firsttest: ([(0, 1, 56760000000L, 0)], [(True, False, False, False)])
secondtest: ([(0, 1, 55840000000L, 1)], [(False, True, False, False)])
thirdtest: ([(0, 1, 57050000000L, 2)], [(False, False, True, False)])
fourthtest: ([(0, 1, 59090000000L, 3)], [(False, False, False, True)])
fifthtest: ([(0, 1, 54560000000L, 0)], [(True, False, False, False)])
sixthtest: ([(0, 1, 54570000000L, 1)], [(False, True, False, False)])
seventhtest: ([(0, 1, 53030000000L, 2)], [(False, False, True, False)])
eighttest: ([(0, 1, 54250000000L, 3)], [(False, False, False, True)])
--------------------------------------------------------------------------------
0: 86.0 ['firsttest', 'fifthtest']
1: 82.0 ['secondtest', 'sixthtest']
2: 79.0 ['thirdtest', 'seventhtest']
3: 80.0 ['fourthtest', 'eighttest']
--------------------------------------------------------------------------------
firsttest: ([(0, 1, 57180000000L, 0)], [(True, False, False, False)])
secondtest: ([(0, 1, 56260000000L, 1)], [(False, True, False, False)])
thirdtest: ([(0, 1, 57470000000L, 2)], [(False, False, True, False)])
fourthtest: ([(0, 1, 59500000000L, 3)], [(False, False, False, True)])
fifthtest: ([(0, 1, 54980000000L, 0)], [(True, False, False, False)])
sixthtest: ([(0, 1, 55000000000L, 1)], [(False, True, False, False)])
seventhtest: ([(0, 1, 53440000000L, 2)], [(False, False, True, False)])
eighttest: ([(0, 1, 54660000000L, 3)], [(False, False, False, True)])
--------------------------------------------------------------------------------
0: 84.0 ['firsttest', 'fifthtest']
1: 85.0 ['secondtest', 'sixthtest']
2: 83.0 ['thirdtest', 'seventhtest']
3: 82.0 ['fourthtest', 'eighttest']
--------------------------------------------------------------------------------
firsttest: ([(0, 1, 57680000000L, 0)], [(True, False, False, False)])
secondtest: ([(0, 1, 56600000000L, 1)], [(False, True, False, False)])
thirdtest: ([(0, 1, 57760000000L, 2)], [(False, False, True, False)])
fourthtest: ([(0, 1, 60000000000L, 3)], [(False, False, False, True)])
fifthtest: ([(0, 1, 55330000000L, 0)], [(True, False, False, False)])
sixthtest: ([(0, 1, 55490000000L, 1)], [(False, True, False, False)])
seventhtest: ([(0, 1, 53740000000L, 2)], [(False, False, True, False)])
eighttest: ([(0, 1, 54990000000L, 3)], [(False, False, False, True)])
--------------------------------------------------------------------------------
0: 85.0 ['firsttest', 'fifthtest']
1: 83.0 ['secondtest', 'sixthtest']
2: 59.0 ['thirdtest', 'seventhtest']
3: 83.0 ['fourthtest', 'eighttest']
--------------------------------------------------------------------------------
firsttest: ([(0, 1, 58100000000L, 0)], [(True, False, False, False)])
secondtest: ([(0, 1, 57020000000L, 1)], [(False, True, False, False)])
thirdtest: ([(0, 1, 58170000000L, 2)], [(False, False, True, False)])
fourthtest: ([(0, 1, 60410000000L, 3)], [(False, False, False, True)])
fifthtest: ([(0, 1, 55750000000L, 0)], [(True, False, False, False)])
sixthtest: ([(0, 1, 55900000000L, 1)], [(False, True, False, False)])
seventhtest: ([(0, 1, 54130000000L, 2)], [(False, False, True, False)])
eighttest: ([(0, 1, 55400000000L, 3)], [(False, False, False, True)])
--------------------------------------------------------------------------------
0: 84.0 ['firsttest', 'fifthtest']
1: 83.0 ['secondtest', 'sixthtest']
2: 80.0 ['thirdtest', 'seventhtest']
3: 82.0 ['fourthtest', 'eighttest']
--------------------------------------------------------------------------------
firsttest: ([(0, 1, 58510000000L, 0)], [(True, False, False, False)])
secondtest: ([(0, 1, 57420000000L, 1)], [(False, True, False, False)])
thirdtest: ([(0, 1, 58580000000L, 2)], [(False, False, True, False)])
fourthtest: ([(0, 1, 60810000000L, 3)], [(False, False, False, True)])
fifthtest: ([(0, 1, 56160000000L, 0)], [(True, False, False, False)])
sixthtest: ([(0, 1, 56320000000L, 1)], [(False, True, False, False)])
seventhtest: ([(0, 1, 54550000000L, 2)], [(False, False, True, False)])
eighttest: ([(0, 1, 55800000000L, 3)], [(False, False, False, True)])
--------------------------------------------------------------------------------
0: 82.0 ['firsttest', 'fifthtest']
1: 82.0 ['secondtest', 'sixthtest']
2: 83.0 ['thirdtest', 'seventhtest']
3: 80.0 ['fourthtest', 'eighttest']
--------------------------------------------------------------------------------
firsttest: ([(0, 1, 58920000000L, 0)], [(True, False, False, False)])
secondtest: ([(0, 1, 57840000000L, 1)], [(False, True, False, False)])
thirdtest: ([(0, 1, 58980000000L, 2)], [(False, False, True, False)])
fourthtest: ([(0, 1, 61210000000L, 3)], [(False, False, False, True)])
fifthtest: ([(0, 1, 56570000000L, 0)], [(True, False, False, False)])
sixthtest: ([(0, 1, 56730000000L, 1)], [(False, True, False, False)])
seventhtest: ([(0, 1, 54960000000L, 2)], [(False, False, True, False)])
eighttest: ([(0, 1, 56210000000L, 3)], [(False, False, False, True)])
--------------------------------------------------------------------------------
0: 82.0 ['firsttest', 'fifthtest']
1: 83.0 ['secondtest', 'sixthtest']
2: 81.0 ['thirdtest', 'seventhtest']
3: 81.0 ['fourthtest', 'eighttest']
--------------------------------------------------------------------------------
firsttest: ([(0, 1, 59340000000L, 0)], [(True, False, False, False)])
secondtest: ([(0, 1, 58260000000L, 1)], [(False, True, False, False)])
thirdtest: ([(0, 1, 59400000000L, 2)], [(False, False, True, False)])
fourthtest: ([(0, 1, 61630000000L, 3)], [(False, False, False, True)])
fifthtest: ([(0, 1, 56990000000L, 0)], [(True, False, False, False)])
sixthtest: ([(0, 1, 57140000000L, 1)], [(False, True, False, False)])
seventhtest: ([(0, 1, 55370000000L, 2)], [(False, False, True, False)])
eighttest: ([(0, 1, 56620000000L, 3)], [(False, False, False, True)])
--------------------------------------------------------------------------------
0: 84.0 ['firsttest', 'fifthtest']
1: 83.0 ['secondtest', 'sixthtest']
2: 83.0 ['thirdtest', 'seventhtest']
3: 83.0 ['fourthtest', 'eighttest']
--------------------------------------------------------------------------------
firsttest: ([(0, 1, 59750000000L, 0)], [(True, False, False, False)])
secondtest: ([(0, 1, 58670000000L, 1)], [(False, True, False, False)])
thirdtest: ([(0, 1, 59820000000L, 2)], [(False, False, True, False)])
fourthtest: ([(0, 1, 62040000000L, 3)], [(False, False, False, True)])
fifthtest: ([(0, 1, 57400000000L, 0)], [(True, False, False, False)])
sixthtest: ([(0, 1, 57550000000L, 1)], [(False, True, False, False)])
seventhtest: ([(0, 1, 55780000000L, 2)], [(False, False, True, False)])
eighttest: ([(0, 1, 57030000000L, 3)], [(False, False, False, True)])
--------------------------------------------------------------------------------
0: 82.0 ['firsttest', 'fifthtest']
1: 82.0 ['secondtest', 'sixthtest']
2: 83.0 ['thirdtest', 'seventhtest']
3: 82.0 ['fourthtest', 'eighttest']
--------------------------------------------------------------------------------
firsttest: ([(0, 1, 60160000000L, 0)], [(True, False, False, False)])
secondtest: ([(0, 1, 59070000000L, 1)], [(False, True, False, False)])
thirdtest: ([(0, 1, 60220000000L, 2)], [(False, False, True, False)])
fourthtest: ([(0, 1, 62440000000L, 3)], [(False, False, False, True)])
fifthtest: ([(0, 1, 57810000000L, 0)], [(True, False, False, False)])
sixthtest: ([(0, 1, 57960000000L, 1)], [(False, True, False, False)])
seventhtest: ([(0, 1, 56190000000L, 2)], [(False, False, True, False)])
eighttest: ([(0, 1, 57430000000L, 3)], [(False, False, False, True)])
--------------------------------------------------------------------------------
0: 82.0 ['firsttest', 'fifthtest']
1: 81.0 ['secondtest', 'sixthtest']
2: 81.0 ['thirdtest', 'seventhtest']
3: 80.0 ['fourthtest', 'eighttest']
--------------------------------------------------------------------------------
firsttest: ([(0, 1, 60580000000L, 0)], [(True, False, False, False)])
secondtest: ([(0, 1, 59490000000L, 1)], [(False, True, False, False)])
thirdtest: ([(0, 1, 60630000000L, 2)], [(False, False, True, False)])
fourthtest: ([(0, 1, 62840000000L, 3)], [(False, False, False, True)])
fifthtest: ([(0, 1, 58220000000L, 0)], [(True, False, False, False)])
sixthtest: ([(0, 1, 58380000000L, 1)], [(False, True, False, False)])
seventhtest: ([(0, 1, 56600000000L, 2)], [(False, False, True, False)])
eighttest: ([(0, 1, 57840000000L, 3)], [(False, False, False, True)])
--------------------------------------------------------------------------------
0: 83.0 ['firsttest', 'fifthtest']
1: 84.0 ['secondtest', 'sixthtest']
2: 82.0 ['thirdtest', 'seventhtest']
3: 81.0 ['fourthtest', 'eighttest']
--------------------------------------------------------------------------------
firsttest: ([(0, 1, 60990000000L, 0)], [(True, False, False, False)])
secondtest: ([(0, 1, 59890000000L, 1)], [(False, True, False, False)])
thirdtest: ([(0, 1, 61050000000L, 2)], [(False, False, True, False)])
fourthtest: ([(0, 1, 63250000000L, 3)], [(False, False, False, True)])
fifthtest: ([(0, 1, 58630000000L, 0)], [(True, False, False, False)])
sixthtest: ([(0, 1, 58780000000L, 1)], [(False, True, False, False)])
seventhtest: ([(0, 1, 57020000000L, 2)], [(False, False, True, False)])
eighttest: ([(0, 1, 58250000000L, 3)], [(False, False, False, True)])
--------------------------------------------------------------------------------
0: 82.0 ['firsttest', 'fifthtest']
1: 80.0 ['secondtest', 'sixthtest']
2: 84.0 ['thirdtest', 'seventhtest']
3: 82.0 ['fourthtest', 'eighttest']
--------------------------------------------------------------------------------
firsttest: ([(0, 1, 61400000000L, 0)], [(True, False, False, False)])
secondtest: ([(0, 1, 60300000000L, 1)], [(False, True, False, False)])
thirdtest: ([(0, 1, 61460000000L, 2)], [(False, False, True, False)])
fourthtest: ([(0, 1, 63660000000L, 3)], [(False, False, False, True)])
fifthtest: ([(0, 1, 59050000000L, 0)], [(True, False, False, False)])
sixthtest: ([(0, 1, 59190000000L, 1)], [(False, True, False, False)])
seventhtest: ([(0, 1, 57430000000L, 2)], [(False, False, True, False)])
eighttest: ([(0, 1, 58660000000L, 3)], [(False, False, False, True)])
--------------------------------------------------------------------------------
0: 83.0 ['firsttest', 'fifthtest']
1: 82.0 ['secondtest', 'sixthtest']
2: 82.0 ['thirdtest', 'seventhtest']
3: 82.0 ['fourthtest', 'eighttest']
--------------------------------------------------------------------------------
firsttest: ([(0, 1, 61820000000L, 0)], [(True, False, False, False)])
secondtest: ([(0, 1, 60710000000L, 1)], [(False, True, False, False)])
thirdtest: ([(0, 1, 61880000000L, 2)], [(False, False, True, False)])
fourthtest: ([(0, 1, 64070000000L, 3)], [(False, False, False, True)])
fifthtest: ([(0, 1, 59460000000L, 0)], [(True, False, False, False)])
sixthtest: ([(0, 1, 59610000000L, 1)], [(False, True, False, False)])
seventhtest: ([(0, 1, 57850000000L, 2)], [(False, False, True, False)])
eighttest: ([(0, 1, 59070000000L, 3)], [(False, False, False, True)])
--------------------------------------------------------------------------------
0: 83.0 ['firsttest', 'fifthtest']
1: 83.0 ['secondtest', 'sixthtest']
2: 84.0 ['thirdtest', 'seventhtest']
3: 82.0 ['fourthtest', 'eighttest']
--------------------------------------------------------------------------------
firsttest: ([(0, 1, 62240000000L, 0)], [(True, False, False, False)])
secondtest: ([(0, 1, 61120000000L, 1)], [(False, True, False, False)])
thirdtest: ([(0, 1, 62300000000L, 2)], [(False, False, True, False)])
fourthtest: ([(0, 1, 64500000000L, 3)], [(False, False, False, True)])
fifthtest: ([(0, 1, 59880000000L, 0)], [(True, False, False, False)])
sixthtest: ([(0, 1, 60010000000L, 1)], [(False, True, False, False)])
seventhtest: ([(0, 1, 58280000000L, 2)], [(False, False, True, False)])
eighttest: ([(0, 1, 59490000000L, 3)], [(False, False, False, True)])
--------------------------------------------------------------------------------
0: 84.0 ['firsttest', 'fifthtest']
1: 81.0 ['secondtest', 'sixthtest']
2: 85.0 ['thirdtest', 'seventhtest']
3: 85.0 ['fourthtest', 'eighttest']
--------------------------------------------------------------------------------
firsttest: ([(0, 1, 62660000000L, 0)], [(True, False, False, False)])
secondtest: ([(0, 1, 61540000000L, 1)], [(False, True, False, False)])
thirdtest: ([(0, 1, 62720000000L, 2)], [(False, False, True, False)])
fourthtest: ([(0, 1, 64920000000L, 3)], [(False, False, False, True)])
fifthtest: ([(0, 1, 60310000000L, 0)], [(True, False, False, False)])
sixthtest: ([(0, 1, 60420000000L, 1)], [(False, True, False, False)])
seventhtest: ([(0, 1, 58690000000L, 2)], [(False, False, True, False)])
eighttest: ([(0, 1, 59920000000L, 3)], [(False, False, False, True)])
--------------------------------------------------------------------------------
0: 85.0 ['firsttest', 'fifthtest']
1: 83.0 ['secondtest', 'sixthtest']
2: 83.0 ['thirdtest', 'seventhtest']
3: 85.0 ['fourthtest', 'eighttest']
--------------------------------------------------------------------------------
firsttest: ([(0, 1, 63070000000L, 0)], [(True, False, False, False)])
secondtest: ([(0, 1, 61950000000L, 1)], [(False, True, False, False)])
thirdtest: ([(0, 1, 63140000000L, 2)], [(False, False, True, False)])
fourthtest: ([(0, 1, 65330000000L, 3)], [(False, False, False, True)])
fifthtest: ([(0, 1, 60720000000L, 0)], [(True, False, False, False)])
sixthtest: ([(0, 1, 60830000000L, 1)], [(False, True, False, False)])
seventhtest: ([(0, 1, 59110000000L, 2)], [(False, False, True, False)])
eighttest: ([(0, 1, 60330000000L, 3)], [(False, False, False, True)])
--------------------------------------------------------------------------------
0: 82.0 ['firsttest', 'fifthtest']
1: 82.0 ['secondtest', 'sixthtest']
2: 84.0 ['thirdtest', 'seventhtest']
3: 82.0 ['fourthtest', 'eighttest']
--------------------------------------------------------------------------------
firsttest: ([(0, 1, 63490000000L, 0)], [(True, False, False, False)])
secondtest: ([(0, 1, 62360000000L, 1)], [(False, True, False, False)])
thirdtest: ([(0, 1, 63560000000L, 2)], [(False, False, True, False)])
fourthtest: ([(0, 1, 65750000000L, 3)], [(False, False, False, True)])
fifthtest: ([(0, 1, 61130000000L, 0)], [(True, False, False, False)])
sixthtest: ([(0, 1, 61250000000L, 1)], [(False, True, False, False)])
seventhtest: ([(0, 1, 59530000000L, 2)], [(False, False, True, False)])
eighttest: ([(0, 1, 60760000000L, 3)], [(False, False, False, True)])
--------------------------------------------------------------------------------
0: 83.0 ['firsttest', 'fifthtest']
1: 83.0 ['secondtest', 'sixthtest']
2: 84.0 ['thirdtest', 'seventhtest']
3: 85.0 ['fourthtest', 'eighttest']
--------------------------------------------------------------------------------
firsttest: ([(0, 1, 63910000000L, 0)], [(True, False, False, False)])
secondtest: ([(0, 1, 62770000000L, 1)], [(False, True, False, False)])
thirdtest: ([(0, 1, 63970000000L, 2)], [(False, False, True, False)])
fourthtest: ([(0, 1, 66170000000L, 3)], [(False, False, False, True)])
fifthtest: ([(0, 1, 61550000000L, 0)], [(True, False, False, False)])
sixthtest: ([(0, 1, 61650000000L, 1)], [(False, True, False, False)])
seventhtest: ([(0, 1, 59940000000L, 2)], [(False, False, True, False)])
eighttest: ([(0, 1, 61170000000L, 3)], [(False, False, False, True)])
--------------------------------------------------------------------------------
0: 84.0 ['firsttest', 'fifthtest']
1: 81.0 ['secondtest', 'sixthtest']
2: 82.0 ['thirdtest', 'seventhtest']
3: 83.0 ['fourthtest', 'eighttest']
--------------------------------------------------------------------------------
firsttest: ([(0, 1, 64330000000L, 0)], [(True, False, False, False)])
secondtest: ([(0, 1, 63180000000L, 1)], [(False, True, False, False)])
thirdtest: ([(0, 1, 64400000000L, 2)], [(False, False, True, False)])
fourthtest: ([(0, 1, 66600000000L, 3)], [(False, False, False, True)])
fifthtest: ([(0, 1, 61980000000L, 0)], [(True, False, False, False)])
sixthtest: ([(0, 1, 62070000000L, 1)], [(False, True, False, False)])
seventhtest: ([(0, 1, 60370000000L, 2)], [(False, False, True, False)])
eighttest: ([(0, 1, 61590000000L, 3)], [(False, False, False, True)])
--------------------------------------------------------------------------------
0: 85.0 ['firsttest', 'fifthtest']
1: 83.0 ['secondtest', 'sixthtest']
2: 86.0 ['thirdtest', 'seventhtest']
3: 85.0 ['fourthtest', 'eighttest']
--------------------------------------------------------------------------------
firsttest: ([(0, 1, 64760000000L, 0)], [(True, False, False, False)])
secondtest: ([(0, 1, 63580000000L, 1)], [(False, True, False, False)])
thirdtest: ([(0, 1, 64830000000L, 2)], [(False, False, True, False)])
fourthtest: ([(0, 1, 67020000000L, 3)], [(False, False, False, True)])
fifthtest: ([(0, 1, 62400000000L, 0)], [(True, False, False, False)])
sixthtest: ([(0, 1, 62480000000L, 1)], [(False, True, False, False)])
seventhtest: ([(0, 1, 60800000000L, 2)], [(False, False, True, False)])
eighttest: ([(0, 1, 62020000000L, 3)], [(False, False, False, True)])
--------------------------------------------------------------------------------
0: 85.0 ['firsttest', 'fifthtest']
1: 81.0 ['secondtest', 'sixthtest']
2: 86.0 ['thirdtest', 'seventhtest']
3: 85.0 ['fourthtest', 'eighttest']
--------------------------------------------------------------------------------
firsttest: ([(0, 1, 65170000000L, 0)], [(True, False, False, False)])
secondtest: ([(0, 1, 64000000000L, 1)], [(False, True, False, False)])
thirdtest: ([(0, 1, 65250000000L, 2)], [(False, False, True, False)])
fourthtest: ([(0, 1, 67440000000L, 3)], [(False, False, False, True)])
fifthtest: ([(0, 1, 62820000000L, 0)], [(True, False, False, False)])
sixthtest: ([(0, 1, 62880000000L, 1)], [(False, True, False, False)])
seventhtest: ([(0, 1, 61220000000L, 2)], [(False, False, True, False)])
eighttest: ([(0, 1, 62440000000L, 3)], [(False, False, False, True)])
--------------------------------------------------------------------------------
0: 83.0 ['firsttest', 'fifthtest']
1: 82.0 ['secondtest', 'sixthtest']
2: 84.0 ['thirdtest', 'seventhtest']
3: 84.0 ['fourthtest', 'eighttest']
--------------------------------------------------------------------------------
firsttest: ([(0, 1, 65600000000L, 0)], [(True, False, False, False)])
secondtest: ([(0, 1, 64360000000L, 1)], [(False, True, False, False)])
thirdtest: ([(0, 1, 65670000000L, 2)], [(False, False, True, False)])
fourthtest: ([(0, 1, 67870000000L, 3)], [(False, False, False, True)])
fifthtest: ([(0, 1, 63250000000L, 0)], [(True, False, False, False)])
sixthtest: ([(0, 1, 63240000000L, 1)], [(False, True, False, False)])
seventhtest: ([(0, 1, 61650000000L, 2)], [(False, False, True, False)])
eighttest: ([(0, 1, 62860000000L, 3)], [(False, False, False, True)])
--------------------------------------------------------------------------------
0: 86.0 ['firsttest', 'fifthtest']
1: 72.0 ['secondtest', 'sixthtest']
2: 85.0 ['thirdtest', 'seventhtest']
3: 85.0 ['fourthtest', 'eighttest']
--------------------------------------------------------------------------------
firsttest: ([(0, 1, 66020000000L, 0)], [(True, False, False, False)])
secondtest: ([(0, 1, 64760000000L, 1)], [(False, True, False, False)])
thirdtest: ([(0, 1, 66100000000L, 2)], [(False, False, True, False)])
fourthtest: ([(0, 1, 68290000000L, 3)], [(False, False, False, True)])
fifthtest: ([(0, 1, 63670000000L, 0)], [(True, False, False, False)])
sixthtest: ([(0, 1, 63640000000L, 1)], [(False, True, False, False)])
seventhtest: ([(0, 1, 62060000000L, 2)], [(False, False, True, False)])
eighttest: ([(0, 1, 63290000000L, 3)], [(False, False, False, True)])
--------------------------------------------------------------------------------
0: 84.0 ['firsttest', 'fifthtest']
1: 80.0 ['secondtest', 'sixthtest']
2: 84.0 ['thirdtest', 'seventhtest']
3: 85.0 ['fourthtest', 'eighttest']
--------------------------------------------------------------------------------
firsttest: ([(0, 1, 66440000000L, 0)], [(True, False, False, False)])
secondtest: ([(0, 1, 65140000000L, 1)], [(False, True, False, False)])
thirdtest: ([(0, 1, 66490000000L, 2)], [(False, False, True, False)])
fourthtest: ([(0, 1, 68700000000L, 3)], [(False, False, False, True)])
fifthtest: ([(0, 1, 64090000000L, 0)], [(True, False, False, False)])
sixthtest: ([(0, 1, 64040000000L, 1)], [(False, True, False, False)])
seventhtest: ([(0, 1, 62450000000L, 2)], [(False, False, True, False)])
eighttest: ([(0, 1, 63700000000L, 3)], [(False, False, False, True)])
--------------------------------------------------------------------------------
0: 84.0 ['firsttest', 'fifthtest']
1: 78.0 ['secondtest', 'sixthtest']
2: 78.0 ['thirdtest', 'seventhtest']
3: 82.0 ['fourthtest', 'eighttest']
--------------------------------------------------------------------------------
^CTraceback (most recent call last):
  File "monitor.py", line 72, in <module>
    s.run()
  File "/usr/lib/python2.7/sched.py", line 111, in run
    delayfunc(time - now)
KeyboardInterrupt
]0;havishchennamraj@ubuntu: ~/AOS/Vcpu-Scheduler-and-Memory-Coordinator/cs6210Project1_test/test/cpu[01;32mhavishchennamraj@ubuntu[00m:[01;34m~/AOS/Vcpu-Scheduler-and-Memory-Coordinator/cs6210Project1_test/test/cpu[00m$ exir
No command 'exir' found, did you mean:
 Command 'expr' from package 'coreutils' (main)
 Command 'exim' from package 'exim4-daemon-light' (main)
 Command 'exim' from package 'exim4-daemon-heavy' (main)
 Command 'exif' from package 'exif' (universe)
exir: command not found
]0;havishchennamraj@ubuntu: ~/AOS/Vcpu-Scheduler-and-Memory-Coordinator/cs6210Project1_test/test/cpu[01;32mhavishchennamraj@ubuntu[00m:[01;34m~/AOS/Vcpu-Scheduler-and-Memory-Coordinator/cs6210Project1_test/test/cpu[00m$ exit
exit

Script done on Sat 29 Sep 2018 11:54:13 AM PDT
